Log file open, 05/18/19 12:36:32
LogWindows: Failed to load 'aqProf.dll' (GetLastError=126)
LogWindows: File 'aqProf.dll' does not exist
LogWindows: Failed to load 'VtuneApi.dll' (GetLastError=126)
LogWindows: File 'VtuneApi.dll' does not exist
LogWindows: Failed to load 'VtuneApi32e.dll' (GetLastError=126)
LogWindows: File 'VtuneApi32e.dll' does not exist
LogConsoleResponse: Display: Failed to find resolution value strings in scalability ini. Falling back to default.
LogInit: Display: Running engine for game: Crossy_road
LogPakFile: Registered encryption key '00000000000000000000000000000000': 0 pak files mounted, 0 remain pending
LogPlatformFile: Not using cached read wrapper
LogTaskGraph: Started task graph with 5 named threads and 11 total threads with 3 sets of task threads.
LogStats: Stats thread started at 0.203748
LogD3D11RHI: Loaded GFSDK_Aftermath_Lib.x64.dll
LogICUInternationalization: ICU TimeZone Detection - Raw Offset: -8:00, Platform Override: ''
LogPluginManager: Mounting plugin Paper2D
LogPluginManager: Mounting plugin AISupport
LogPluginManager: Mounting plugin LightPropagationVolume
LogPluginManager: Mounting plugin ActorLayerUtilities
LogPluginManager: Mounting plugin CLionSourceCodeAccess
LogPluginManager: Mounting plugin CodeLiteSourceCodeAccess
LogPluginManager: Mounting plugin GitSourceControl
LogPluginManager: Mounting plugin KDevelopSourceCodeAccess
LogPluginManager: Mounting plugin NullSourceCodeAccess
LogPluginManager: Mounting plugin PerforceSourceControl
LogPluginManager: Mounting plugin SubversionSourceControl
LogPluginManager: Mounting plugin UObjectPlugin
LogPluginManager: Mounting plugin VisualStudioCodeSourceCodeAccess
LogPluginManager: Mounting plugin VisualStudioSourceCodeAccess
LogPluginManager: Mounting plugin XCodeSourceCodeAccess
LogPluginManager: Mounting plugin AssetManagerEditor
LogPluginManager: Mounting plugin CryptoKeys
LogPluginManager: Mounting plugin DataValidation
LogPluginManager: Mounting plugin EditorScriptingUtilities
LogPluginManager: Mounting plugin FacialAnimation
LogPluginManager: Mounting plugin GameplayTagsEditor
LogPluginManager: Mounting plugin MacGraphicsSwitching
LogPluginManager: Mounting plugin MeshEditor
LogPluginManager: Mounting plugin MobileLauncherProfileWizard
LogPluginManager: Mounting plugin PluginBrowser
LogPluginManager: Mounting plugin SpeedTreeImporter
LogPluginManager: Mounting plugin DatasmithContent
LogPluginManager: Mounting plugin VariantManagerContent
LogPluginManager: Mounting plugin AlembicImporter
LogPluginManager: Mounting plugin AppleImageUtils
LogPluginManager: Mounting plugin AppleVision
LogPluginManager: Mounting plugin BackChannel
LogPluginManager: Mounting plugin CharacterAI
LogPluginManager: Mounting plugin GeometryCache
LogPluginManager: Mounting plugin HTML5Networking
LogPluginManager: Mounting plugin ProxyLODPlugin
LogPluginManager: Mounting plugin MagicLeap
LogPluginManager: Mounting plugin MagicLeapMedia
LogPluginManager: Mounting plugin AndroidMedia
LogPluginManager: Mounting plugin AvfMedia
LogPluginManager: Mounting plugin ImgMedia
LogPluginManager: Mounting plugin LinearTimecode
LogPluginManager: Mounting plugin MediaCompositing
LogPluginManager: Mounting plugin MediaPlayerEditor
LogPluginManager: Mounting plugin WebMMedia
LogPluginManager: Mounting plugin WmfMedia
LogPluginManager: Mounting plugin TcpMessaging
LogPluginManager: Mounting plugin UdpMessaging
LogPluginManager: Mounting plugin ActorSequence
LogPluginManager: Mounting plugin LevelSequenceEditor
LogPluginManager: Mounting plugin MatineeToLevelSequence
LogPluginManager: Mounting plugin NetcodeUnitTest
LogPluginManager: Mounting plugin NUTUnrealEngine4
LogPluginManager: Mounting plugin OnlineSubsystemGooglePlay
LogPluginManager: Mounting plugin OnlineSubsystemIOS
LogPluginManager: Mounting plugin OnlineSubsystem
LogPluginManager: Mounting plugin OnlineSubsystemNull
LogPluginManager: Mounting plugin OnlineSubsystemUtils
LogPluginManager: Mounting plugin LauncherChunkInstaller
LogPluginManager: Mounting plugin AndroidDeviceProfileSelector
LogPluginManager: Mounting plugin AndroidMoviePlayer
LogPluginManager: Mounting plugin AndroidPermission
LogPluginManager: Mounting plugin AppleMoviePlayer
LogPluginManager: Mounting plugin ArchVisCharacter
LogPluginManager: Mounting plugin AudioCapture
LogPluginManager: Mounting plugin CableComponent
LogPluginManager: Mounting plugin CustomMeshComponent
LogPluginManager: Mounting plugin EditableMesh
LogPluginManager: Mounting plugin ExampleDeviceProfileSelector
LogPluginManager: Mounting plugin Firebase
LogPluginManager: Mounting plugin GoogleCloudMessaging
LogPluginManager: Mounting plugin IOSDeviceProfileSelector
LogPluginManager: Mounting plugin LinuxDeviceProfileSelector
LogPluginManager: Mounting plugin LocationServicesBPLibrary
LogPluginManager: Mounting plugin MobilePatchingUtils
LogPluginManager: Mounting plugin OculusVR
LogPluginManager: Mounting plugin PhysXVehicles
LogPluginManager: Mounting plugin ProceduralMeshComponent
LogPluginManager: Mounting plugin RuntimePhysXCooking
LogPluginManager: Mounting plugin SteamVR
LogPluginManager: Mounting plugin WebMMoviePlayer
LogPluginManager: Mounting plugin WindowsMoviePlayer
LogPluginManager: Mounting plugin DatasmithCADImporter
LogPluginManager: Mounting plugin DatasmithFBXImporter
LogPluginManager: Mounting plugin DatasmithImporter
LogPluginManager: Mounting plugin MDLImporter
LogPluginManager: Mounting plugin StaticMeshEditorExtension
LogPluginManager: Mounting plugin VariantManager
LogStreaming: Display: Took  0.334s to configure plugins.
LogInit: Using libcurl 7.55.1-DEV
LogInit:  - built for x86_64-pc-win32
LogInit:  - supports SSL with OpenSSL/1.0.2h
LogInit:  - supports HTTP deflate (compression) using libz 1.2.8
LogInit:  - other features:
LogInit:      CURL_VERSION_SSL
LogInit:      CURL_VERSION_LIBZ
LogInit:      CURL_VERSION_IPV6
LogInit:      CURL_VERSION_ASYNCHDNS
LogInit:      CURL_VERSION_LARGEFILE
LogInit:      CURL_VERSION_IDN
LogInit:  CurlRequestOptions (configurable via config and command line):
LogInit:  - bVerifyPeer = true  - Libcurl will verify peer certificate
LogInit:  - bUseHttpProxy = false  - Libcurl will NOT use HTTP proxy
LogInit:  - bDontReuseConnections = false  - Libcurl will reuse connections
LogInit:  - MaxHostConnections = 16  - Libcurl will limit the number of connections to a host
LogInit:  - LocalHostAddr = Default
LogInit:  - BufferSize = 65536
LogInit: WinSock: version 1.1 (2.2), MaxSocks=32767, MaxUdp=65467
LogInit: Build: ++UE4+Release-4.21-CL-4753647
LogInit: Engine Version: 4.21.2-4753647+++UE4+Release-4.21
LogInit: Compatible Engine Version: 4.21.0-4541578+++UE4+Release-4.21
LogInit: Net CL: 4541578
LogInit: OS: Windows 10 (), CPU: Intel(R) Core(TM) i7-7Y75 CPU @ 1.30GHz, GPU: Intel(R) HD Graphics 615
LogInit: Compiled (64-bit): Jan 19 2019 02:07:31
LogInit: Compiled with Visual C++: 19.13.26129.00
LogInit: Build Configuration: Development
LogInit: Branch Name: ++UE4+Release-4.21
LogInit: Command Line: 
LogInit: Base Directory: C:/Program Files/Epic Games/UE_4.21/Engine/Binaries/Win64/
LogInit: Installed Engine Build: 1
LogDevObjectVersion: Number of dev versions registered: 22
LogDevObjectVersion:   Dev-Blueprints (B0D832E4-1F89-4F0D-ACCF-7EB736FD4AA2): 10
LogDevObjectVersion:   Dev-Build (E1C64328-A22C-4D53-A36C-8E866417BD8C): 0
LogDevObjectVersion:   Dev-Core (375EC13C-06E4-48FB-B500-84F0262A717E): 2
LogDevObjectVersion:   Dev-Editor (E4B068ED-F494-42E9-A231-DA0B2E46BB41): 26
LogDevObjectVersion:   Dev-Framework (CFFC743F-43B0-4480-9391-14DF171D2073): 34
LogDevObjectVersion:   Dev-Mobile (B02B49B5-BB20-44E9-A304-32B752E40360): 2
LogDevObjectVersion:   Dev-Networking (A4E4105C-59A1-49B5-A7C5-40C4547EDFEE): 0
LogDevObjectVersion:   Dev-Online (39C831C9-5AE6-47DC-9A44-9C173E1C8E7C): 0
LogDevObjectVersion:   Dev-Physics (78F01B33-EBEA-4F98-B9B4-84EACCB95AA2): 0
LogDevObjectVersion:   Dev-Platform (6631380F-2D4D-43E0-8009-CF276956A95A): 0
LogDevObjectVersion:   Dev-Rendering (12F88B9F-8875-4AFC-A67C-D90C383ABD29): 27
LogDevObjectVersion:   Dev-Sequencer (7B5AE74C-D270-4C10-A958-57980B212A5A): 9
LogDevObjectVersion:   Dev-VR (D7296918-1DD6-4BDD-9DE2-64A83CC13884): 2
LogDevObjectVersion:   Dev-LoadTimes (C2A15278-BFE7-4AFE-6C17-90FF531DF755): 1
LogDevObjectVersion:   Private-Geometry (6EACA3D4-40EC-4CC1-B786-8BED09428FC5): 3
LogDevObjectVersion:   Dev-AnimPhys (29E575DD-E0A3-4627-9D10-D276232CDCEA): 17
LogDevObjectVersion:   Dev-Anim (AF43A65D-7FD3-4947-9873-3E8ED9C1BB05): 2
LogDevObjectVersion:   Dev-ReflectionCapture (6B266CEC-1EC7-4B8F-A30B-E4D90942FC07): 1
LogDevObjectVersion:   Dev-Automation (0DF73D61-A23F-47EA-B727-89E90C41499A): 1
LogDevObjectVersion:   FortniteMain (601D1886-AC64-4F84-AA16-D3DE0DEAC7D6): 17
LogDevObjectVersion:   Dev-Enterprise (9DFFBCD6-494F-0158-E221-12823C92A888): 4
LogDevObjectVersion:   Dev-Niagara (F2AED0AC-9AFE-416F-8664-AA7FFA26D6FC): 1
LogStreaming: Display: Took  0.003s to delete old logs.
LogInit: Presizing for max 8388607 objects, including 0 objects not considered by GC, pre-allocating 0 bytes for permanent pool.
LogInit: Object subsystem initialized
LogConfig: Setting CVar [[con.DebugEarlyDefault:1]]
LogConfig: Setting CVar [[r.setres:1280x720]]
[2019.05.18-19.36.33:768][  0]LogConfig: Setting CVar [[r.VSync:0]]
[2019.05.18-19.36.33:768][  0]LogConfig: Setting CVar [[r.RHICmdBypass:0]]
[2019.05.18-19.36.33:768][  0]LogConfig: Applying CVar settings from Section [/Script/Engine.RendererSettings] File [C:/Users/juare/OneDrive/Documents/Unreal Projects/Crossy_road/Saved/Config/Windows/Engine.ini]
[2019.05.18-19.36.33:768][  0]LogConfig: Setting CVar [[r.GPUCrashDebugging:0]]
[2019.05.18-19.36.33:769][  0]LogConfig: Applying CVar settings from Section [/Script/Engine.RendererOverrideSettings] File [C:/Users/juare/OneDrive/Documents/Unreal Projects/Crossy_road/Saved/Config/Windows/Engine.ini]
[2019.05.18-19.36.33:769][  0]LogConfig: Applying CVar settings from Section [/Script/Engine.StreamingSettings] File [C:/Users/juare/OneDrive/Documents/Unreal Projects/Crossy_road/Saved/Config/Windows/Engine.ini]
[2019.05.18-19.36.33:769][  0]LogConfig: Setting CVar [[s.MinBulkDataSizeForAsyncLoading:131072]]
[2019.05.18-19.36.33:769][  0]LogConfig: Setting CVar [[s.AsyncLoadingThreadEnabled:0]]
[2019.05.18-19.36.33:769][  0]LogConfig: Setting CVar [[s.EventDrivenLoaderEnabled:1]]
[2019.05.18-19.36.33:769][  0]LogConfig: Setting CVar [[s.WarnIfTimeLimitExceeded:0]]
[2019.05.18-19.36.33:769][  0]LogConfig: Setting CVar [[s.TimeLimitExceededMultiplier:1.5]]
[2019.05.18-19.36.33:769][  0]LogConfig: Setting CVar [[s.TimeLimitExceededMinTime:0.005]]
[2019.05.18-19.36.33:769][  0]LogConfig: Setting CVar [[s.UseBackgroundLevelStreaming:1]]
[2019.05.18-19.36.33:769][  0]LogConfig: Setting CVar [[s.PriorityAsyncLoadingExtraTime:15.0]]
[2019.05.18-19.36.33:769][  0]LogConfig: Setting CVar [[s.LevelStreamingActorsUpdateTimeLimit:5.0]]
[2019.05.18-19.36.33:769][  0]LogConfig: Setting CVar [[s.PriorityLevelStreamingActorsUpdateExtraTime:5.0]]
[2019.05.18-19.36.33:769][  0]LogConfig: Setting CVar [[s.LevelStreamingComponentsRegistrationGranularity:10]]
[2019.05.18-19.36.33:769][  0]LogConfig: Setting CVar [[s.UnregisterComponentsTimeLimit:1.0]]
[2019.05.18-19.36.33:769][  0]LogConfig: Setting CVar [[s.LevelStreamingComponentsUnregistrationGranularity:5]]
[2019.05.18-19.36.33:769][  0]LogConfig: Applying CVar settings from Section [/Script/Engine.GarbageCollectionSettings] File [C:/Users/juare/OneDrive/Documents/Unreal Projects/Crossy_road/Saved/Config/Windows/Engine.ini]
[2019.05.18-19.36.33:769][  0]LogConfig: Setting CVar [[gc.MaxObjectsNotConsideredByGC:1]]
[2019.05.18-19.36.33:769][  0]LogConfig: Setting CVar [[gc.SizeOfPermanentObjectPool:0]]
[2019.05.18-19.36.33:769][  0]LogConfig: Setting CVar [[gc.FlushStreamingOnGC:0]]
[2019.05.18-19.36.33:769][  0]LogConfig: Setting CVar [[gc.NumRetriesBeforeForcingGC:10]]
[2019.05.18-19.36.33:769][  0]LogConfig: Setting CVar [[gc.AllowParallelGC:1]]
[2019.05.18-19.36.33:769][  0]LogConfig: Setting CVar [[gc.TimeBetweenPurgingPendingKillObjects:61.1]]
[2019.05.18-19.36.33:769][  0]LogConfig: Setting CVar [[gc.MaxObjectsInEditor:8388607]]
[2019.05.18-19.36.33:769][  0]LogConfig: Setting CVar [[gc.IncrementalBeginDestroyEnabled:1]]
[2019.05.18-19.36.33:769][  0]LogConfig: Setting CVar [[gc.CreateGCClusters:1]]
[2019.05.18-19.36.33:769][  0]LogConfig: Setting CVar [[gc.MergeGCClusters:0]]
[2019.05.18-19.36.33:769][  0]LogConfig: Setting CVar [[gc.MinGCClusterSize:5]]
[2019.05.18-19.36.33:769][  0]LogConfig: Setting CVar [[gc.ActorClusteringEnabled:0]]
[2019.05.18-19.36.33:769][  0]LogConfig: Setting CVar [[gc.BlueprintClusteringEnabled:0]]
[2019.05.18-19.36.33:769][  0]LogConfig: Setting CVar [[gc.UseDisregardForGCOnDedicatedServers:0]]
[2019.05.18-19.36.33:769][  0]LogConfig: Applying CVar settings from Section [/Script/Engine.NetworkSettings] File [C:/Users/juare/OneDrive/Documents/Unreal Projects/Crossy_road/Saved/Config/Windows/Engine.ini]
[2019.05.18-19.36.33:770][  0]LogConfig: Applying CVar settings from Section [/Script/UnrealEd.CookerSettings] File [C:/Users/juare/OneDrive/Documents/Unreal Projects/Crossy_road/Saved/Config/Windows/Engine.ini]
[2019.05.18-19.36.33:773][  0]LogConfig: Applying CVar settings from Section [ViewDistanceQuality@3] File [C:/Users/juare/OneDrive/Documents/Unreal Projects/Crossy_road/Saved/Config/Windows/Scalability.ini]
[2019.05.18-19.36.33:773][  0]LogConfig: Setting CVar [[r.SkeletalMeshLODBias:0]]
[2019.05.18-19.36.33:773][  0]LogConfig: Setting CVar [[r.ViewDistanceScale:1.0]]
[2019.05.18-19.36.33:773][  0]LogConfig: Applying CVar settings from Section [AntiAliasingQuality@3] File [C:/Users/juare/OneDrive/Documents/Unreal Projects/Crossy_road/Saved/Config/Windows/Scalability.ini]
[2019.05.18-19.36.33:773][  0]LogConfig: Setting CVar [[r.PostProcessAAQuality:4]]
[2019.05.18-19.36.33:773][  0]LogConfig: Applying CVar settings from Section [ShadowQuality@3] File [C:/Users/juare/OneDrive/Documents/Unreal Projects/Crossy_road/Saved/Config/Windows/Scalability.ini]
[2019.05.18-19.36.33:773][  0]LogConfig: Setting CVar [[r.LightFunctionQuality:1]]
[2019.05.18-19.36.33:773][  0]LogConfig: Setting CVar [[r.ShadowQuality:5]]
[2019.05.18-19.36.33:773][  0]LogConfig: Setting CVar [[r.Shadow.CSM.MaxCascades:10]]
[2019.05.18-19.36.33:773][  0]LogConfig: Setting CVar [[r.Shadow.MaxResolution:2048]]
[2019.05.18-19.36.33:774][  0]LogConfig: Setting CVar [[r.Shadow.MaxCSMResolution:2048]]
[2019.05.18-19.36.33:774][  0]LogConfig: Setting CVar [[r.Shadow.RadiusThreshold:0.01]]
[2019.05.18-19.36.33:774][  0]LogConfig: Setting CVar [[r.Shadow.DistanceScale:1.0]]
[2019.05.18-19.36.33:774][  0]LogConfig: Setting CVar [[r.Shadow.CSM.TransitionScale:1.0]]
[2019.05.18-19.36.33:774][  0]LogConfig: Setting CVar [[r.Shadow.PreShadowResolutionFactor:1.0]]
[2019.05.18-19.36.33:774][  0]LogConfig: Setting CVar [[r.DistanceFieldShadowing:1]]
[2019.05.18-19.36.33:774][  0]LogConfig: Setting CVar [[r.DistanceFieldAO:1]]
[2019.05.18-19.36.33:774][  0]LogConfig: Setting CVar [[r.AOQuality:2]]
[2019.05.18-19.36.33:775][  0]LogConfig: Setting CVar [[r.VolumetricFog:1]]
[2019.05.18-19.36.33:775][  0]LogConfig: Setting CVar [[r.VolumetricFog.GridPixelSize:8]]
[2019.05.18-19.36.33:775][  0]LogConfig: Setting CVar [[r.VolumetricFog.GridSizeZ:128]]
[2019.05.18-19.36.33:775][  0]LogConfig: Setting CVar [[r.VolumetricFog.HistoryMissSupersampleCount:4]]
[2019.05.18-19.36.33:775][  0]LogConfig: Setting CVar [[r.LightMaxDrawDistanceScale:1]]
[2019.05.18-19.36.33:775][  0]LogConfig: Setting CVar [[r.CapsuleShadows:1]]
[2019.05.18-19.36.33:775][  0]LogConfig: Applying CVar settings from Section [PostProcessQuality@3] File [C:/Users/juare/OneDrive/Documents/Unreal Projects/Crossy_road/Saved/Config/Windows/Scalability.ini]
[2019.05.18-19.36.33:775][  0]LogConfig: Setting CVar [[r.MotionBlurQuality:4]]
[2019.05.18-19.36.33:775][  0]LogConfig: Setting CVar [[r.AmbientOcclusionMipLevelFactor:0.4]]
[2019.05.18-19.36.33:775][  0]LogConfig: Setting CVar [[r.AmbientOcclusionMaxQuality:100]]
[2019.05.18-19.36.33:775][  0]LogConfig: Setting CVar [[r.AmbientOcclusionLevels:-1]]
[2019.05.18-19.36.33:775][  0]LogConfig: Setting CVar [[r.AmbientOcclusionRadiusScale:1.0]]
[2019.05.18-19.36.33:775][  0]LogConfig: Setting CVar [[r.DepthOfFieldQuality:2]]
[2019.05.18-19.36.33:775][  0]LogConfig: Setting CVar [[r.RenderTargetPoolMin:400]]
[2019.05.18-19.36.33:775][  0]LogConfig: Setting CVar [[r.LensFlareQuality:2]]
[2019.05.18-19.36.33:775][  0]LogConfig: Setting CVar [[r.SceneColorFringeQuality:1]]
[2019.05.18-19.36.33:775][  0]LogConfig: Setting CVar [[r.EyeAdaptationQuality:2]]
[2019.05.18-19.36.33:775][  0]LogConfig: Setting CVar [[r.BloomQuality:5]]
[2019.05.18-19.36.33:775][  0]LogConfig: Setting CVar [[r.FastBlurThreshold:100]]
[2019.05.18-19.36.33:775][  0]LogConfig: Setting CVar [[r.Upscale.Quality:3]]
[2019.05.18-19.36.33:775][  0]LogConfig: Setting CVar [[r.Tonemapper.GrainQuantization:1]]
[2019.05.18-19.36.33:775][  0]LogConfig: Setting CVar [[r.LightShaftQuality:1]]
[2019.05.18-19.36.33:775][  0]LogConfig: Setting CVar [[r.Filter.SizeScale:1]]
[2019.05.18-19.36.33:775][  0]LogConfig: Setting CVar [[r.Tonemapper.Quality:5]]
[2019.05.18-19.36.33:775][  0]LogConfig: Setting CVar [[r.DOF.Gather.AccumulatorQuality:1        ; higher gathering accumulator quality]]
[2019.05.18-19.36.33:775][  0]LogConfig: Setting CVar [[r.DOF.Gather.PostfilterMethod:1          ; Median3x3 postfilering method]]
[2019.05.18-19.36.33:775][  0]LogConfig: Setting CVar [[r.DOF.Gather.EnableBokehSettings:0       ; no bokeh simulation when gathering]]
[2019.05.18-19.36.33:775][  0]LogConfig: Setting CVar [[r.DOF.Gather.RingCount:4                 ; medium number of samples when gathering]]
[2019.05.18-19.36.33:775][  0]LogConfig: Setting CVar [[r.DOF.Scatter.ForegroundCompositing:1    ; additive foreground scattering]]
[2019.05.18-19.36.33:775][  0]LogConfig: Setting CVar [[r.DOF.Scatter.BackgroundCompositing:2    ; additive background scattering]]
[2019.05.18-19.36.33:775][  0]LogConfig: Setting CVar [[r.DOF.Scatter.EnableBokehSettings:1      ; bokeh simulation when scattering]]
[2019.05.18-19.36.33:775][  0]LogConfig: Setting CVar [[r.DOF.Scatter.MaxSpriteRatio:0.1         ; only a maximum of 10% of scattered bokeh]]
[2019.05.18-19.36.33:775][  0]LogConfig: Setting CVar [[r.DOF.Recombine.Quality:1                ; cheap slight out of focus]]
[2019.05.18-19.36.33:775][  0]LogConfig: Setting CVar [[r.DOF.Recombine.EnableBokehSettings:0    ; no bokeh simulation on slight out of focus]]
[2019.05.18-19.36.33:775][  0]LogConfig: Setting CVar [[r.DOF.TemporalAAQuality:1                ; more stable temporal accumulation]]
[2019.05.18-19.36.33:775][  0]LogConfig: Setting CVar [[r.DOF.Kernel.MaxForegroundRadius:0.025]]
[2019.05.18-19.36.33:775][  0]LogConfig: Setting CVar [[r.DOF.Kernel.MaxBackgroundRadius:0.025]]
[2019.05.18-19.36.33:775][  0]LogConfig: Applying CVar settings from Section [TextureQuality@3] File [C:/Users/juare/OneDrive/Documents/Unreal Projects/Crossy_road/Saved/Config/Windows/Scalability.ini]
[2019.05.18-19.36.33:775][  0]LogConfig: Setting CVar [[r.Streaming.MipBias:0]]
[2019.05.18-19.36.33:775][  0]LogConfig: Setting CVar [[r.Streaming.AmortizeCPUToGPUCopy:0]]
[2019.05.18-19.36.33:775][  0]LogConfig: Setting CVar [[r.Streaming.MaxNumTexturesToStreamPerFrame:0]]
[2019.05.18-19.36.33:775][  0]LogConfig: Setting CVar [[r.Streaming.Boost:1]]
[2019.05.18-19.36.33:775][  0]LogConfig: Setting CVar [[r.MaxAnisotropy:8]]
[2019.05.18-19.36.33:775][  0]LogConfig: Setting CVar [[r.Streaming.LimitPoolSizeToVRAM:0]]
[2019.05.18-19.36.33:775][  0]LogConfig: Setting CVar [[r.Streaming.PoolSize:1000]]
[2019.05.18-19.36.33:775][  0]LogConfig: Setting CVar [[r.Streaming.MaxEffectiveScreenSize:0]]
[2019.05.18-19.36.33:775][  0]LogConfig: Applying CVar settings from Section [EffectsQuality@3] File [C:/Users/juare/OneDrive/Documents/Unreal Projects/Crossy_road/Saved/Config/Windows/Scalability.ini]
[2019.05.18-19.36.33:775][  0]LogConfig: Setting CVar [[r.TranslucencyLightingVolumeDim:64]]
[2019.05.18-19.36.33:775][  0]LogConfig: Setting CVar [[r.RefractionQuality:2]]
[2019.05.18-19.36.33:775][  0]LogConfig: Setting CVar [[r.SSR.Quality:3]]
[2019.05.18-19.36.33:775][  0]LogConfig: Setting CVar [[r.SceneColorFormat:4]]
[2019.05.18-19.36.33:775][  0]LogConfig: Setting CVar [[r.DetailMode:2]]
[2019.05.18-19.36.33:775][  0]LogConfig: Setting CVar [[r.TranslucencyVolumeBlur:1]]
[2019.05.18-19.36.33:775][  0]LogConfig: Setting CVar [[r.MaterialQualityLevel:1 ; High quality]]
[2019.05.18-19.36.33:775][  0]LogConfig: Setting CVar [[r.SSS.Scale:1]]
[2019.05.18-19.36.33:775][  0]LogConfig: Setting CVar [[r.SSS.SampleSet:2]]
[2019.05.18-19.36.33:775][  0]LogConfig: Setting CVar [[r.SSS.Quality:1]]
[2019.05.18-19.36.33:775][  0]LogConfig: Setting CVar [[r.SSS.HalfRes:1]]
[2019.05.18-19.36.33:775][  0]LogConfig: Setting CVar [[r.EmitterSpawnRateScale:1.0]]
[2019.05.18-19.36.33:775][  0]LogConfig: Setting CVar [[r.ParticleLightQuality:2]]
[2019.05.18-19.36.33:775][  0]LogConfig: Applying CVar settings from Section [FoliageQuality@3] File [C:/Users/juare/OneDrive/Documents/Unreal Projects/Crossy_road/Saved/Config/Windows/Scalability.ini]
[2019.05.18-19.36.33:775][  0]LogConfig: Setting CVar [[foliage.DensityScale:1.0]]
[2019.05.18-19.36.33:775][  0]LogConfig: Setting CVar [[grass.DensityScale:1.0]]
[2019.05.18-19.36.33:775][  0]LogInit: Selected Device Profile: [Windows]
[2019.05.18-19.36.33:776][  0]LogInit: Applying CVar settings loaded from the selected device profile: [Windows]
[2019.05.18-19.36.33:811][  0]LogHAL: Display: Platform has ~ 16 GB [17070538752 / 17179869184 / 16], which maps to Larger [LargestMinGB=32, LargerMinGB=12, DefaultMinGB=8, SmallerMinGB=6, SmallestMinGB=0)
[2019.05.18-19.36.33:811][  0]LogConfig: Setting CVar [[r.Vulkan.UseRealUBs:1]]
[2019.05.18-19.36.33:811][  0]LogInit: Going up to parent DeviceProfile []
[2019.05.18-19.36.33:811][  0]LogConfig: Applying CVar settings from Section [ViewDistanceQuality@0] File [C:/Users/juare/OneDrive/Documents/Unreal Projects/Crossy_road/Saved/Config/Windows/Scalability.ini]
[2019.05.18-19.36.33:811][  0]LogConfig: Setting CVar [[r.SkeletalMeshLODBias:2]]
[2019.05.18-19.36.33:811][  0]LogConfig: Setting CVar [[r.ViewDistanceScale:0.4]]
[2019.05.18-19.36.33:811][  0]LogConfig: Applying CVar settings from Section [AntiAliasingQuality@0] File [C:/Users/juare/OneDrive/Documents/Unreal Projects/Crossy_road/Saved/Config/Windows/Scalability.ini]
[2019.05.18-19.36.33:811][  0]LogConfig: Setting CVar [[r.PostProcessAAQuality:0]]
[2019.05.18-19.36.33:811][  0]LogConfig: Applying CVar settings from Section [ShadowQuality@0] File [C:/Users/juare/OneDrive/Documents/Unreal Projects/Crossy_road/Saved/Config/Windows/Scalability.ini]
[2019.05.18-19.36.33:811][  0]LogConfig: Setting CVar [[r.LightFunctionQuality:0]]
[2019.05.18-19.36.33:811][  0]LogConfig: Setting CVar [[r.ShadowQuality:0]]
[2019.05.18-19.36.33:811][  0]LogConfig: Setting CVar [[r.Shadow.CSM.MaxCascades:1]]
[2019.05.18-19.36.33:811][  0]LogConfig: Setting CVar [[r.Shadow.MaxResolution:512]]
[2019.05.18-19.36.33:811][  0]LogConfig: Setting CVar [[r.Shadow.MaxCSMResolution:512]]
[2019.05.18-19.36.33:811][  0]LogConfig: Setting CVar [[r.Shadow.RadiusThreshold:0.06]]
[2019.05.18-19.36.33:811][  0]LogConfig: Setting CVar [[r.Shadow.DistanceScale:0.6]]
[2019.05.18-19.36.33:811][  0]LogConfig: Setting CVar [[r.Shadow.CSM.TransitionScale:0]]
[2019.05.18-19.36.33:811][  0]LogConfig: Setting CVar [[r.Shadow.PreShadowResolutionFactor:0.5]]
[2019.05.18-19.36.33:811][  0]LogConfig: Setting CVar [[r.DistanceFieldShadowing:0]]
[2019.05.18-19.36.33:811][  0]LogConfig: Setting CVar [[r.DistanceFieldAO:0]]
[2019.05.18-19.36.33:811][  0]LogConfig: Setting CVar [[r.VolumetricFog:0]]
[2019.05.18-19.36.33:811][  0]LogConfig: Setting CVar [[r.LightMaxDrawDistanceScale:0]]
[2019.05.18-19.36.33:811][  0]LogConfig: Setting CVar [[r.CapsuleShadows:0]]
[2019.05.18-19.36.33:812][  0]LogConfig: Applying CVar settings from Section [PostProcessQuality@0] File [C:/Users/juare/OneDrive/Documents/Unreal Projects/Crossy_road/Saved/Config/Windows/Scalability.ini]
[2019.05.18-19.36.33:812][  0]LogConfig: Setting CVar [[r.MotionBlurQuality:0]]
[2019.05.18-19.36.33:812][  0]LogConfig: Setting CVar [[r.AmbientOcclusionMipLevelFactor:1.0]]
[2019.05.18-19.36.33:812][  0]LogConfig: Setting CVar [[r.AmbientOcclusionMaxQuality:0]]
[2019.05.18-19.36.33:812][  0]LogConfig: Setting CVar [[r.AmbientOcclusionLevels:0]]
[2019.05.18-19.36.33:812][  0]LogConfig: Setting CVar [[r.AmbientOcclusionRadiusScale:1.2]]
[2019.05.18-19.36.33:812][  0]LogConfig: Setting CVar [[r.DepthOfFieldQuality:0]]
[2019.05.18-19.36.33:812][  0]LogConfig: Setting CVar [[r.RenderTargetPoolMin:300]]
[2019.05.18-19.36.33:812][  0]LogConfig: Setting CVar [[r.LensFlareQuality:0]]
[2019.05.18-19.36.33:812][  0]LogConfig: Setting CVar [[r.SceneColorFringeQuality:0]]
[2019.05.18-19.36.33:812][  0]LogConfig: Setting CVar [[r.EyeAdaptationQuality:0]]
[2019.05.18-19.36.33:812][  0]LogConfig: Setting CVar [[r.BloomQuality:4]]
[2019.05.18-19.36.33:812][  0]LogConfig: Setting CVar [[r.FastBlurThreshold:0]]
[2019.05.18-19.36.33:812][  0]LogConfig: Setting CVar [[r.Upscale.Quality:1]]
[2019.05.18-19.36.33:812][  0]LogConfig: Setting CVar [[r.Tonemapper.GrainQuantization:0]]
[2019.05.18-19.36.33:812][  0]LogConfig: Setting CVar [[r.LightShaftQuality:0]]
[2019.05.18-19.36.33:812][  0]LogConfig: Setting CVar [[r.Filter.SizeScale:0.6]]
[2019.05.18-19.36.33:812][  0]LogConfig: Setting CVar [[r.Tonemapper.Quality:0]]
[2019.05.18-19.36.33:812][  0]LogConfig: Applying CVar settings from Section [TextureQuality@0] File [C:/Users/juare/OneDrive/Documents/Unreal Projects/Crossy_road/Saved/Config/Windows/Scalability.ini]
[2019.05.18-19.36.33:812][  0]LogConfig: Setting CVar [[r.Streaming.MipBias:16]]
[2019.05.18-19.36.33:812][  0]LogConfig: Setting CVar [[r.Streaming.AmortizeCPUToGPUCopy:1]]
[2019.05.18-19.36.33:812][  0]LogConfig: Setting CVar [[r.Streaming.MaxNumTexturesToStreamPerFrame:1]]
[2019.05.18-19.36.33:812][  0]LogConfig: Setting CVar [[r.Streaming.Boost:0.3]]
[2019.05.18-19.36.33:812][  0]LogConfig: Setting CVar [[r.MaxAnisotropy:0]]
[2019.05.18-19.36.33:812][  0]LogConfig: Setting CVar [[r.Streaming.LimitPoolSizeToVRAM:1]]
[2019.05.18-19.36.33:812][  0]LogConfig: Setting CVar [[r.Streaming.PoolSize:400]]
[2019.05.18-19.36.33:812][  0]LogConfig: Setting CVar [[r.Streaming.MaxEffectiveScreenSize:0]]
[2019.05.18-19.36.33:812][  0]LogConfig: Applying CVar settings from Section [EffectsQuality@0] File [C:/Users/juare/OneDrive/Documents/Unreal Projects/Crossy_road/Saved/Config/Windows/Scalability.ini]
[2019.05.18-19.36.33:812][  0]LogConfig: Setting CVar [[r.TranslucencyLightingVolumeDim:24]]
[2019.05.18-19.36.33:812][  0]LogConfig: Setting CVar [[r.RefractionQuality:0]]
[2019.05.18-19.36.33:812][  0]LogConfig: Setting CVar [[r.SSR.Quality:0]]
[2019.05.18-19.36.33:812][  0]LogConfig: Setting CVar [[r.SceneColorFormat:3]]
[2019.05.18-19.36.33:812][  0]LogConfig: Setting CVar [[r.DetailMode:0]]
[2019.05.18-19.36.33:812][  0]LogConfig: Setting CVar [[r.TranslucencyVolumeBlur:0]]
[2019.05.18-19.36.33:812][  0]LogConfig: Setting CVar [[r.MaterialQualityLevel:0 ; Low quality]]
[2019.05.18-19.36.33:812][  0]LogConfig: Setting CVar [[r.SSS.Scale:0]]
[2019.05.18-19.36.33:813][  0]LogConfig: Setting CVar [[r.SSS.SampleSet:0]]
[2019.05.18-19.36.33:813][  0]LogConfig: Setting CVar [[r.SSS.Quality:0]]
[2019.05.18-19.36.33:813][  0]LogConfig: Setting CVar [[r.SSS.HalfRes:1]]
[2019.05.18-19.36.33:813][  0]LogConfig: Setting CVar [[r.EmitterSpawnRateScale:0.125]]
[2019.05.18-19.36.33:813][  0]LogConfig: Setting CVar [[r.ParticleLightQuality:0]]
[2019.05.18-19.36.33:813][  0]LogConfig: Applying CVar settings from Section [FoliageQuality@0] File [C:/Users/juare/OneDrive/Documents/Unreal Projects/Crossy_road/Saved/Config/Windows/Scalability.ini]
[2019.05.18-19.36.33:813][  0]LogConfig: Setting CVar [[foliage.DensityScale:0]]
[2019.05.18-19.36.33:813][  0]LogConfig: Setting CVar [[grass.DensityScale:0]]
[2019.05.18-19.36.33:813][  0]LogConfig: Applying CVar settings from Section [Startup] File [../../../Engine/Config/ConsoleVariables.ini]
[2019.05.18-19.36.33:813][  0]LogConfig: Setting CVar [[net.UseAdaptiveNetUpdateFrequency:0]]
[2019.05.18-19.36.33:813][  0]LogConfig: Applying CVar settings from Section [ConsoleVariables] File [C:/Users/juare/OneDrive/Documents/Unreal Projects/Crossy_road/Saved/Config/Windows/Engine.ini]
[2019.05.18-19.36.33:813][  0]LogInit: Computer: ERICKSXPS
[2019.05.18-19.36.33:814][  0]LogInit: User: juare
[2019.05.18-19.36.33:814][  0]LogInit: CPU Page size=4096, Cores=2
[2019.05.18-19.36.33:814][  0]LogInit: High frequency timer resolution =1.570313 MHz
[2019.05.18-19.36.33:814][  0]LogMemory: Memory total: Physical=15.9GB (16GB approx)
[2019.05.18-19.36.33:814][  0]LogMemory: Platform Memory Stats for Windows
[2019.05.18-19.36.33:814][  0]LogMemory: Process Physical Memory: 102.54 MB used, 102.54 MB peak
[2019.05.18-19.36.33:814][  0]LogMemory: Process Virtual Memory: 84.81 MB used, 84.81 MB peak
[2019.05.18-19.36.33:814][  0]LogMemory: Physical Memory: 5638.55 MB used,  10641.19 MB free, 16279.73 MB total
[2019.05.18-19.36.33:814][  0]LogMemory: Virtual Memory: 4629.13 MB used,  134213096.00 MB free, 134217728.00 MB total
[2019.05.18-19.36.33:844][  0]LogInit: Using OS detected language (en-US).
[2019.05.18-19.36.33:844][  0]LogInit: Using OS detected locale (en-US).
[2019.05.18-19.36.33:846][  0]LogTextLocalizationManager: No specific localization for 'en-US' exists, so the 'en' localization will be used.
[2019.05.18-19.36.34:529][  0]LogStreaming: Display: Took  0.685s to InitEngineTextLocalization.
[2019.05.18-19.36.34:529][  0]LogInit: Setting process to per monitor DPI aware
[2019.05.18-19.36.34:610][  0]LogSlate: New Slate User Created.  User Index 0, Is Virtual User: 0
[2019.05.18-19.36.34:610][  0]LogSlate: Slate User Registered.  User Index 0, Is Virtual User: 0
[2019.05.18-19.36.35:183][  0]LogHMD: Failed to initialize OpenVR with code 110
[2019.05.18-19.36.35:183][  0]LogD3D11RHI: D3D11 adapters:
[2019.05.18-19.36.35:196][  0]LogD3D11RHI:    0. 'Intel(R) HD Graphics 615' (Feature Level 11_0)
[2019.05.18-19.36.35:197][  0]LogD3D11RHI:       128/0/8139 MB DedicatedVideo/DedicatedSystem/SharedSystem, Outputs:1, VendorId:0x8086
[2019.05.18-19.36.35:199][  0]LogD3D11RHI:    1. 'Microsoft Basic Render Driver' (Feature Level 11_0)
[2019.05.18-19.36.35:199][  0]LogD3D11RHI:       0/0/8139 MB DedicatedVideo/DedicatedSystem/SharedSystem, Outputs:0, VendorId:0x1414
[2019.05.18-19.36.35:199][  0]LogD3D11RHI: Chosen D3D11 Adapter: 0
[2019.05.18-19.36.35:206][  0]LogD3D11RHI: Creating new Direct3DDevice
[2019.05.18-19.36.35:206][  0]LogD3D11RHI:     GPU DeviceId: 0x591e (for the marketing name, search the web for "GPU Device Id")
[2019.05.18-19.36.35:206][  0]LogWindows: EnumDisplayDevices:
[2019.05.18-19.36.35:206][  0]LogWindows:    0. 'Intel(R) HD Graphics 615' (P:1 D:1)
[2019.05.18-19.36.35:206][  0]LogWindows:    1. 'Intel(R) HD Graphics 615' (P:0 D:0)
[2019.05.18-19.36.35:207][  0]LogWindows:    2. 'Intel(R) HD Graphics 615' (P:0 D:0)
[2019.05.18-19.36.35:207][  0]LogWindows: DebugString: FoundDriverCount:3 
[2019.05.18-19.36.35:207][  0]LogD3D11RHI:     Adapter Name: Intel(R) HD Graphics 615
[2019.05.18-19.36.35:207][  0]LogD3D11RHI:   Driver Version: 22.20.16.4836 (internal:22.20.16.4836, unified:22.20.16.4836)
[2019.05.18-19.36.35:207][  0]LogD3D11RHI:      Driver Date: 10-17-2017
[2019.05.18-19.36.35:207][  0]LogRHI: Texture pool is 1523 MB (70% of 2176 MB)
[2019.05.18-19.36.35:235][  0]LogD3D11RHI: [IntelMetricsDiscovery] Started
[2019.05.18-19.36.35:235][  0]LogD3D11RHI: Async texture creation enabled
[2019.05.18-19.36.35:244][  0]LogD3D11RHI: GPU Timing Frequency: 12.000000 (Debug: 2 0)
[2019.05.18-19.36.35:930][  0]LogTemp: Display: Loaded TP AllDesktopTargetPlatform
[2019.05.18-19.36.35:945][  0]LogTemp: Display: Loaded TP MacClientTargetPlatform
[2019.05.18-19.36.35:959][  0]LogTemp: Display: Loaded TP MacNoEditorTargetPlatform
[2019.05.18-19.36.35:975][  0]LogTemp: Display: Loaded TP MacServerTargetPlatform
[2019.05.18-19.36.35:989][  0]LogTemp: Display: Loaded TP MacTargetPlatform
[2019.05.18-19.36.36:003][  0]LogTemp: Display: Loaded TP WindowsClientTargetPlatform
[2019.05.18-19.36.36:018][  0]LogTemp: Display: Loaded TP WindowsNoEditorTargetPlatform
[2019.05.18-19.36.36:032][  0]LogTemp: Display: Loaded TP WindowsServerTargetPlatform
[2019.05.18-19.36.36:039][  0]LogTemp: Display: Loaded TP WindowsTargetPlatform
[2019.05.18-19.36.36:118][  0]LogTemp: Display: Loaded TP AndroidTargetPlatform
[2019.05.18-19.36.36:118][  0]LogTemp: Display: Loaded TP AndroidTargetPlatform
[2019.05.18-19.36.36:118][  0]LogTemp: Display: Loaded TP AndroidTargetPlatform
[2019.05.18-19.36.36:118][  0]LogTemp: Display: Loaded TP AndroidTargetPlatform
[2019.05.18-19.36.36:118][  0]LogTemp: Display: Loaded TP AndroidTargetPlatform
[2019.05.18-19.36.36:118][  0]LogTemp: Display: Loaded TP AndroidTargetPlatform
[2019.05.18-19.36.36:118][  0]LogTemp: Display: Loaded TP AndroidTargetPlatform
[2019.05.18-19.36.36:118][  0]LogTemp: Display: Loaded TP AndroidTargetPlatform
[2019.05.18-19.36.36:118][  0]LogTemp: Display: Loaded TP AndroidTargetPlatform
[2019.05.18-19.36.36:118][  0]LogTemp: Display: Loaded TP AndroidTargetPlatform
[2019.05.18-19.36.36:118][  0]LogTemp: Display: Loaded TP AndroidTargetPlatform
[2019.05.18-19.36.36:118][  0]LogTemp: Display: Loaded TP AndroidTargetPlatform
[2019.05.18-19.36.36:118][  0]LogTemp: Display: Loaded TP AndroidTargetPlatform
[2019.05.18-19.36.36:118][  0]LogTemp: Display: Loaded TP AndroidTargetPlatform
[2019.05.18-19.36.36:118][  0]LogTemp: Display: Loaded TP AndroidTargetPlatform
[2019.05.18-19.36.36:118][  0]LogTemp: Display: Loaded TP AndroidTargetPlatform
[2019.05.18-19.36.36:118][  0]LogTemp: Display: Loaded TP AndroidTargetPlatform
[2019.05.18-19.36.36:118][  0]LogTemp: Display: Loaded TP AndroidTargetPlatform
[2019.05.18-19.36.36:120][  0]LogTemp: Display: Loaded TP HTML5TargetPlatform
[2019.05.18-19.36.36:216][  0]LogTemp: Display: Loaded TP IOSTargetPlatform
[2019.05.18-19.36.36:216][  0]LogTemp: Display: Loaded TP IOSTargetPlatform
[2019.05.18-19.36.36:248][  0]LogTemp: Display: Loaded TP TVOSTargetPlatform
[2019.05.18-19.36.36:248][  0]LogTemp: Display: Loaded TP TVOSTargetPlatform
[2019.05.18-19.36.36:262][  0]LogTemp: Display: Loaded TP LinuxClientTargetPlatform
[2019.05.18-19.36.36:275][  0]LogTemp: Display: Loaded TP LinuxNoEditorTargetPlatform
[2019.05.18-19.36.36:288][  0]LogTemp: Display: Loaded TP LinuxServerTargetPlatform
[2019.05.18-19.36.36:302][  0]LogTemp: Display: Loaded TP LinuxTargetPlatform
[2019.05.18-19.36.36:354][  0]LogTemp: Display: Loaded TP LuminTargetPlatform
[2019.05.18-19.36.36:354][  0]LogTemp: Display: Loaded TP LuminTargetPlatform
[2019.05.18-19.36.36:354][  0]LogTargetPlatformManager: Display: Building Assets For Windows
[2019.05.18-19.36.36:545][  0]LogShaderCompilers: Guid format shader working directory is -31 characters bigger than the processId version (../../../../../../Users/juare/OneDrive/Documents/Unreal Projects/Crossy_road/Intermediate/Shaders/WorkingDirectory/14408/).
[2019.05.18-19.36.36:546][  0]LogShaderCompilers: Cleaned the shader compiler working directory 'C:/Users/juare/AppData/Local/Temp/UnrealShaderWorkingDir/A6854C8C45EC1B5585C7569DBCA09C0A/'.
[2019.05.18-19.36.36:548][  0]LogXGEController: Cannot use XGE Controller as Incredibuild is not installed on this machine.
[2019.05.18-19.36.36:549][  0]LogShaderCompilers: Cannot use XGE Shader Compiler as Incredibuild is not installed on this machine.
[2019.05.18-19.36.36:549][  0]LogShaderCompilers: Display: Using Local Shader Compiler.
[2019.05.18-19.36.37:218][  0]LogDerivedDataCache: Display: Max Cache Size: 512 MB
[2019.05.18-19.36.37:388][  0]LogDerivedDataCache: Loaded boot cache 0.17s 71MB C:/Users/juare/AppData/Local/UnrealEngine/4.21/DerivedDataCache/Boot.ddc.
[2019.05.18-19.36.37:388][  0]LogDerivedDataCache: Display: Loaded Boot cache: C:/Users/juare/AppData/Local/UnrealEngine/4.21/DerivedDataCache/Boot.ddc
[2019.05.18-19.36.37:388][  0]LogDerivedDataCache: FDerivedDataBackendGraph:  Pak pak cache file ../../../../../../Users/juare/OneDrive/Documents/Unreal Projects/Crossy_road/DerivedDataCache/DDC.ddp not found, will not use a pak cache.
[2019.05.18-19.36.37:388][  0]LogDerivedDataCache: Unable to find inner node Pak for hierarchical cache Hierarchy.
[2019.05.18-19.36.37:389][  0]LogDerivedDataCache: FDerivedDataBackendGraph:  CompressedPak pak cache file ../../../../../../Users/juare/OneDrive/Documents/Unreal Projects/Crossy_road/DerivedDataCache/Compressed.ddp not found, will not use a pak cache.
[2019.05.18-19.36.37:389][  0]LogDerivedDataCache: Unable to find inner node CompressedPak for hierarchical cache Hierarchy.
[2019.05.18-19.36.37:408][  0]LogDerivedDataCache: Display: Pak cache opened for reading ../../../Engine/DerivedDataCache/Compressed.ddp.
[2019.05.18-19.36.37:412][  0]LogDerivedDataCache: Display: Pak cache opened for reading ../../../Enterprise/DerivedDataCache/Compressed.ddp.
[2019.05.18-19.36.37:425][  0]LogDerivedDataCache: Using Local data cache path C:/Users/juare/AppData/Local/UnrealEngine/Common/DerivedDataCache: Writable
[2019.05.18-19.36.37:425][  0]LogDerivedDataCache: Shared data cache path not found in *engine.ini, will not use an Shared cache.
[2019.05.18-19.36.37:425][  0]LogDerivedDataCache: Unable to find inner node Shared for hierarchical cache Hierarchy.
[2019.05.18-19.36.37:491][  0]LogMaterial: Verifying Global Shaders for PCD3D_SM5
[2019.05.18-19.36.37:494][  0]LogSlate: Using FreeType 2.6.0
[2019.05.18-19.36.37:495][  0]LogSlate: SlateFontServices - WITH_FREETYPE: 1, WITH_HARFBUZZ: 1
[2019.05.18-19.36.37:594][  0]LogAssetRegistry: FAssetRegistry took 0.0374 seconds to start up
[2019.05.18-19.36.38:025][  0]LogInit: Selected Device Profile: [Windows]
[2019.05.18-19.36.38:201][  0]LogSimplygon: Simplygon DLL not present - disabling.
[2019.05.18-19.36.38:205][  0]LogMeshReduction: Using SimplygonSwarm for distributed automatic mesh merging
[2019.05.18-19.36.38:205][  0]LogMeshReduction: Using ProxyLODMeshReduction for automatic mesh merging
[2019.05.18-19.36.38:205][  0]LogMeshReduction: Using QuadricMeshReduction for automatic static mesh reduction
[2019.05.18-19.36.38:205][  0]LogMeshReduction: No automatic skeletal mesh reduction module available
[2019.05.18-19.36.38:223][  0]LogNetVersion: Crossy_road 1.0.0, NetCL: 4541578, EngineNetVer: 5, GameNetVer: 0 (Checksum: 761332532)
[2019.05.18-19.36.39:156][  0]LogPackageLocalizationCache: Processed 14 localized package path(s) for 2 prioritized culture(s) in 0.354915 seconds
[2019.05.18-19.36.39:165][  0]LogUObjectArray: 39775 objects as part of root set at end of initial load.
[2019.05.18-19.36.39:165][  0]LogUObjectAllocator: 6914664 out of 0 bytes used by permanent object pool.
[2019.05.18-19.36.39:165][  0]LogUObjectArray: CloseDisregardForGC: 0/0 objects in disregard for GC pool
[2019.05.18-19.36.40:710][  0]LogTcpMessaging: Initializing TcpMessaging bridge
[2019.05.18-19.36.40:724][  0]LogUdpMessaging: Initializing bridge on interface 0.0.0.0:0 to multicast group 230.0.0.1:6666.
[2019.05.18-19.36.41:715][  0]SourceControl: Source control is disabled
[2019.05.18-19.36.41:716][  0]SourceControl: Source control is disabled
[2019.05.18-19.36.41:718][  0]SourceControl: Source control is disabled
[2019.05.18-19.36.41:720][  0]SourceControl: Source control is disabled
[2019.05.18-19.36.41:997][  0]LogAndroidPermission: UAndroidPermissionCallbackProxy::GetInstance
[2019.05.18-19.36.42:129][  0]LogOcInput: OculusInput pre-init called
[2019.05.18-19.36.45:264][  0]LogEngine: Initializing Engine...
[2019.05.18-19.36.45:265][  0]LogHMD: Failed to initialize OpenVR with code 110
[2019.05.18-19.36.45:266][  0]LogStats: UGameplayTagsManager::ConstructGameplayTagTree: ImportINI prefixes -  0.000 s
[2019.05.18-19.36.45:266][  0]LogStats: UGameplayTagsManager::ConstructGameplayTagTree: Construct from data asset -  0.000 s
[2019.05.18-19.36.45:266][  0]LogStats: UGameplayTagsManager::ConstructGameplayTagTree: ImportINI -  0.000 s
[2019.05.18-19.36.45:266][  0]LogStats: UGameplayTagsManager::ConstructGameplayTagTree: GameplayTagTreeChangedEvent.Broadcast -  0.000 s
[2019.05.18-19.36.45:562][  0]LogInit: Initializing FReadOnlyCVARCache
[2019.05.18-19.36.45:583][  0]LogAIModule: Creating AISystem for world Untitled
[2019.05.18-19.36.45:593][  0]LogInit: XAudio2 using 'Speakers / Headphones (Realtek(R) Audio)' : 2 channels at 48 kHz using 32 bits per sample (channel mask 0x3)
[2019.05.18-19.36.45:710][  0]LogInit: FAudioDevice initialized.
[2019.05.18-19.36.45:710][  0]LogNetVersion: Set ProjectVersion to 1.0.0.0. Version Checksum will be recalculated on next use.
[2019.05.18-19.36.45:813][  0]LogDerivedDataCache: Saved boot cache 0.10s 71MB C:/Users/juare/AppData/Local/UnrealEngine/4.21/DerivedDataCache/Boot.ddc.
[2019.05.18-19.36.45:830][  0]LogInit: Texture streaming: Enabled
[2019.05.18-19.36.45:863][  0]LogEngineSessionManager: EngineSessionManager initialized
[2019.05.18-19.36.45:915][  0]LogInit: Transaction tracking system initialized
[2019.05.18-19.36.45:989][  0]BlueprintLog: New page: Editor Load
[2019.05.18-19.36.46:104][  0]LocalizationService: Localization service is disabled
[2019.05.18-19.36.47:660][  0]LogFileCache: Scanning file cache for directory 'C:/Users/juare/OneDrive/Documents/Unreal Projects/Crossy_road/Content/' took 0.03s
[2019.05.18-19.36.47:660][  0]LogCook: Display: Max memory allowance for cook 16384mb min free memory 0mb
[2019.05.18-19.36.47:661][  0]LogCook: Display: Mobile HDR setting 1
[2019.05.18-19.36.47:661][  0]LogGameplayTags: Display: UGameplayTagsManager::DoneAddingNativeTags. DelegateIsBound: 0
[2019.05.18-19.36.47:661][  0]LogStats: UGameplayTagsManager::ConstructGameplayTagTree: ImportINI prefixes -  0.000 s
[2019.05.18-19.36.47:661][  0]LogStats: UGameplayTagsManager::ConstructGameplayTagTree: Construct from data asset -  0.000 s
[2019.05.18-19.36.47:661][  0]LogStats: UGameplayTagsManager::ConstructGameplayTagTree: ImportINI -  0.000 s
[2019.05.18-19.36.47:661][  0]LogStats: UGameplayTagsManager::ConstructGameplayTagTree: GameplayTagTreeChangedEvent.Broadcast -  0.000 s
[2019.05.18-19.36.49:652][  0]SourceControl: Source control is disabled
[2019.05.18-19.36.49:652][  0]Cmd: MAP LOAD FILE="../../../Engine/Content/Maps/Templates/Template_Default.umap" TEMPLATE=1 SHOWPROGRESS=1 FEATURELEVEL=3
[2019.05.18-19.36.49:652][  0]LightingResults: New page: Lighting Build
[2019.05.18-19.36.49:657][  0]MapCheck: New page: Map Check
[2019.05.18-19.36.49:657][  0]LightingResults: New page: Lighting Build
[2019.05.18-19.36.50:018][  0]LogAIModule: Creating AISystem for world Untitled_1
[2019.05.18-19.36.50:027][  0]LogEditorServer: Finished looking for orphan Actors (0.000 secs)
[2019.05.18-19.36.50:055][  0]Cmd: MAP CHECKDEP NOCLEARLOG
[2019.05.18-19.36.50:056][  0]MapCheck: Map check complete: 0 Error(s), 0 Warning(s), took 0.31ms to complete.
[2019.05.18-19.36.50:056][  0]LogFileHelpers: Loading map 'Template_Default' took 0.404
[2019.05.18-19.36.50:273][  0]LogSlate: Updating window title bar state: overlay mode, drag disabled, window buttons hidden, title bar hidden
[2019.05.18-19.36.50:289][  0]LogSlate: Updating window title bar state: overlay mode, drag disabled, window buttons hidden, title bar hidden
[2019.05.18-19.36.50:300][  0]LogSlate: Updating window title bar state: overlay mode, drag disabled, window buttons hidden, title bar hidden
[2019.05.18-19.36.50:316][  0]LogSlate: Updating window title bar state: overlay mode, drag disabled, window buttons hidden, title bar hidden
[2019.05.18-19.36.50:342][  0]LogCollectionManager: Loaded 0 collections in 0.003799 seconds
[2019.05.18-19.36.50:379][  0]LogFileCache: Scanning file cache for directory 'C:/Users/juare/OneDrive/Documents/Unreal Projects/Crossy_road/Saved/Collections/' took 0.01s
[2019.05.18-19.36.50:379][  0]LogFileCache: Scanning file cache for directory 'C:/Users/juare/OneDrive/Documents/Unreal Projects/Crossy_road/Content/Developers/juare/Collections/' took 0.00s
[2019.05.18-19.36.50:379][  0]LogFileCache: Scanning file cache for directory 'C:/Users/juare/OneDrive/Documents/Unreal Projects/Crossy_road/Content/Collections/' took 0.00s
[2019.05.18-19.36.50:379][  0]LogCollectionManager: Rebuilt the GUID cache for 0 collections in 0.000002 seconds
[2019.05.18-19.36.50:396][  0]LogContentBrowser: Native class hierarchy populated in 0.0150 seconds. Added 2709 classes and 653 folders.
[2019.05.18-19.36.50:417][  0]LogContentBrowser: Native class hierarchy updated for 'WidgetCarousel' in 0.0004 seconds. Added 0 classes and 0 folders.
[2019.05.18-19.36.50:433][  0]LogPakFile: Registered encryption key '00000000000000000000000000000000': 0 pak files mounted, 0 remain pending
[2019.05.18-19.36.50:442][  0]LogPakFile: Registered encryption key '00000000000000000000000000000000': 0 pak files mounted, 0 remain pending
[2019.05.18-19.36.50:462][  0]LogPakFile: Registered encryption key '00000000000000000000000000000000': 0 pak files mounted, 0 remain pending
[2019.05.18-19.36.50:469][  0]LogPakFile: Registered encryption key '00000000000000000000000000000000': 0 pak files mounted, 0 remain pending
[2019.05.18-19.36.50:476][  0]LogPakFile: Registered encryption key '00000000000000000000000000000000': 0 pak files mounted, 0 remain pending
[2019.05.18-19.36.50:483][  0]LogPakFile: Registered encryption key '00000000000000000000000000000000': 0 pak files mounted, 0 remain pending
[2019.05.18-19.36.50:490][  0]LogPakFile: Registered encryption key '00000000000000000000000000000000': 0 pak files mounted, 0 remain pending
[2019.05.18-19.36.50:499][  0]LogPakFile: Registered encryption key '00000000000000000000000000000000': 0 pak files mounted, 0 remain pending
[2019.05.18-19.36.50:508][  0]LogPakFile: Registered encryption key '00000000000000000000000000000000': 0 pak files mounted, 0 remain pending
[2019.05.18-19.36.50:517][  0]LogPakFile: Registered encryption key '00000000000000000000000000000000': 0 pak files mounted, 0 remain pending
[2019.05.18-19.36.50:525][  0]LogPakFile: Registered encryption key '00000000000000000000000000000000': 0 pak files mounted, 0 remain pending
[2019.05.18-19.36.50:532][  0]LogPakFile: Registered encryption key '00000000000000000000000000000000': 0 pak files mounted, 0 remain pending
[2019.05.18-19.36.50:541][  0]LogPakFile: Registered encryption key '00000000000000000000000000000000': 0 pak files mounted, 0 remain pending
[2019.05.18-19.36.50:550][  0]LogPakFile: Registered encryption key '00000000000000000000000000000000': 0 pak files mounted, 0 remain pending
[2019.05.18-19.36.50:557][  0]LogPakFile: Registered encryption key '00000000000000000000000000000000': 0 pak files mounted, 0 remain pending
[2019.05.18-19.36.50:564][  0]LogPakFile: Registered encryption key '00000000000000000000000000000000': 0 pak files mounted, 0 remain pending
[2019.05.18-19.36.50:593][  0]LogPakFile: Registered encryption key '00000000000000000000000000000000': 0 pak files mounted, 0 remain pending
[2019.05.18-19.36.50:602][  0]LogPakFile: Registered encryption key '00000000000000000000000000000000': 0 pak files mounted, 0 remain pending
[2019.05.18-19.36.50:610][  0]LogPakFile: Registered encryption key '00000000000000000000000000000000': 0 pak files mounted, 0 remain pending
[2019.05.18-19.36.50:618][  0]LogPakFile: Registered encryption key '00000000000000000000000000000000': 0 pak files mounted, 0 remain pending
[2019.05.18-19.36.50:654][  0]LogPakFile: Registered encryption key '00000000000000000000000000000000': 0 pak files mounted, 0 remain pending
[2019.05.18-19.36.50:662][  0]LogPakFile: Registered encryption key '00000000000000000000000000000000': 0 pak files mounted, 0 remain pending
[2019.05.18-19.36.50:670][  0]LogPakFile: Registered encryption key '00000000000000000000000000000000': 0 pak files mounted, 0 remain pending
[2019.05.18-19.36.50:679][  0]LogPakFile: Registered encryption key '00000000000000000000000000000000': 0 pak files mounted, 0 remain pending
[2019.05.18-19.36.50:687][  0]LogPakFile: Registered encryption key '00000000000000000000000000000000': 0 pak files mounted, 0 remain pending
[2019.05.18-19.36.50:695][  0]LogPakFile: Registered encryption key '00000000000000000000000000000000': 0 pak files mounted, 0 remain pending
[2019.05.18-19.36.50:702][  0]LogPakFile: Registered encryption key '00000000000000000000000000000000': 0 pak files mounted, 0 remain pending
[2019.05.18-19.36.50:711][  0]LogPakFile: Registered encryption key '00000000000000000000000000000000': 0 pak files mounted, 0 remain pending
[2019.05.18-19.36.50:964][  0]LogContentBrowser: Native class hierarchy updated for 'AddContentDialog' in 0.0004 seconds. Added 0 classes and 0 folders.
[2019.05.18-19.36.50:984][  0]LogContentBrowser: Native class hierarchy updated for 'SceneOutliner' in 0.0004 seconds. Added 1 classes and 2 folders.
[2019.05.18-19.36.51:222][  0]LogSlate: Took 0.000304 seconds to synchronously load lazily loaded font '../../../Engine/Content/Slate/Fonts/Roboto-Regular.ttf' (155K)
[2019.05.18-19.36.51:225][  0]LogSlate: Took 0.000269 seconds to synchronously load lazily loaded font '../../../Engine/Content/Slate/Fonts/Roboto-Bold.ttf' (160K)
[2019.05.18-19.36.51:246][  0]LogSlate: Took 0.008154 seconds to synchronously load lazily loaded font '../../../Engine/Content/Editor/Slate/Fonts/FontAwesome.ttf' (139K)
[2019.05.18-19.36.51:453][  0]LogRenderer: Reallocating scene render targets to support 852x336 Format 9 NumSamples 1 (Frame:1).
[2019.05.18-19.36.52:738][  0]LogContentBrowser: Native class hierarchy updated for 'HierarchicalLODOutliner' in 0.0004 seconds. Added 0 classes and 0 folders.
[2019.05.18-19.36.52:738][  0]LogLoad: (Engine Initialization) Total time: 22.20 seconds
[2019.05.18-19.36.52:738][  0]LogLoad: (Engine Initialization) Total Blueprint compile time: 0.00 seconds
[2019.05.18-19.36.52:757][  0]LogWindowsTextInputMethodSystem: Display: IME system now deactivated.
[2019.05.18-19.36.52:823][  0]LogContentStreaming: Texture pool size now 400 MB
[2019.05.18-19.36.53:080][  2]LogAssetRegistry: Asset discovery search completed in 15.5080 seconds
[2019.05.18-19.36.53:083][  2]LogCollectionManager: Rebuilt the object cache for 0 collections in 0.000001 seconds (found 0 objects)
[2019.05.18-19.36.53:083][  2]LogCollectionManager: Fixed up redirectors for 0 collections in 0.000102 seconds (updated 0 objects)
[2019.05.18-19.36.55:719][ 76]LogSlate: FSceneViewport::OnFocusLost() reason 0
[2019.05.18-19.36.55:785][ 79]LogSlate: Took 0.007488 seconds to synchronously load lazily loaded font '../../../Engine/Content/Slate/Fonts/Roboto-Light.ttf' (167K)
[2019.05.18-19.36.57:339][130]LogSlate: Took 0.002845 seconds to synchronously load lazily loaded font '../../../Engine/Content/Slate/Fonts/Roboto-Light.ttf' (167K)
[2019.05.18-19.36.57:882][130]LogAIModule: Creating AISystem for world Map
[2019.05.18-19.36.57:894][130]LogAssetEditorManager: Opening Asset editor for World /Game/Maps/Map.Map
[2019.05.18-19.36.57:932][130]Cmd: MAP LOAD FILE="../../../../../../Users/juare/OneDrive/Documents/Unreal Projects/Crossy_road/Content/Maps/Map.umap" TEMPLATE=0 SHOWPROGRESS=1 FEATURELEVEL=3
[2019.05.18-19.36.57:932][130]LightingResults: New page: Lighting Build
[2019.05.18-19.36.57:934][130]LoadErrors: New page: Loading map: Map.umap
[2019.05.18-19.36.57:935][130]MapCheck: New page: Map Check
[2019.05.18-19.36.57:935][130]LightingResults: New page: Lighting Build
[2019.05.18-19.36.58:072][130]LogEditorServer: Finished looking for orphan Actors (0.000 secs)
[2019.05.18-19.36.58:136][130]Cmd: MAP CHECKDEP NOCLEARLOG
[2019.05.18-19.36.58:138][130]MapCheck: Map check complete: 0 Error(s), 0 Warning(s), took 0.231ms to complete.
[2019.05.18-19.36.58:138][130]LogFileHelpers: Loading map 'Map' took 0.207
[2019.05.18-19.37.34:097][668]LogFactory: FactoryCreateFile: StaticMesh with FbxFactory (0 0 ../../../../../../Users/juare/Dropbox (CSU Fullerton)/CPSC 386 - Videogame Design/Crossy Road/sprites/players/bunny/rabbit.obj)
[2019.05.18-19.37.34:170][668]LogFbx: Loading FBX Scene from ../../../../../../Users/juare/Dropbox (CSU Fullerton)/CPSC 386 - Videogame Design/Crossy Road/sprites/players/bunny/rabbit.obj
[2019.05.18-19.37.34:250][668]LogFbx: FBX Scene Loaded Succesfully
[2019.05.18-19.37.36:214][668]LogSlate: Window 'FBX Import Options' being destroyed
[2019.05.18-19.37.36:530][668]LogLinker: Can't find file '/Game/Characters/bunny'
[2019.05.18-19.37.36:530][668]LogLinker: Can't find file '/Game/Characters/bunny'
[2019.05.18-19.37.36:536][668]LogTexture: Display: Building textures: bunny (BGRA8, 256X1)
[2019.05.18-19.37.36:547][668]LogMaterial: Display: Missing cached shader map for material palette, compiling. 
[2019.05.18-19.37.36:622][668]LogShaderCompilers: Display: Shaders left to compile 22
[2019.05.18-19.37.36:622][668]LogShaderCompilers: Display: Shaders left to compile 12
[2019.05.18-19.37.36:622][668]LogShaderCompilers: Display: Shaders left to compile 2
[2019.05.18-19.37.36:625][668]LogStaticMesh: Building static mesh rabbit...
[2019.05.18-19.37.36:635][668]LogStaticMesh: Built static mesh [0.01s] /Game/Characters/rabbit.rabbit
[2019.05.18-19.37.36:637][668]LogStaticMesh: Warning: rabbit has degenerate tangent bases which will result in incorrect shading.  MikkTSpace relies on tangent bases and may result in mesh corruption, consider disabling this option.
[2019.05.18-19.37.36:637][668]LogStaticMesh: Warning: rabbit has some nearly zero bi-normals which can create some issues. (Tolerance of 1E-4)
[2019.05.18-19.37.36:655][668]FBXImport: Warning: rabbit has degenerate tangent bases which will result in incorrect shading.  MikkTSpace relies on tangent bases and may result in mesh corruption, consider disabling this option. 
[2019.05.18-19.37.36:655][668]FBXImport: Warning: rabbit has some nearly zero bi-normals which can create some issues. (Tolerance of 1E-4) 
[2019.05.18-19.37.43:210][820]LogSlate: Window 'Message Log' being destroyed
[2019.05.18-19.37.43:227][820]LogSlate: Window 'Message Log' being destroyed
[2019.05.18-19.37.49:482][971]LogAssetEditorManager: Opening Asset editor for StaticMesh /Game/Characters/rabbit.rabbit
[2019.05.18-19.37.52:594][971]LogRenderer: Reallocating scene render targets to support 852x572 Format 9 NumSamples 1 (Frame:1).
[2019.05.18-19.37.56:182][  8]LogSlate: FSceneViewport::OnFocusLost() reason 0
[2019.05.18-19.39.10:924][147]LogSlate: FSceneViewport::OnFocusLost() reason 0
[2019.05.18-19.39.10:972][148]LogSlate: Window 'rabbit*' being destroyed
[2019.05.18-19.39.10:990][148]LogSlate: Window 'rabbit*' being destroyed
[2019.05.18-19.39.14:854][223]LogSlate: Window 'Pick Parent Class' being destroyed
[2019.05.18-19.39.21:471][369]LogAssetEditorManager: Opening Asset editor for Blueprint /Game/Characters/BP_bunny.BP_bunny
[2019.05.18-19.39.22:856][369]LogContentBrowser: Native class hierarchy updated for 'BlueprintGraph' in 0.0010 seconds. Added 117 classes and 0 folders.
[2019.05.18-19.39.25:393][391]LogSlate: Took 0.035234 seconds to synchronously load lazily loaded font '../../../Engine/Content/Slate/Fonts/Roboto-Italic.ttf' (157K)
[2019.05.18-19.39.47:546][858]LogSlate: FSceneViewport::OnFocusLost() reason 0
[2019.05.18-19.40.01:871][111]LogSlate: FSceneViewport::OnFocusLost() reason 0
[2019.05.18-19.40.01:943][112]LogSlate: Window 'BP_bunny*' being destroyed
[2019.05.18-19.40.01:949][112]LogSlate: Window 'BP_bunny*' being destroyed
[2019.05.18-19.40.04:190][144]LogSlate: Window 'Save Content' being destroyed
[2019.05.18-19.40.04:271][144]Cmd: OBJ SAVEPACKAGE PACKAGE="/Game/Characters/BP_bunny" FILE="../../../../../../Users/juare/OneDrive/Documents/Unreal Projects/Crossy_road/Content/Characters/BP_bunny.uasset" SILENT=true
[2019.05.18-19.40.04:365][144]LogSavePackage: Moving '../../../../../../Users/juare/OneDrive/Documents/Unreal Projects/Crossy_road/Saved/BP_bunny3143E4614B413403D2DC50B63F7382B3.tmp' to '../../../../../../Users/juare/OneDrive/Documents/Unreal Projects/Crossy_road/Content/Characters/BP_bunny.uasset'
[2019.05.18-19.40.04:393][144]Cmd: OBJ SAVEPACKAGE PACKAGE="/Game/Characters/bunny" FILE="../../../../../../Users/juare/OneDrive/Documents/Unreal Projects/Crossy_road/Content/Characters/bunny.uasset" SILENT=true
[2019.05.18-19.40.04:411][144]LogSavePackage: Moving '../../../../../../Users/juare/OneDrive/Documents/Unreal Projects/Crossy_road/Saved/bunny8E9222B447B7B50398B4C797BEFA6B28.tmp' to '../../../../../../Users/juare/OneDrive/Documents/Unreal Projects/Crossy_road/Content/Characters/bunny.uasset'
[2019.05.18-19.40.04:460][144]Cmd: OBJ SAVEPACKAGE PACKAGE="/Game/Characters/palette" FILE="../../../../../../Users/juare/OneDrive/Documents/Unreal Projects/Crossy_road/Content/Characters/palette.uasset" SILENT=true
[2019.05.18-19.40.04:503][144]LogSavePackage: Moving '../../../../../../Users/juare/OneDrive/Documents/Unreal Projects/Crossy_road/Saved/paletteE54CE6CB411D1E89944919B5D572E275.tmp' to '../../../../../../Users/juare/OneDrive/Documents/Unreal Projects/Crossy_road/Content/Characters/palette.uasset'
[2019.05.18-19.40.04:530][144]Cmd: OBJ SAVEPACKAGE PACKAGE="/Game/Characters/rabbit" FILE="../../../../../../Users/juare/OneDrive/Documents/Unreal Projects/Crossy_road/Content/Characters/rabbit.uasset" SILENT=true
[2019.05.18-19.40.04:551][144]LogSavePackage: Moving '../../../../../../Users/juare/OneDrive/Documents/Unreal Projects/Crossy_road/Saved/rabbit3D1C6E2647C12DED117614A65A6CB299.tmp' to '../../../../../../Users/juare/OneDrive/Documents/Unreal Projects/Crossy_road/Content/Characters/rabbit.uasset'
[2019.05.18-19.40.04:695][144]LogSlate: Window 'Crossy_road - Unreal Editor' being destroyed
[2019.05.18-19.40.04:696][144]LogWindowsTextInputMethodSystem: Display: IME system now deactivated.
[2019.05.18-19.40.05:116][145]Cmd: QUIT_EDITOR
[2019.05.18-19.40.05:202][145]LogExit: Preparing to exit.
[2019.05.18-19.40.06:010][145]LogExit: Editor shut down
[2019.05.18-19.40.06:011][145]LogExit: Transaction tracking system shut down
[2019.05.18-19.40.06:335][145]LogExit: Object subsystem successfully closed.
[2019.05.18-19.40.06:356][145]LogShaderCompilers: Display: Shaders left to compile 0
[2019.05.18-19.40.06:366][145]LogD3D11RHI: Shutdown
[2019.05.18-19.40.06:366][145]LogD3D11RHI: CleanupD3DDevice
[2019.05.18-19.40.06:420][145]LogD3D11RHI: [IntelMetricsDiscovery] Stopped
[2019.05.18-19.40.06:420][145]LogD3D11RHI: ~FD3D11DynamicRHI
[2019.05.18-19.40.06:474][145]LogModuleManager: Shutting down and abandoning module BlueprintGraph (650)
[2019.05.18-19.40.06:474][145]LogModuleManager: Shutting down and abandoning module MeshBuilder (648)
[2019.05.18-19.40.06:474][145]LogModuleManager: Shutting down and abandoning module HierarchicalLODOutliner (646)
[2019.05.18-19.40.06:474][145]LogModuleManager: Shutting down and abandoning module SceneOutliner (644)
[2019.05.18-19.40.06:474][145]LogModuleManager: Shutting down and abandoning module AddContentDialog (642)
[2019.05.18-19.40.06:475][145]LogModuleManager: Shutting down and abandoning module WidgetCarousel (641)
[2019.05.18-19.40.06:475][145]LogModuleManager: Shutting down and abandoning module EditorWidgets (638)
[2019.05.18-19.40.06:475][145]LogModuleManager: Shutting down and abandoning module CollectionManager (636)
[2019.05.18-19.40.06:475][145]LogModuleManager: Shutting down and abandoning module HierarchicalLODUtilities (634)
[2019.05.18-19.40.06:475][145]LogModuleManager: Shutting down and abandoning module StatsViewer (632)
[2019.05.18-19.40.06:475][145]LogModuleManager: Shutting down and abandoning module FoliageEdit (630)
[2019.05.18-19.40.06:475][145]LogModuleManager: Shutting down and abandoning module LandscapeEditor (628)
[2019.05.18-19.40.06:475][145]LogModuleManager: Shutting down and abandoning module MeshPaintMode (626)
[2019.05.18-19.40.06:475][145]LogModuleManager: Shutting down and abandoning module SceneDepthPickerMode (624)
[2019.05.18-19.40.06:475][145]LogModuleManager: Shutting down and abandoning module ActorPickerMode (622)
[2019.05.18-19.40.06:475][145]LogModuleManager: Shutting down and abandoning module GeometryMode (620)
[2019.05.18-19.40.06:475][145]LogModuleManager: Shutting down and abandoning module TextureAlignMode (618)
[2019.05.18-19.40.06:475][145]LogModuleManager: Shutting down and abandoning module BspMode (616)
[2019.05.18-19.40.06:475][145]LogModuleManager: Shutting down and abandoning module PIEPreviewDeviceProfileSelector (614)
[2019.05.18-19.40.06:476][145]LogModuleManager: Shutting down and abandoning module SequenceRecorderSections (612)
[2019.05.18-19.40.06:476][145]LogModuleManager: Shutting down and abandoning module AutomationWorker (610)
[2019.05.18-19.40.06:476][145]LogModuleManager: Shutting down and abandoning module DatasmithFBXImporter (608)
[2019.05.18-19.40.06:476][145]LogModuleManager: Shutting down and abandoning module DatasmithDeltaGenImporter (606)
[2019.05.18-19.40.06:477][145]LogModuleManager: Shutting down and abandoning module DatasmithVREDImporter (604)
[2019.05.18-19.40.06:477][145]LogModuleManager: Shutting down and abandoning module AudioCaptureEditor (602)
[2019.05.18-19.40.06:477][145]LogModuleManager: Shutting down and abandoning module MatineeToLevelSequence (600)
[2019.05.18-19.40.06:477][145]LogModuleManager: Shutting down and abandoning module LevelSequenceEditor (598)
[2019.05.18-19.40.06:477][145]LogModuleManager: Shutting down and abandoning module PlacementMode (597)
[2019.05.18-19.40.06:477][145]LogModuleManager: Shutting down and abandoning module MaterialEditor (596)
[2019.05.18-19.40.06:477][145]LogModuleManager: Shutting down and abandoning module WmfMediaFactory (592)
[2019.05.18-19.40.06:477][145]LogModuleManager: Shutting down and abandoning module WmfMediaEditor (590)
[2019.05.18-19.40.06:478][145]LogModuleManager: Shutting down and abandoning module WebMMediaFactory (588)
[2019.05.18-19.40.06:478][145]LogModuleManager: Shutting down and abandoning module WebMMediaEditor (586)
[2019.05.18-19.40.06:478][145]LogModuleManager: Shutting down and abandoning module WebMMedia (584)
[2019.05.18-19.40.06:478][145]LogModuleManager: Shutting down and abandoning module MediaPlayerEditor (582)
[2019.05.18-19.40.06:478][145]LogModuleManager: Shutting down and abandoning module MediaCompositingEditor (580)
[2019.05.18-19.40.06:478][145]LogModuleManager: Shutting down and abandoning module SequenceRecorder (579)
[2019.05.18-19.40.06:478][145]LogModuleManager: Shutting down and abandoning module OpenExrWrapper (576)
[2019.05.18-19.40.06:478][145]LogModuleManager: Shutting down and abandoning module ImgMediaFactory (574)
[2019.05.18-19.40.06:478][145]LogModuleManager: Shutting down and abandoning module ImgMediaEditor (572)
[2019.05.18-19.40.06:478][145]LogModuleManager: Shutting down and abandoning module AvfMediaFactory (570)
[2019.05.18-19.40.06:478][145]LogModuleManager: Shutting down and abandoning module AvfMediaEditor (568)
[2019.05.18-19.40.06:478][145]LogModuleManager: Shutting down and abandoning module AndroidMediaFactory (566)
[2019.05.18-19.40.06:479][145]LogModuleManager: Shutting down and abandoning module AndroidMediaEditor (564)
[2019.05.18-19.40.06:479][145]LogModuleManager: Shutting down and abandoning module MagicLeapCameraPreviewFactory (562)
[2019.05.18-19.40.06:479][145]LogModuleManager: Shutting down and abandoning module MagicLeapMediaFactory (560)
[2019.05.18-19.40.06:479][145]LogModuleManager: Shutting down and abandoning module MagicLeapMediaEditor (558)
[2019.05.18-19.40.06:479][145]LogModuleManager: Shutting down and abandoning module CharacterAI (556)
[2019.05.18-19.40.06:479][145]LogModuleManager: Shutting down and abandoning module SmartSnapping (554)
[2019.05.18-19.40.06:479][145]LogModuleManager: Shutting down and abandoning module SessionServices (552)
[2019.05.18-19.40.06:479][145]LogModuleManager: Shutting down and abandoning module ViewportSnapping (550)
[2019.05.18-19.40.06:479][145]LogModuleManager: Shutting down and abandoning module ViewportInteraction (548)
[2019.05.18-19.40.06:479][145]LogModuleManager: Shutting down and abandoning module ClothPainter (546)
[2019.05.18-19.40.06:479][145]LogModuleManager: Shutting down and abandoning module SkeletalMeshEditor (545)
[2019.05.18-19.40.06:479][145]LogModuleManager: Shutting down and abandoning module LogVisualizer (542)
[2019.05.18-19.40.06:479][145]LogModuleManager: Shutting down and abandoning module IntroTutorials (540)
[2019.05.18-19.40.06:479][145]LogModuleManager: Shutting down and abandoning module GameProjectGeneration (539)
[2019.05.18-19.40.06:479][145]LogModuleManager: Shutting down and abandoning module LuminPlatformEditor (536)
[2019.05.18-19.40.06:479][145]LogModuleManager: Shutting down and abandoning module IOSPlatformEditor (534)
[2019.05.18-19.40.06:479][145]LogModuleManager: Shutting down and abandoning module HTML5PlatformEditor (532)
[2019.05.18-19.40.06:479][145]LogModuleManager: Shutting down and abandoning module AndroidPlatformEditor (530)
[2019.05.18-19.40.06:479][145]LogModuleManager: Shutting down and abandoning module AndroidDeviceDetection (529)
[2019.05.18-19.40.06:755][145]LogModuleManager: Shutting down and abandoning module WindowsPlatformEditor (526)
[2019.05.18-19.40.06:755][145]LogModuleManager: Shutting down and abandoning module LuminRuntimeSettings (524)
[2019.05.18-19.40.06:755][145]LogModuleManager: Shutting down and abandoning module IOSRuntimeSettings (522)
[2019.05.18-19.40.06:755][145]LogModuleManager: Shutting down and abandoning module AndroidRuntimeSettings (520)
[2019.05.18-19.40.06:755][145]LogModuleManager: Shutting down and abandoning module TimeManagementEditor (518)
[2019.05.18-19.40.06:755][145]LogModuleManager: Shutting down and abandoning module InputBindingEditor (516)
[2019.05.18-19.40.06:755][145]LogModuleManager: Shutting down and abandoning module MergeActors (514)
[2019.05.18-19.40.06:755][145]LogModuleManager: Shutting down and abandoning module LocalizationDashboard (512)
[2019.05.18-19.40.06:755][145]LogModuleManager: Shutting down and abandoning module LocalizationService (511)
[2019.05.18-19.40.06:755][145]LogModuleManager: Shutting down and abandoning module HardwareTargeting (508)
[2019.05.18-19.40.06:755][145]LogModuleManager: Shutting down and abandoning module DeviceProfileEditor (506)
[2019.05.18-19.40.06:755][145]LogModuleManager: Shutting down and abandoning module UndoHistory (504)
[2019.05.18-19.40.06:755][145]LogModuleManager: Shutting down and abandoning module XmlParser (502)
[2019.05.18-19.40.06:755][145]LogModuleManager: Shutting down and abandoning module Blutility (500)
[2019.05.18-19.40.06:755][145]LogModuleManager: Shutting down and abandoning module ProjectSettingsViewer (498)
[2019.05.18-19.40.06:755][145]LogModuleManager: Shutting down and abandoning module ProjectTargetPlatformEditor (497)
[2019.05.18-19.40.06:755][145]LogModuleManager: Shutting down and abandoning module EditorSettingsViewer (494)
[2019.05.18-19.40.06:755][145]LogModuleManager: Shutting down and abandoning module SettingsEditor (492)
[2019.05.18-19.40.06:756][145]LogModuleManager: Shutting down and abandoning module ProjectLauncher (490)
[2019.05.18-19.40.06:756][145]LogModuleManager: Shutting down and abandoning module SessionFrontend (488)
[2019.05.18-19.40.06:756][145]LogModuleManager: Shutting down and abandoning module ProfilerClient (486)
[2019.05.18-19.40.06:756][145]LogModuleManager: Shutting down and abandoning module DeviceManager (484)
[2019.05.18-19.40.06:756][145]LogModuleManager: Shutting down and abandoning module TargetDeviceServices (483)
[2019.05.18-19.40.06:809][145]LogModuleManager: Shutting down and abandoning module AutomationController (480)
[2019.05.18-19.40.06:809][145]LogModuleManager: Shutting down and abandoning module AutomationWindow (478)
[2019.05.18-19.40.06:809][145]LogModuleManager: Shutting down and abandoning module Layers (476)
[2019.05.18-19.40.06:810][145]LogModuleManager: Shutting down and abandoning module ComponentVisualizers (474)
[2019.05.18-19.40.06:810][145]LogModuleManager: Shutting down and abandoning module DetailCustomizations (472)
[2019.05.18-19.40.06:810][145]LogModuleManager: Shutting down and abandoning module PackagesDialog (470)
[2019.05.18-19.40.06:810][145]LogModuleManager: Shutting down and abandoning module Persona (468)
[2019.05.18-19.40.06:810][145]LogModuleManager: Shutting down and abandoning module AnimGraph (467)
[2019.05.18-19.40.06:810][145]LogModuleManager: Shutting down and abandoning module Kismet (464)
[2019.05.18-19.40.06:819][145]LogModuleManager: Shutting down and abandoning module GraphEditor (462)
[2019.05.18-19.40.06:819][145]LogModuleManager: Shutting down and abandoning module ClassViewer (460)
[2019.05.18-19.40.06:821][145]LogModuleManager: Shutting down and abandoning module Toolbox (458)
[2019.05.18-19.40.06:821][145]LogModuleManager: Shutting down and abandoning module ModuleUI (456)
[2019.05.18-19.40.06:821][145]LogModuleManager: Shutting down and abandoning module MovieSceneTools (454)
[2019.05.18-19.40.06:821][145]LogModuleManager: Shutting down and abandoning module OutputLog (452)
[2019.05.18-19.40.06:821][145]LogModuleManager: Shutting down and abandoning module GammaUI (450)
[2019.05.18-19.40.06:821][145]LogModuleManager: Shutting down and abandoning module Documentation (448)
[2019.05.18-19.40.06:821][145]LogModuleManager: Shutting down and abandoning module MovieSceneTracks (446)
[2019.05.18-19.40.06:821][145]LogModuleManager: Shutting down and abandoning module MovieScene (444)
[2019.05.18-19.40.06:821][145]LogModuleManager: Shutting down and abandoning module StreamingPauseRendering (442)
[2019.05.18-19.40.06:821][145]LogModuleManager: Shutting down and abandoning module LauncherPlatform (440)
[2019.05.18-19.40.06:821][145]LogModuleManager: Shutting down and abandoning module AnalyticsET (438)
[2019.05.18-19.40.06:821][145]LogModuleManager: Shutting down and abandoning module PortalServices (436)
[2019.05.18-19.40.06:821][145]LogModuleManager: Shutting down and abandoning module PortalRpc (434)
[2019.05.18-19.40.06:822][145]LogModuleManager: Shutting down and abandoning module MessagingRpc (432)
[2019.05.18-19.40.06:822][145]LogModuleManager: Shutting down and abandoning module AIModule (430)
[2019.05.18-19.40.06:822][145]LogModuleManager: Shutting down and abandoning module GameplayDebugger (429)
[2019.05.18-19.40.06:822][145]LogModuleManager: Shutting down and abandoning module AITestSuite (427)
[2019.05.18-19.40.06:822][145]LogModuleManager: Shutting down and abandoning module NavigationSystem (425)
[2019.05.18-19.40.06:822][145]LogModuleManager: Shutting down and abandoning module DesktopPlatform (422)
[2019.05.18-19.40.06:822][145]LogModuleManager: Shutting down and abandoning module ImageWriteQueue (420)
[2019.05.18-19.40.06:830][145]LogModuleManager: Shutting down and abandoning module ProfilerService (418)
[2019.05.18-19.40.06:988][145]LogModuleManager: Shutting down and abandoning module TaskGraph (416)
[2019.05.18-19.40.06:989][145]LogModuleManager: Shutting down and abandoning module DatasmithCADImporter (414)
[2019.05.18-19.40.06:989][145]LogModuleManager: Shutting down and abandoning module VariantManager (412)
[2019.05.18-19.40.07:014][145]LogModuleManager: Shutting down and abandoning module StaticMeshEditorExtension (410)
[2019.05.18-19.40.07:015][145]LogModuleManager: Shutting down and abandoning module StaticMeshEditor (409)
[2019.05.18-19.40.07:015][145]LogModuleManager: Shutting down and abandoning module AdvancedPreviewScene (408)
[2019.05.18-19.40.07:015][145]LogModuleManager: Shutting down and abandoning module MeshProcessingLibrary (405)
[2019.05.18-19.40.07:015][145]LogModuleManager: Shutting down and abandoning module MDLImporter (402)
[2019.05.18-19.40.07:015][145]LogModuleManager: Shutting down and abandoning module DatasmithImporter (400)
[2019.05.18-19.40.07:015][145]LogModuleManager: Shutting down and abandoning module SteamVRController (398)
[2019.05.18-19.40.07:015][145]LogModuleManager: Shutting down and abandoning module ProceduralMeshComponentEditor (396)
[2019.05.18-19.40.07:015][145]LogModuleManager: Shutting down and abandoning module ProceduralMeshComponent (394)
[2019.05.18-19.40.07:015][145]LogModuleManager: Shutting down and abandoning module OculusInput (392)
[2019.05.18-19.40.07:015][145]LogModuleManager: Shutting down and abandoning module MobilePatchingUtils (390)
[2019.05.18-19.40.07:016][145]LogModuleManager: Shutting down and abandoning module EditableMesh (388)
[2019.05.18-19.40.07:016][145]LogModuleManager: Shutting down and abandoning module CustomMeshComponent (386)
[2019.05.18-19.40.07:016][145]LogModuleManager: Shutting down and abandoning module CableComponent (384)
[2019.05.18-19.40.07:016][145]LogModuleManager: Shutting down and abandoning module AudioCapture (382)
[2019.05.18-19.40.07:016][145]LogModuleManager: Shutting down and abandoning module ArchVisCharacter (380)
[2019.05.18-19.40.07:016][145]LogModuleManager: Shutting down and abandoning module AndroidPermission (378)
[2019.05.18-19.40.07:016][145]LogModuleManager: Shutting down and abandoning module NUTUnrealEngine4 (376)
[2019.05.18-19.40.07:016][145]LogModuleManager: Shutting down and abandoning module NetcodeUnitTest (374)
[2019.05.18-19.40.07:016][145]LogModuleManager: Shutting down and abandoning module MediaCompositing (372)
[2019.05.18-19.40.07:016][145]LogModuleManager: Shutting down and abandoning module LinearTimecode (370)
[2019.05.18-19.40.07:016][145]LogModuleManager: Shutting down and abandoning module ImgMedia (368)
[2019.05.18-19.40.07:027][145]LogModuleManager: Shutting down and abandoning module HTML5Networking (366)
[2019.05.18-19.40.07:028][145]LogModuleManager: Shutting down and abandoning module GeometryCacheTracks (364)
[2019.05.18-19.40.07:028][145]LogModuleManager: Shutting down and abandoning module GeometryCacheSequencer (362)
[2019.05.18-19.40.07:028][145]LogModuleManager: Shutting down and abandoning module BackChannel (360)
[2019.05.18-19.40.07:028][145]LogModuleManager: Shutting down and abandoning module AppleVision (358)
[2019.05.18-19.40.07:028][145]LogModuleManager: Shutting down and abandoning module AppleImageUtilsBlueprintSupport (356)
[2019.05.18-19.40.07:028][145]LogModuleManager: Shutting down and abandoning module AppleImageUtils (354)
[2019.05.18-19.40.07:028][145]LogModuleManager: Shutting down and abandoning module AlembicImporter (352)
[2019.05.18-19.40.07:028][145]LogModuleManager: Shutting down and abandoning module AlembicLibrary (351)
[2019.05.18-19.40.07:028][145]LogModuleManager: Shutting down and abandoning module GeometryCache (350)
[2019.05.18-19.40.07:028][145]LogModuleManager: Shutting down and abandoning module GeometryCacheEd (349)
[2019.05.18-19.40.07:028][145]LogModuleManager: Shutting down and abandoning module VariantManagerContent (344)
[2019.05.18-19.40.07:028][145]LogModuleManager: Shutting down and abandoning module DatasmithContentEditor (342)
[2019.05.18-19.40.07:028][145]LogModuleManager: Shutting down and abandoning module SpeedTreeImporter (340)
[2019.05.18-19.40.07:028][145]LogModuleManager: Shutting down and abandoning module PluginBrowser (338)
[2019.05.18-19.40.07:028][145]LogModuleManager: Shutting down and abandoning module MobileLauncherProfileWizard (336)
[2019.05.18-19.40.07:029][145]LogModuleManager: Shutting down and abandoning module PolygonModeling (334)
[2019.05.18-19.40.07:029][145]LogModuleManager: Shutting down and abandoning module MeshEditor (332)
[2019.05.18-19.40.07:029][145]LogModuleManager: Shutting down and abandoning module EditorScriptingUtilities (330)
[2019.05.18-19.40.07:029][145]LogModuleManager: Shutting down and abandoning module CryptoKeysOpenSSL (328)
[2019.05.18-19.40.07:029][145]LogModuleManager: Shutting down and abandoning module CryptoKeys (326)
[2019.05.18-19.40.07:029][145]LogModuleManager: Shutting down and abandoning module VisualStudioSourceCodeAccess (324)
[2019.05.18-19.40.07:029][145]LogModuleManager: Shutting down and abandoning module VisualStudioCodeSourceCodeAccess (322)
[2019.05.18-19.40.07:029][145]LogModuleManager: Shutting down and abandoning module UObjectPlugin (320)
[2019.05.18-19.40.07:029][145]LogModuleManager: Shutting down and abandoning module SubversionSourceControl (318)
[2019.05.18-19.40.07:029][145]LogModuleManager: Shutting down and abandoning module PerforceSourceControl (316)
[2019.05.18-19.40.07:029][145]LogModuleManager: Shutting down and abandoning module GitSourceControl (314)
[2019.05.18-19.40.07:029][145]LogModuleManager: Shutting down and abandoning module SourceControl (313)
[2019.05.18-19.40.07:029][145]LogModuleManager: Shutting down and abandoning module CLionSourceCodeAccess (310)
[2019.05.18-19.40.07:029][145]LogModuleManager: Shutting down and abandoning module ActorLayerUtilitiesEditor (308)
[2019.05.18-19.40.07:029][145]LogModuleManager: Shutting down and abandoning module ActorLayerUtilities (306)
[2019.05.18-19.40.07:029][145]LogModuleManager: Shutting down and abandoning module LightPropagationVolumeEditor (304)
[2019.05.18-19.40.07:029][145]LogModuleManager: Shutting down and abandoning module PaperTiledImporter (302)
[2019.05.18-19.40.07:030][145]LogModuleManager: Shutting down and abandoning module PaperSpriteSheetImporter (300)
[2019.05.18-19.40.07:030][145]LogModuleManager: Shutting down and abandoning module Paper2DEditor (298)
[2019.05.18-19.40.07:030][145]LogModuleManager: Shutting down and abandoning module MeshPaint (297)
[2019.05.18-19.40.07:030][145]LogModuleManager: Shutting down and abandoning module RuntimePhysXCooking (294)
[2019.05.18-19.40.07:030][145]LogModuleManager: Shutting down and abandoning module PhysXVehiclesEditor (292)
[2019.05.18-19.40.07:030][145]LogModuleManager: Shutting down and abandoning module PhysXVehicles (290)
[2019.05.18-19.40.07:030][145]LogModuleManager: Shutting down and abandoning module OculusEditor (288)
[2019.05.18-19.40.07:030][145]LogModuleManager: Shutting down and abandoning module LocationServicesBPLibrary (286)
[2019.05.18-19.40.07:030][145]LogModuleManager: Shutting down and abandoning module ActorSequence (284)
[2019.05.18-19.40.07:030][145]LogModuleManager: Shutting down and abandoning module UdpMessaging (282)
[2019.05.18-19.40.07:131][145]LogModuleManager: Shutting down and abandoning module TcpMessaging (280)
[2019.05.18-19.40.07:232][145]LogModuleManager: Shutting down and abandoning module MagicLeapAudio (278)
[2019.05.18-19.40.07:232][145]LogModuleManager: Shutting down and abandoning module GameplayTagsEditor (276)
[2019.05.18-19.40.07:232][145]LogModuleManager: Shutting down and abandoning module FacialAnimationEditor (274)
[2019.05.18-19.40.07:232][145]LogModuleManager: Shutting down and abandoning module FacialAnimation (272)
[2019.05.18-19.40.07:232][145]LogModuleManager: Shutting down and abandoning module DataValidation (270)
[2019.05.18-19.40.07:232][145]LogModuleManager: Shutting down and abandoning module AssetManagerEditor (268)
[2019.05.18-19.40.07:232][145]LogModuleManager: Shutting down and abandoning module LevelEditor (267)
[2019.05.18-19.40.07:234][145]LogModuleManager: Shutting down and abandoning module PixelInspectorModule (266)
[2019.05.18-19.40.07:234][145]LogModuleManager: Shutting down and abandoning module CommonMenuExtensions (264)
[2019.05.18-19.40.07:234][145]LogModuleManager: Shutting down and abandoning module MainFrame (262)
[2019.05.18-19.40.07:234][145]LogModuleManager: Shutting down and abandoning module HotReload (261)
[2019.05.18-19.40.07:235][145]LogModuleManager: Shutting down and abandoning module ContentBrowser (257)
[2019.05.18-19.40.07:236][145]LogModuleManager: Shutting down and abandoning module TreeMap (255)
[2019.05.18-19.40.07:237][145]LogModuleManager: Shutting down and abandoning module LightPropagationVolumeRuntime (252)
[2019.05.18-19.40.07:237][145]LogModuleManager: Shutting down and abandoning module AISupportModule (250)
[2019.05.18-19.40.07:237][145]LogModuleManager: Shutting down and abandoning module Paper2D (248)
[2019.05.18-19.40.07:237][145]LogModuleManager: Shutting down and abandoning module WindowsMoviePlayer (246)
[2019.05.18-19.40.07:237][145]LogModuleManager: Shutting down and abandoning module WebMMoviePlayer (244)
[2019.05.18-19.40.07:237][145]LogModuleManager: Shutting down and abandoning module WmfMedia (242)
[2019.05.18-19.40.07:246][145]LogModuleManager: Shutting down and abandoning module Media (241)
[2019.05.18-19.40.07:253][145]LogModuleManager: Shutting down and abandoning module PacketHandler (238)
[2019.05.18-19.40.07:254][145]LogModuleManager: Shutting down and abandoning module ClothingSystemEditor (236)
[2019.05.18-19.40.07:254][145]LogModuleManager: Shutting down and abandoning module ClothingSystemRuntime (234)
[2019.05.18-19.40.07:254][145]LogModuleManager: Shutting down and abandoning module MediaAssets (232)
[2019.05.18-19.40.07:254][145]LogModuleManager: Shutting down and abandoning module Overlay (230)
[2019.05.18-19.40.07:254][145]LogModuleManager: Shutting down and abandoning module OverlayEditor (229)
[2019.05.18-19.40.07:254][145]LogModuleManager: Shutting down and abandoning module VREditor (226)
[2019.05.18-19.40.07:254][145]LogModuleManager: Shutting down and abandoning module StringTableEditor (224)
[2019.05.18-19.40.07:254][145]LogModuleManager: Shutting down and abandoning module GameplayTasksEditor (222)
[2019.05.18-19.40.07:254][145]LogModuleManager: Shutting down and abandoning module BehaviorTreeEditor (220)
[2019.05.18-19.40.07:254][145]LogModuleManager: Shutting down and abandoning module FunctionalTesting (218)
[2019.05.18-19.40.07:254][145]LogModuleManager: Shutting down and abandoning module CollisionAnalyzer (216)
[2019.05.18-19.40.07:254][145]LogModuleManager: Shutting down and abandoning module WorkspaceMenuStructure (215)
[2019.05.18-19.40.07:254][145]LogModuleManager: Shutting down and abandoning module UMG (212)
[2019.05.18-19.40.07:254][145]LogModuleManager: Shutting down and abandoning module UMGEditor (211)
[2019.05.18-19.40.07:255][145]LogModuleManager: Shutting down and abandoning module Sequencer (210)
[2019.05.18-19.40.07:255][145]LogModuleManager: Shutting down and abandoning module MessageLog (207)
[2019.05.18-19.40.07:255][145]LogModuleManager: Shutting down and abandoning module SlateReflector (202)
[2019.05.18-19.40.07:255][145]LogModuleManager: Shutting down and abandoning module Slate (200)
[2019.05.18-19.40.07:255][145]LogModuleManager: Shutting down and abandoning module EditorStyle (198)
[2019.05.18-19.40.07:258][145]LogModuleManager: Shutting down and abandoning module MRMesh (196)
[2019.05.18-19.40.07:258][145]LogModuleManager: Shutting down and abandoning module SourceCodeAccess (194)
[2019.05.18-19.40.07:258][145]LogModuleManager: Shutting down and abandoning module HeadMountedDisplay (192)
[2019.05.18-19.40.07:258][145]LogModuleManager: Shutting down and abandoning module XAudio2 (190)
[2019.05.18-19.40.07:258][145]LogModuleManager: Shutting down and abandoning module Networking (188)
[2019.05.18-19.40.07:258][145]LogModuleManager: Shutting down and abandoning module Core (186)
[2019.05.18-19.40.07:258][145]LogModuleManager: Shutting down and abandoning module LevelSequence (184)
[2019.05.18-19.40.07:259][145]LogModuleManager: Shutting down and abandoning module KismetCompiler (182)
[2019.05.18-19.40.07:259][145]LogModuleManager: Shutting down and abandoning module MeshUtilities (180)
[2019.05.18-19.40.07:259][145]LogModuleManager: Shutting down and abandoning module MeshMergeUtilities (179)
[2019.05.18-19.40.07:259][145]LogModuleManager: Shutting down and abandoning module MeshReductionInterface (178)
[2019.05.18-19.40.07:259][145]LogModuleManager: Shutting down and abandoning module SimplygonSwarm (177)
[2019.05.18-19.40.07:259][145]LogModuleManager: Shutting down and abandoning module ProxyLODMeshReduction (175)
[2019.05.18-19.40.07:259][145]LogModuleManager: Shutting down and abandoning module SimplygonMeshReduction (173)
[2019.05.18-19.40.07:259][145]LogModuleManager: Shutting down and abandoning module QuadricMeshReduction (171)
[2019.05.18-19.40.07:259][145]LogModuleManager: Shutting down and abandoning module MaterialBaking (167)
[2019.05.18-19.40.07:259][145]LogModuleManager: Shutting down and abandoning module DirectoryWatcher (163)
[2019.05.18-19.40.07:259][145]LogModuleManager: Shutting down and abandoning module DerivedDataCache (160)
[2019.05.18-19.40.07:281][145]LogDerivedDataCache: Shutdown
[2019.05.18-19.40.07:281][145]LogModuleManager: Shutting down and abandoning module XGEController (158)
[2019.05.18-19.40.07:282][145]LogModuleManager: Shutting down and abandoning module TargetPlatform (156)
[2019.05.18-19.40.07:282][145]LogModuleManager: Shutting down and abandoning module VulkanShaderFormat (155)
[2019.05.18-19.40.07:282][145]LogModuleManager: Shutting down and abandoning module ShaderFormatVectorVM (153)
[2019.05.18-19.40.07:282][145]LogModuleManager: Shutting down and abandoning module ShaderFormatOpenGL (151)
[2019.05.18-19.40.07:282][145]LogModuleManager: Shutting down and abandoning module ShaderFormatD3D (149)
[2019.05.18-19.40.07:282][145]LogModuleManager: Shutting down and abandoning module MetalShaderFormat (147)
[2019.05.18-19.40.07:282][145]LogModuleManager: Shutting down and abandoning module TextureFormatUncompressed (145)
[2019.05.18-19.40.07:282][145]LogModuleManager: Shutting down and abandoning module TextureFormatPVR (143)
[2019.05.18-19.40.07:282][145]LogModuleManager: Shutting down and abandoning module TextureFormatDXT (141)
[2019.05.18-19.40.07:282][145]LogModuleManager: Shutting down and abandoning module TextureFormatIntelISPCTexComp (139)
[2019.05.18-19.40.07:282][145]LogModuleManager: Shutting down and abandoning module TextureFormatASTC (137)
[2019.05.18-19.40.07:282][145]LogModuleManager: Shutting down and abandoning module ImageWrapper (136)
[2019.05.18-19.40.07:283][145]LogModuleManager: Shutting down and abandoning module TextureFormatAndroid (133)
[2019.05.18-19.40.07:283][145]LogModuleManager: Shutting down and abandoning module AudioFormatOpus (131)
[2019.05.18-19.40.07:284][145]LogModuleManager: Shutting down and abandoning module AudioFormatOgg (129)
[2019.05.18-19.40.07:285][145]LogModuleManager: Shutting down and abandoning module AudioFormatADPCM (127)
[2019.05.18-19.40.07:285][145]LogModuleManager: Shutting down and abandoning module LuminTargetPlatform (125)
[2019.05.18-19.40.07:285][145]LogModuleManager: Shutting down and abandoning module LinuxTargetPlatform (123)
[2019.05.18-19.40.07:285][145]LogModuleManager: Shutting down and abandoning module LinuxServerTargetPlatform (121)
[2019.05.18-19.40.07:285][145]LogModuleManager: Shutting down and abandoning module LinuxNoEditorTargetPlatform (119)
[2019.05.18-19.40.07:286][145]LogModuleManager: Shutting down and abandoning module LinuxClientTargetPlatform (117)
[2019.05.18-19.40.07:286][145]LogModuleManager: Shutting down and abandoning module TVOSTargetPlatform (115)
[2019.05.18-19.40.07:287][145]LogModuleManager: Shutting down and abandoning module Messaging (113)
[2019.05.18-19.40.07:287][145]LogModuleManager: Shutting down and abandoning module IOSTargetPlatform (111)
[2019.05.18-19.40.07:289][145]LogModuleManager: Shutting down and abandoning module HTML5TargetPlatform (109)
[2019.05.18-19.40.07:289][145]LogModuleManager: Shutting down and abandoning module AndroidTargetPlatform (107)
[2019.05.18-19.40.07:301][145]LogModuleManager: Shutting down and abandoning module WindowsTargetPlatform (105)
[2019.05.18-19.40.07:301][145]LogModuleManager: Shutting down and abandoning module WindowsServerTargetPlatform (103)
[2019.05.18-19.40.07:301][145]LogModuleManager: Shutting down and abandoning module WindowsNoEditorTargetPlatform (101)
[2019.05.18-19.40.07:301][145]LogModuleManager: Shutting down and abandoning module WindowsClientTargetPlatform (99)
[2019.05.18-19.40.07:301][145]LogModuleManager: Shutting down and abandoning module MacTargetPlatform (97)
[2019.05.18-19.40.07:301][145]LogModuleManager: Shutting down and abandoning module MacServerTargetPlatform (95)
[2019.05.18-19.40.07:301][145]LogModuleManager: Shutting down and abandoning module MacNoEditorTargetPlatform (93)
[2019.05.18-19.40.07:301][145]LogModuleManager: Shutting down and abandoning module MacClientTargetPlatform (91)
[2019.05.18-19.40.07:301][145]LogModuleManager: Shutting down and abandoning module AllDesktopTargetPlatform (89)
[2019.05.18-19.40.07:301][145]LogModuleManager: Shutting down and abandoning module InputCore (86)
[2019.05.18-19.40.07:302][145]LogModuleManager: Shutting down and abandoning module Settings (84)
[2019.05.18-19.40.07:302][145]LogModuleManager: Shutting down and abandoning module PhysXCooking (82)
[2019.05.18-19.40.07:302][145]LogModuleManager: Shutting down and abandoning module SteamVR (80)
[2019.05.18-19.40.07:302][145]LogHMD: Freeing OpenVRDLLHandle.
[2019.05.18-19.40.07:302][145]LogModuleManager: Shutting down and abandoning module OculusHMD (78)
[2019.05.18-19.40.07:302][145]LogModuleManager: Shutting down and abandoning module ExampleDeviceProfileSelector (76)
[2019.05.18-19.40.07:302][145]LogModuleManager: Shutting down and abandoning module LauncherChunkInstaller (74)
[2019.05.18-19.40.07:302][145]LogModuleManager: Shutting down and abandoning module OnlineBlueprintSupport (72)
[2019.05.18-19.40.07:302][145]LogModuleManager: Shutting down and abandoning module OnlineSubsystem (68)
[2019.05.18-19.40.07:304][145]LogModuleManager: Shutting down and abandoning module XMPP (63)
[2019.05.18-19.40.07:304][145]LogModuleManager: Shutting down and abandoning module WebSockets (62)
[2019.05.18-19.40.07:324][145]LogModuleManager: Shutting down and abandoning module HTTP (59)
[2019.05.18-19.40.07:324][145]LogHttp: Display: Http module shutting down, but needs to wait on 1 outstanding Http requests:
[2019.05.18-19.40.07:325][145]LogHttp: Display: 	verb=[POST] url=[https://datarouter.ol.epicgames.com/datarouter/api/v1/public/data?SessionID=%7B4B9EAC8B-44C0-52E5-9451-2C8AC9AE2450%7D&AppID=UEEditor.Rocket.Release&AppVersion=4.21.2-4753647%2B%2B%2BUE4%2BRelease-4.21&UserID=0feef31041fcc71694216a8cd9a9a965%7C153c495efec94767855aeef21cb79ebf%7C3d2040ec-419c-49db-bb61-6ecac65c93dc&AppEnvironment=datacollector-binary&UploadType=eteventstream] status=Processing
[2019.05.18-19.40.07:355][145]LogModuleManager: Shutting down and abandoning module SSL (58)
[2019.05.18-19.40.07:359][145]LogModuleManager: Shutting down and abandoning module MagicLeapIdentity (54)
[2019.05.18-19.40.07:359][145]LogModuleManager: Shutting down and abandoning module MagicLeapHelperVulkan (52)
[2019.05.18-19.40.07:359][145]LogModuleManager: Shutting down and abandoning module MagicLeapHelperOpenGL (50)
[2019.05.18-19.40.07:359][145]LogModuleManager: Shutting down and abandoning module MagicLeapSecureStorage (48)
[2019.05.18-19.40.07:359][145]LogModuleManager: Shutting down and abandoning module MagicLeapHandTracking (46)
[2019.05.18-19.40.07:359][145]LogModuleManager: Shutting down and abandoning module MagicLeapEyeTracker (44)
[2019.05.18-19.40.07:359][145]LogModuleManager: Shutting down and abandoning module MagicLeapController (42)
[2019.05.18-19.40.07:359][145]LogSlate: Slate User Destroyed.  User Index 0, Is Virtual User: 0
[2019.05.18-19.40.07:359][145]LogModuleManager: Shutting down and abandoning module MagicLeap (40)
[2019.05.18-19.40.07:359][145]LogModuleManager: Shutting down and abandoning module DatasmithContent (38)
[2019.05.18-19.40.07:361][145]LogModuleManager: Shutting down and abandoning module AnimationModifiers (36)
[2019.05.18-19.40.07:361][145]LogModuleManager: Shutting down and abandoning module PropertyEditor (35)
[2019.05.18-19.40.07:361][145]LogModuleManager: Shutting down and abandoning module AudioEditor (32)
[2019.05.18-19.40.07:361][145]LogModuleManager: Shutting down and abandoning module TextureCompressor (30)
[2019.05.18-19.40.07:361][145]LogModuleManager: Shutting down and abandoning module ShaderCore (28)
[2019.05.18-19.40.07:361][145]LogModuleManager: Shutting down and abandoning module Landscape (26)
[2019.05.18-19.40.07:361][145]LogModuleManager: Shutting down and abandoning module SlateRHIRenderer (24)
[2019.05.18-19.40.07:362][145]LogModuleManager: Shutting down and abandoning module OpenGLDrv (22)
[2019.05.18-19.40.07:362][145]LogModuleManager: Shutting down and abandoning module D3D11RHI (20)
[2019.05.18-19.40.07:363][145]LogModuleManager: Shutting down and abandoning module AnimGraphRuntime (18)
[2019.05.18-19.40.07:363][145]LogModuleManager: Shutting down and abandoning module Renderer (16)
[2019.05.18-19.40.07:363][145]LogModuleManager: Shutting down and abandoning module Engine (14)
[2019.05.18-19.40.07:363][145]LogModuleManager: Shutting down and abandoning module CoreUObject (12)
[2019.05.18-19.40.07:363][145]LogModuleManager: Shutting down and abandoning module NetworkFile (10)
[2019.05.18-19.40.07:363][145]LogModuleManager: Shutting down and abandoning module CookedIterativeFile (8)
[2019.05.18-19.40.07:363][145]LogModuleManager: Shutting down and abandoning module StreamingFile (6)
[2019.05.18-19.40.07:363][145]LogModuleManager: Shutting down and abandoning module SandboxFile (4)
[2019.05.18-19.40.07:363][145]LogModuleManager: Shutting down and abandoning module PakFile (2)
[2019.05.18-19.40.07:372][145]LogExit: Exiting.
[2019.05.18-19.40.07:427][145]Log file closed, 05/18/19 12:40:07
