Log file open, 05/16/19 17:48:17
LogWindows: Failed to load 'aqProf.dll' (GetLastError=126)
LogWindows: File 'aqProf.dll' does not exist
LogWindows: Failed to load 'VtuneApi.dll' (GetLastError=126)
LogWindows: File 'VtuneApi.dll' does not exist
LogWindows: Failed to load 'VtuneApi32e.dll' (GetLastError=126)
LogWindows: File 'VtuneApi32e.dll' does not exist
LogConsoleResponse: Display: Failed to find resolution value strings in scalability ini. Falling back to default.
LogInit: Display: Running engine for game: Crossy_road
LogPakFile: Registered encryption key '00000000000000000000000000000000': 0 pak files mounted, 0 remain pending
LogPlatformFile: Not using cached read wrapper
LogTaskGraph: Started task graph with 5 named threads and 11 total threads with 3 sets of task threads.
LogStats: Stats thread started at 0.196934
LogD3D11RHI: Loaded GFSDK_Aftermath_Lib.x64.dll
LogICUInternationalization: ICU TimeZone Detection - Raw Offset: -8:00, Platform Override: ''
LogPluginManager: Mounting plugin Paper2D
LogPluginManager: Mounting plugin AISupport
LogPluginManager: Mounting plugin LightPropagationVolume
LogPluginManager: Mounting plugin ActorLayerUtilities
LogPluginManager: Mounting plugin CLionSourceCodeAccess
LogPluginManager: Mounting plugin CodeLiteSourceCodeAccess
LogPluginManager: Mounting plugin GitSourceControl
LogPluginManager: Mounting plugin KDevelopSourceCodeAccess
LogPluginManager: Mounting plugin NullSourceCodeAccess
LogPluginManager: Mounting plugin PerforceSourceControl
LogPluginManager: Mounting plugin SubversionSourceControl
LogPluginManager: Mounting plugin UObjectPlugin
LogPluginManager: Mounting plugin VisualStudioCodeSourceCodeAccess
LogPluginManager: Mounting plugin VisualStudioSourceCodeAccess
LogPluginManager: Mounting plugin XCodeSourceCodeAccess
LogPluginManager: Mounting plugin AssetManagerEditor
LogPluginManager: Mounting plugin CryptoKeys
LogPluginManager: Mounting plugin DataValidation
LogPluginManager: Mounting plugin EditorScriptingUtilities
LogPluginManager: Mounting plugin FacialAnimation
LogPluginManager: Mounting plugin GameplayTagsEditor
LogPluginManager: Mounting plugin MacGraphicsSwitching
LogPluginManager: Mounting plugin MeshEditor
LogPluginManager: Mounting plugin MobileLauncherProfileWizard
LogPluginManager: Mounting plugin PluginBrowser
LogPluginManager: Mounting plugin SpeedTreeImporter
LogPluginManager: Mounting plugin DatasmithContent
LogPluginManager: Mounting plugin VariantManagerContent
LogPluginManager: Mounting plugin AlembicImporter
LogPluginManager: Mounting plugin AppleImageUtils
LogPluginManager: Mounting plugin AppleVision
LogPluginManager: Mounting plugin BackChannel
LogPluginManager: Mounting plugin CharacterAI
LogPluginManager: Mounting plugin GeometryCache
LogPluginManager: Mounting plugin HTML5Networking
LogPluginManager: Mounting plugin ProxyLODPlugin
LogPluginManager: Mounting plugin MagicLeap
LogPluginManager: Mounting plugin MagicLeapMedia
LogPluginManager: Mounting plugin AndroidMedia
LogPluginManager: Mounting plugin AvfMedia
LogPluginManager: Mounting plugin ImgMedia
LogPluginManager: Mounting plugin LinearTimecode
LogPluginManager: Mounting plugin MediaCompositing
LogPluginManager: Mounting plugin MediaPlayerEditor
LogPluginManager: Mounting plugin WebMMedia
LogPluginManager: Mounting plugin WmfMedia
LogPluginManager: Mounting plugin TcpMessaging
LogPluginManager: Mounting plugin UdpMessaging
LogPluginManager: Mounting plugin ActorSequence
LogPluginManager: Mounting plugin LevelSequenceEditor
LogPluginManager: Mounting plugin MatineeToLevelSequence
LogPluginManager: Mounting plugin NetcodeUnitTest
LogPluginManager: Mounting plugin NUTUnrealEngine4
LogPluginManager: Mounting plugin OnlineSubsystemGooglePlay
LogPluginManager: Mounting plugin OnlineSubsystemIOS
LogPluginManager: Mounting plugin OnlineSubsystem
LogPluginManager: Mounting plugin OnlineSubsystemNull
LogPluginManager: Mounting plugin OnlineSubsystemUtils
LogPluginManager: Mounting plugin LauncherChunkInstaller
LogPluginManager: Mounting plugin AndroidDeviceProfileSelector
LogPluginManager: Mounting plugin AndroidMoviePlayer
LogPluginManager: Mounting plugin AndroidPermission
LogPluginManager: Mounting plugin AppleMoviePlayer
LogPluginManager: Mounting plugin ArchVisCharacter
LogPluginManager: Mounting plugin AudioCapture
LogPluginManager: Mounting plugin CableComponent
LogPluginManager: Mounting plugin CustomMeshComponent
LogPluginManager: Mounting plugin EditableMesh
LogPluginManager: Mounting plugin ExampleDeviceProfileSelector
LogPluginManager: Mounting plugin Firebase
LogPluginManager: Mounting plugin GoogleCloudMessaging
LogPluginManager: Mounting plugin IOSDeviceProfileSelector
LogPluginManager: Mounting plugin LinuxDeviceProfileSelector
LogPluginManager: Mounting plugin LocationServicesBPLibrary
LogPluginManager: Mounting plugin MobilePatchingUtils
LogPluginManager: Mounting plugin OculusVR
LogPluginManager: Mounting plugin PhysXVehicles
LogPluginManager: Mounting plugin ProceduralMeshComponent
LogPluginManager: Mounting plugin RuntimePhysXCooking
LogPluginManager: Mounting plugin SteamVR
LogPluginManager: Mounting plugin WebMMoviePlayer
LogPluginManager: Mounting plugin WindowsMoviePlayer
LogPluginManager: Mounting plugin DatasmithCADImporter
LogPluginManager: Mounting plugin DatasmithFBXImporter
LogPluginManager: Mounting plugin DatasmithImporter
LogPluginManager: Mounting plugin MDLImporter
LogPluginManager: Mounting plugin StaticMeshEditorExtension
LogPluginManager: Mounting plugin VariantManager
LogStreaming: Display: Took  0.190s to configure plugins.
LogInit: Using libcurl 7.55.1-DEV
LogInit:  - built for x86_64-pc-win32
LogInit:  - supports SSL with OpenSSL/1.0.2h
LogInit:  - supports HTTP deflate (compression) using libz 1.2.8
LogInit:  - other features:
LogInit:      CURL_VERSION_SSL
LogInit:      CURL_VERSION_LIBZ
LogInit:      CURL_VERSION_IPV6
LogInit:      CURL_VERSION_ASYNCHDNS
LogInit:      CURL_VERSION_LARGEFILE
LogInit:      CURL_VERSION_IDN
LogInit:  CurlRequestOptions (configurable via config and command line):
LogInit:  - bVerifyPeer = true  - Libcurl will verify peer certificate
LogInit:  - bUseHttpProxy = false  - Libcurl will NOT use HTTP proxy
LogInit:  - bDontReuseConnections = false  - Libcurl will reuse connections
LogInit:  - MaxHostConnections = 16  - Libcurl will limit the number of connections to a host
LogInit:  - LocalHostAddr = Default
LogInit:  - BufferSize = 65536
LogInit: WinSock: version 1.1 (2.2), MaxSocks=32767, MaxUdp=65467
LogInit: Build: ++UE4+Release-4.21-CL-4753647
LogInit: Engine Version: 4.21.2-4753647+++UE4+Release-4.21
LogInit: Compatible Engine Version: 4.21.0-4541578+++UE4+Release-4.21
LogInit: Net CL: 4541578
LogInit: OS: Windows 10 (), CPU: Intel(R) Core(TM) i7-7Y75 CPU @ 1.30GHz, GPU: Intel(R) HD Graphics 615
LogInit: Compiled (64-bit): Jan 19 2019 02:07:31
LogInit: Compiled with Visual C++: 19.13.26129.00
LogInit: Build Configuration: Development
LogInit: Branch Name: ++UE4+Release-4.21
LogInit: Command Line: 
LogInit: Base Directory: C:/Program Files/Epic Games/UE_4.21/Engine/Binaries/Win64/
LogInit: Installed Engine Build: 1
LogDevObjectVersion: Number of dev versions registered: 22
LogDevObjectVersion:   Dev-Blueprints (B0D832E4-1F89-4F0D-ACCF-7EB736FD4AA2): 10
LogDevObjectVersion:   Dev-Build (E1C64328-A22C-4D53-A36C-8E866417BD8C): 0
LogDevObjectVersion:   Dev-Core (375EC13C-06E4-48FB-B500-84F0262A717E): 2
LogDevObjectVersion:   Dev-Editor (E4B068ED-F494-42E9-A231-DA0B2E46BB41): 26
LogDevObjectVersion:   Dev-Framework (CFFC743F-43B0-4480-9391-14DF171D2073): 34
LogDevObjectVersion:   Dev-Mobile (B02B49B5-BB20-44E9-A304-32B752E40360): 2
LogDevObjectVersion:   Dev-Networking (A4E4105C-59A1-49B5-A7C5-40C4547EDFEE): 0
LogDevObjectVersion:   Dev-Online (39C831C9-5AE6-47DC-9A44-9C173E1C8E7C): 0
LogDevObjectVersion:   Dev-Physics (78F01B33-EBEA-4F98-B9B4-84EACCB95AA2): 0
LogDevObjectVersion:   Dev-Platform (6631380F-2D4D-43E0-8009-CF276956A95A): 0
LogDevObjectVersion:   Dev-Rendering (12F88B9F-8875-4AFC-A67C-D90C383ABD29): 27
LogDevObjectVersion:   Dev-Sequencer (7B5AE74C-D270-4C10-A958-57980B212A5A): 9
LogDevObjectVersion:   Dev-VR (D7296918-1DD6-4BDD-9DE2-64A83CC13884): 2
LogDevObjectVersion:   Dev-LoadTimes (C2A15278-BFE7-4AFE-6C17-90FF531DF755): 1
LogDevObjectVersion:   Private-Geometry (6EACA3D4-40EC-4CC1-B786-8BED09428FC5): 3
LogDevObjectVersion:   Dev-AnimPhys (29E575DD-E0A3-4627-9D10-D276232CDCEA): 17
LogDevObjectVersion:   Dev-Anim (AF43A65D-7FD3-4947-9873-3E8ED9C1BB05): 2
LogDevObjectVersion:   Dev-ReflectionCapture (6B266CEC-1EC7-4B8F-A30B-E4D90942FC07): 1
LogDevObjectVersion:   Dev-Automation (0DF73D61-A23F-47EA-B727-89E90C41499A): 1
LogDevObjectVersion:   FortniteMain (601D1886-AC64-4F84-AA16-D3DE0DEAC7D6): 17
LogDevObjectVersion:   Dev-Enterprise (9DFFBCD6-494F-0158-E221-12823C92A888): 4
LogDevObjectVersion:   Dev-Niagara (F2AED0AC-9AFE-416F-8664-AA7FFA26D6FC): 1
LogStreaming: Display: Took  0.001s to delete old logs.
LogInit: Presizing for max 8388607 objects, including 0 objects not considered by GC, pre-allocating 0 bytes for permanent pool.
LogInit: Object subsystem initialized
LogConfig: Setting CVar [[con.DebugEarlyDefault:1]]
LogConfig: Setting CVar [[r.setres:1280x720]]
[2019.05.17-00.48.18:204][  0]LogConfig: Setting CVar [[r.VSync:0]]
[2019.05.17-00.48.18:204][  0]LogConfig: Setting CVar [[r.RHICmdBypass:0]]
[2019.05.17-00.48.18:204][  0]LogConfig: Applying CVar settings from Section [/Script/Engine.RendererSettings] File [C:/Users/juare/OneDrive/Documents/Unreal Projects/Crossy_road/Saved/Config/Windows/Engine.ini]
[2019.05.17-00.48.18:204][  0]LogConfig: Setting CVar [[r.GPUCrashDebugging:0]]
[2019.05.17-00.48.18:204][  0]LogConfig: Applying CVar settings from Section [/Script/Engine.RendererOverrideSettings] File [C:/Users/juare/OneDrive/Documents/Unreal Projects/Crossy_road/Saved/Config/Windows/Engine.ini]
[2019.05.17-00.48.18:204][  0]LogConfig: Applying CVar settings from Section [/Script/Engine.StreamingSettings] File [C:/Users/juare/OneDrive/Documents/Unreal Projects/Crossy_road/Saved/Config/Windows/Engine.ini]
[2019.05.17-00.48.18:204][  0]LogConfig: Setting CVar [[s.MinBulkDataSizeForAsyncLoading:131072]]
[2019.05.17-00.48.18:204][  0]LogConfig: Setting CVar [[s.AsyncLoadingThreadEnabled:0]]
[2019.05.17-00.48.18:204][  0]LogConfig: Setting CVar [[s.EventDrivenLoaderEnabled:1]]
[2019.05.17-00.48.18:204][  0]LogConfig: Setting CVar [[s.WarnIfTimeLimitExceeded:0]]
[2019.05.17-00.48.18:204][  0]LogConfig: Setting CVar [[s.TimeLimitExceededMultiplier:1.5]]
[2019.05.17-00.48.18:204][  0]LogConfig: Setting CVar [[s.TimeLimitExceededMinTime:0.005]]
[2019.05.17-00.48.18:204][  0]LogConfig: Setting CVar [[s.UseBackgroundLevelStreaming:1]]
[2019.05.17-00.48.18:204][  0]LogConfig: Setting CVar [[s.PriorityAsyncLoadingExtraTime:15.0]]
[2019.05.17-00.48.18:204][  0]LogConfig: Setting CVar [[s.LevelStreamingActorsUpdateTimeLimit:5.0]]
[2019.05.17-00.48.18:204][  0]LogConfig: Setting CVar [[s.PriorityLevelStreamingActorsUpdateExtraTime:5.0]]
[2019.05.17-00.48.18:204][  0]LogConfig: Setting CVar [[s.LevelStreamingComponentsRegistrationGranularity:10]]
[2019.05.17-00.48.18:204][  0]LogConfig: Setting CVar [[s.UnregisterComponentsTimeLimit:1.0]]
[2019.05.17-00.48.18:204][  0]LogConfig: Setting CVar [[s.LevelStreamingComponentsUnregistrationGranularity:5]]
[2019.05.17-00.48.18:204][  0]LogConfig: Applying CVar settings from Section [/Script/Engine.GarbageCollectionSettings] File [C:/Users/juare/OneDrive/Documents/Unreal Projects/Crossy_road/Saved/Config/Windows/Engine.ini]
[2019.05.17-00.48.18:204][  0]LogConfig: Setting CVar [[gc.MaxObjectsNotConsideredByGC:1]]
[2019.05.17-00.48.18:204][  0]LogConfig: Setting CVar [[gc.SizeOfPermanentObjectPool:0]]
[2019.05.17-00.48.18:204][  0]LogConfig: Setting CVar [[gc.FlushStreamingOnGC:0]]
[2019.05.17-00.48.18:204][  0]LogConfig: Setting CVar [[gc.NumRetriesBeforeForcingGC:10]]
[2019.05.17-00.48.18:204][  0]LogConfig: Setting CVar [[gc.AllowParallelGC:1]]
[2019.05.17-00.48.18:204][  0]LogConfig: Setting CVar [[gc.TimeBetweenPurgingPendingKillObjects:61.1]]
[2019.05.17-00.48.18:204][  0]LogConfig: Setting CVar [[gc.MaxObjectsInEditor:8388607]]
[2019.05.17-00.48.18:204][  0]LogConfig: Setting CVar [[gc.IncrementalBeginDestroyEnabled:1]]
[2019.05.17-00.48.18:204][  0]LogConfig: Setting CVar [[gc.CreateGCClusters:1]]
[2019.05.17-00.48.18:204][  0]LogConfig: Setting CVar [[gc.MergeGCClusters:0]]
[2019.05.17-00.48.18:204][  0]LogConfig: Setting CVar [[gc.MinGCClusterSize:5]]
[2019.05.17-00.48.18:204][  0]LogConfig: Setting CVar [[gc.ActorClusteringEnabled:0]]
[2019.05.17-00.48.18:205][  0]LogConfig: Setting CVar [[gc.BlueprintClusteringEnabled:0]]
[2019.05.17-00.48.18:205][  0]LogConfig: Setting CVar [[gc.UseDisregardForGCOnDedicatedServers:0]]
[2019.05.17-00.48.18:205][  0]LogConfig: Applying CVar settings from Section [/Script/Engine.NetworkSettings] File [C:/Users/juare/OneDrive/Documents/Unreal Projects/Crossy_road/Saved/Config/Windows/Engine.ini]
[2019.05.17-00.48.18:205][  0]LogConfig: Applying CVar settings from Section [/Script/UnrealEd.CookerSettings] File [C:/Users/juare/OneDrive/Documents/Unreal Projects/Crossy_road/Saved/Config/Windows/Engine.ini]
[2019.05.17-00.48.18:208][  0]LogConfig: Applying CVar settings from Section [ViewDistanceQuality@3] File [C:/Users/juare/OneDrive/Documents/Unreal Projects/Crossy_road/Saved/Config/Windows/Scalability.ini]
[2019.05.17-00.48.18:208][  0]LogConfig: Setting CVar [[r.SkeletalMeshLODBias:0]]
[2019.05.17-00.48.18:208][  0]LogConfig: Setting CVar [[r.ViewDistanceScale:1.0]]
[2019.05.17-00.48.18:208][  0]LogConfig: Applying CVar settings from Section [AntiAliasingQuality@3] File [C:/Users/juare/OneDrive/Documents/Unreal Projects/Crossy_road/Saved/Config/Windows/Scalability.ini]
[2019.05.17-00.48.18:208][  0]LogConfig: Setting CVar [[r.PostProcessAAQuality:4]]
[2019.05.17-00.48.18:208][  0]LogConfig: Applying CVar settings from Section [ShadowQuality@3] File [C:/Users/juare/OneDrive/Documents/Unreal Projects/Crossy_road/Saved/Config/Windows/Scalability.ini]
[2019.05.17-00.48.18:208][  0]LogConfig: Setting CVar [[r.LightFunctionQuality:1]]
[2019.05.17-00.48.18:208][  0]LogConfig: Setting CVar [[r.ShadowQuality:5]]
[2019.05.17-00.48.18:208][  0]LogConfig: Setting CVar [[r.Shadow.CSM.MaxCascades:10]]
[2019.05.17-00.48.18:208][  0]LogConfig: Setting CVar [[r.Shadow.MaxResolution:2048]]
[2019.05.17-00.48.18:208][  0]LogConfig: Setting CVar [[r.Shadow.MaxCSMResolution:2048]]
[2019.05.17-00.48.18:208][  0]LogConfig: Setting CVar [[r.Shadow.RadiusThreshold:0.01]]
[2019.05.17-00.48.18:208][  0]LogConfig: Setting CVar [[r.Shadow.DistanceScale:1.0]]
[2019.05.17-00.48.18:208][  0]LogConfig: Setting CVar [[r.Shadow.CSM.TransitionScale:1.0]]
[2019.05.17-00.48.18:208][  0]LogConfig: Setting CVar [[r.Shadow.PreShadowResolutionFactor:1.0]]
[2019.05.17-00.48.18:208][  0]LogConfig: Setting CVar [[r.DistanceFieldShadowing:1]]
[2019.05.17-00.48.18:208][  0]LogConfig: Setting CVar [[r.DistanceFieldAO:1]]
[2019.05.17-00.48.18:209][  0]LogConfig: Setting CVar [[r.AOQuality:2]]
[2019.05.17-00.48.18:209][  0]LogConfig: Setting CVar [[r.VolumetricFog:1]]
[2019.05.17-00.48.18:209][  0]LogConfig: Setting CVar [[r.VolumetricFog.GridPixelSize:8]]
[2019.05.17-00.48.18:209][  0]LogConfig: Setting CVar [[r.VolumetricFog.GridSizeZ:128]]
[2019.05.17-00.48.18:209][  0]LogConfig: Setting CVar [[r.VolumetricFog.HistoryMissSupersampleCount:4]]
[2019.05.17-00.48.18:209][  0]LogConfig: Setting CVar [[r.LightMaxDrawDistanceScale:1]]
[2019.05.17-00.48.18:209][  0]LogConfig: Setting CVar [[r.CapsuleShadows:1]]
[2019.05.17-00.48.18:209][  0]LogConfig: Applying CVar settings from Section [PostProcessQuality@3] File [C:/Users/juare/OneDrive/Documents/Unreal Projects/Crossy_road/Saved/Config/Windows/Scalability.ini]
[2019.05.17-00.48.18:209][  0]LogConfig: Setting CVar [[r.MotionBlurQuality:4]]
[2019.05.17-00.48.18:209][  0]LogConfig: Setting CVar [[r.AmbientOcclusionMipLevelFactor:0.4]]
[2019.05.17-00.48.18:209][  0]LogConfig: Setting CVar [[r.AmbientOcclusionMaxQuality:100]]
[2019.05.17-00.48.18:209][  0]LogConfig: Setting CVar [[r.AmbientOcclusionLevels:-1]]
[2019.05.17-00.48.18:209][  0]LogConfig: Setting CVar [[r.AmbientOcclusionRadiusScale:1.0]]
[2019.05.17-00.48.18:209][  0]LogConfig: Setting CVar [[r.DepthOfFieldQuality:2]]
[2019.05.17-00.48.18:209][  0]LogConfig: Setting CVar [[r.RenderTargetPoolMin:400]]
[2019.05.17-00.48.18:209][  0]LogConfig: Setting CVar [[r.LensFlareQuality:2]]
[2019.05.17-00.48.18:209][  0]LogConfig: Setting CVar [[r.SceneColorFringeQuality:1]]
[2019.05.17-00.48.18:209][  0]LogConfig: Setting CVar [[r.EyeAdaptationQuality:2]]
[2019.05.17-00.48.18:209][  0]LogConfig: Setting CVar [[r.BloomQuality:5]]
[2019.05.17-00.48.18:209][  0]LogConfig: Setting CVar [[r.FastBlurThreshold:100]]
[2019.05.17-00.48.18:209][  0]LogConfig: Setting CVar [[r.Upscale.Quality:3]]
[2019.05.17-00.48.18:209][  0]LogConfig: Setting CVar [[r.Tonemapper.GrainQuantization:1]]
[2019.05.17-00.48.18:209][  0]LogConfig: Setting CVar [[r.LightShaftQuality:1]]
[2019.05.17-00.48.18:209][  0]LogConfig: Setting CVar [[r.Filter.SizeScale:1]]
[2019.05.17-00.48.18:209][  0]LogConfig: Setting CVar [[r.Tonemapper.Quality:5]]
[2019.05.17-00.48.18:209][  0]LogConfig: Setting CVar [[r.DOF.Gather.AccumulatorQuality:1        ; higher gathering accumulator quality]]
[2019.05.17-00.48.18:209][  0]LogConfig: Setting CVar [[r.DOF.Gather.PostfilterMethod:1          ; Median3x3 postfilering method]]
[2019.05.17-00.48.18:209][  0]LogConfig: Setting CVar [[r.DOF.Gather.EnableBokehSettings:0       ; no bokeh simulation when gathering]]
[2019.05.17-00.48.18:209][  0]LogConfig: Setting CVar [[r.DOF.Gather.RingCount:4                 ; medium number of samples when gathering]]
[2019.05.17-00.48.18:209][  0]LogConfig: Setting CVar [[r.DOF.Scatter.ForegroundCompositing:1    ; additive foreground scattering]]
[2019.05.17-00.48.18:209][  0]LogConfig: Setting CVar [[r.DOF.Scatter.BackgroundCompositing:2    ; additive background scattering]]
[2019.05.17-00.48.18:209][  0]LogConfig: Setting CVar [[r.DOF.Scatter.EnableBokehSettings:1      ; bokeh simulation when scattering]]
[2019.05.17-00.48.18:209][  0]LogConfig: Setting CVar [[r.DOF.Scatter.MaxSpriteRatio:0.1         ; only a maximum of 10% of scattered bokeh]]
[2019.05.17-00.48.18:209][  0]LogConfig: Setting CVar [[r.DOF.Recombine.Quality:1                ; cheap slight out of focus]]
[2019.05.17-00.48.18:209][  0]LogConfig: Setting CVar [[r.DOF.Recombine.EnableBokehSettings:0    ; no bokeh simulation on slight out of focus]]
[2019.05.17-00.48.18:209][  0]LogConfig: Setting CVar [[r.DOF.TemporalAAQuality:1                ; more stable temporal accumulation]]
[2019.05.17-00.48.18:209][  0]LogConfig: Setting CVar [[r.DOF.Kernel.MaxForegroundRadius:0.025]]
[2019.05.17-00.48.18:209][  0]LogConfig: Setting CVar [[r.DOF.Kernel.MaxBackgroundRadius:0.025]]
[2019.05.17-00.48.18:209][  0]LogConfig: Applying CVar settings from Section [TextureQuality@3] File [C:/Users/juare/OneDrive/Documents/Unreal Projects/Crossy_road/Saved/Config/Windows/Scalability.ini]
[2019.05.17-00.48.18:209][  0]LogConfig: Setting CVar [[r.Streaming.MipBias:0]]
[2019.05.17-00.48.18:209][  0]LogConfig: Setting CVar [[r.Streaming.AmortizeCPUToGPUCopy:0]]
[2019.05.17-00.48.18:209][  0]LogConfig: Setting CVar [[r.Streaming.MaxNumTexturesToStreamPerFrame:0]]
[2019.05.17-00.48.18:210][  0]LogConfig: Setting CVar [[r.Streaming.Boost:1]]
[2019.05.17-00.48.18:210][  0]LogConfig: Setting CVar [[r.MaxAnisotropy:8]]
[2019.05.17-00.48.18:210][  0]LogConfig: Setting CVar [[r.Streaming.LimitPoolSizeToVRAM:0]]
[2019.05.17-00.48.18:210][  0]LogConfig: Setting CVar [[r.Streaming.PoolSize:1000]]
[2019.05.17-00.48.18:210][  0]LogConfig: Setting CVar [[r.Streaming.MaxEffectiveScreenSize:0]]
[2019.05.17-00.48.18:210][  0]LogConfig: Applying CVar settings from Section [EffectsQuality@3] File [C:/Users/juare/OneDrive/Documents/Unreal Projects/Crossy_road/Saved/Config/Windows/Scalability.ini]
[2019.05.17-00.48.18:210][  0]LogConfig: Setting CVar [[r.TranslucencyLightingVolumeDim:64]]
[2019.05.17-00.48.18:210][  0]LogConfig: Setting CVar [[r.RefractionQuality:2]]
[2019.05.17-00.48.18:210][  0]LogConfig: Setting CVar [[r.SSR.Quality:3]]
[2019.05.17-00.48.18:210][  0]LogConfig: Setting CVar [[r.SceneColorFormat:4]]
[2019.05.17-00.48.18:210][  0]LogConfig: Setting CVar [[r.DetailMode:2]]
[2019.05.17-00.48.18:210][  0]LogConfig: Setting CVar [[r.TranslucencyVolumeBlur:1]]
[2019.05.17-00.48.18:210][  0]LogConfig: Setting CVar [[r.MaterialQualityLevel:1 ; High quality]]
[2019.05.17-00.48.18:210][  0]LogConfig: Setting CVar [[r.SSS.Scale:1]]
[2019.05.17-00.48.18:210][  0]LogConfig: Setting CVar [[r.SSS.SampleSet:2]]
[2019.05.17-00.48.18:210][  0]LogConfig: Setting CVar [[r.SSS.Quality:1]]
[2019.05.17-00.48.18:210][  0]LogConfig: Setting CVar [[r.SSS.HalfRes:1]]
[2019.05.17-00.48.18:210][  0]LogConfig: Setting CVar [[r.EmitterSpawnRateScale:1.0]]
[2019.05.17-00.48.18:210][  0]LogConfig: Setting CVar [[r.ParticleLightQuality:2]]
[2019.05.17-00.48.18:210][  0]LogConfig: Applying CVar settings from Section [FoliageQuality@3] File [C:/Users/juare/OneDrive/Documents/Unreal Projects/Crossy_road/Saved/Config/Windows/Scalability.ini]
[2019.05.17-00.48.18:210][  0]LogConfig: Setting CVar [[foliage.DensityScale:1.0]]
[2019.05.17-00.48.18:210][  0]LogConfig: Setting CVar [[grass.DensityScale:1.0]]
[2019.05.17-00.48.18:210][  0]LogInit: Selected Device Profile: [Windows]
[2019.05.17-00.48.18:210][  0]LogInit: Applying CVar settings loaded from the selected device profile: [Windows]
[2019.05.17-00.48.18:235][  0]LogHAL: Display: Platform has ~ 16 GB [17070538752 / 17179869184 / 16], which maps to Larger [LargestMinGB=32, LargerMinGB=12, DefaultMinGB=8, SmallerMinGB=6, SmallestMinGB=0)
[2019.05.17-00.48.18:235][  0]LogConfig: Setting CVar [[r.Vulkan.UseRealUBs:1]]
[2019.05.17-00.48.18:236][  0]LogInit: Going up to parent DeviceProfile []
[2019.05.17-00.48.18:236][  0]LogConfig: Applying CVar settings from Section [ViewDistanceQuality@0] File [C:/Users/juare/OneDrive/Documents/Unreal Projects/Crossy_road/Saved/Config/Windows/Scalability.ini]
[2019.05.17-00.48.18:236][  0]LogConfig: Setting CVar [[r.SkeletalMeshLODBias:2]]
[2019.05.17-00.48.18:236][  0]LogConfig: Setting CVar [[r.ViewDistanceScale:0.4]]
[2019.05.17-00.48.18:236][  0]LogConfig: Applying CVar settings from Section [AntiAliasingQuality@0] File [C:/Users/juare/OneDrive/Documents/Unreal Projects/Crossy_road/Saved/Config/Windows/Scalability.ini]
[2019.05.17-00.48.18:236][  0]LogConfig: Setting CVar [[r.PostProcessAAQuality:0]]
[2019.05.17-00.48.18:236][  0]LogConfig: Applying CVar settings from Section [ShadowQuality@0] File [C:/Users/juare/OneDrive/Documents/Unreal Projects/Crossy_road/Saved/Config/Windows/Scalability.ini]
[2019.05.17-00.48.18:236][  0]LogConfig: Setting CVar [[r.LightFunctionQuality:0]]
[2019.05.17-00.48.18:236][  0]LogConfig: Setting CVar [[r.ShadowQuality:0]]
[2019.05.17-00.48.18:236][  0]LogConfig: Setting CVar [[r.Shadow.CSM.MaxCascades:1]]
[2019.05.17-00.48.18:236][  0]LogConfig: Setting CVar [[r.Shadow.MaxResolution:512]]
[2019.05.17-00.48.18:236][  0]LogConfig: Setting CVar [[r.Shadow.MaxCSMResolution:512]]
[2019.05.17-00.48.18:236][  0]LogConfig: Setting CVar [[r.Shadow.RadiusThreshold:0.06]]
[2019.05.17-00.48.18:236][  0]LogConfig: Setting CVar [[r.Shadow.DistanceScale:0.6]]
[2019.05.17-00.48.18:236][  0]LogConfig: Setting CVar [[r.Shadow.CSM.TransitionScale:0]]
[2019.05.17-00.48.18:236][  0]LogConfig: Setting CVar [[r.Shadow.PreShadowResolutionFactor:0.5]]
[2019.05.17-00.48.18:236][  0]LogConfig: Setting CVar [[r.DistanceFieldShadowing:0]]
[2019.05.17-00.48.18:236][  0]LogConfig: Setting CVar [[r.DistanceFieldAO:0]]
[2019.05.17-00.48.18:236][  0]LogConfig: Setting CVar [[r.VolumetricFog:0]]
[2019.05.17-00.48.18:236][  0]LogConfig: Setting CVar [[r.LightMaxDrawDistanceScale:0]]
[2019.05.17-00.48.18:236][  0]LogConfig: Setting CVar [[r.CapsuleShadows:0]]
[2019.05.17-00.48.18:236][  0]LogConfig: Applying CVar settings from Section [PostProcessQuality@0] File [C:/Users/juare/OneDrive/Documents/Unreal Projects/Crossy_road/Saved/Config/Windows/Scalability.ini]
[2019.05.17-00.48.18:236][  0]LogConfig: Setting CVar [[r.MotionBlurQuality:0]]
[2019.05.17-00.48.18:236][  0]LogConfig: Setting CVar [[r.AmbientOcclusionMipLevelFactor:1.0]]
[2019.05.17-00.48.18:236][  0]LogConfig: Setting CVar [[r.AmbientOcclusionMaxQuality:0]]
[2019.05.17-00.48.18:236][  0]LogConfig: Setting CVar [[r.AmbientOcclusionLevels:0]]
[2019.05.17-00.48.18:236][  0]LogConfig: Setting CVar [[r.AmbientOcclusionRadiusScale:1.2]]
[2019.05.17-00.48.18:236][  0]LogConfig: Setting CVar [[r.DepthOfFieldQuality:0]]
[2019.05.17-00.48.18:236][  0]LogConfig: Setting CVar [[r.RenderTargetPoolMin:300]]
[2019.05.17-00.48.18:236][  0]LogConfig: Setting CVar [[r.LensFlareQuality:0]]
[2019.05.17-00.48.18:236][  0]LogConfig: Setting CVar [[r.SceneColorFringeQuality:0]]
[2019.05.17-00.48.18:236][  0]LogConfig: Setting CVar [[r.EyeAdaptationQuality:0]]
[2019.05.17-00.48.18:236][  0]LogConfig: Setting CVar [[r.BloomQuality:4]]
[2019.05.17-00.48.18:236][  0]LogConfig: Setting CVar [[r.FastBlurThreshold:0]]
[2019.05.17-00.48.18:236][  0]LogConfig: Setting CVar [[r.Upscale.Quality:1]]
[2019.05.17-00.48.18:236][  0]LogConfig: Setting CVar [[r.Tonemapper.GrainQuantization:0]]
[2019.05.17-00.48.18:237][  0]LogConfig: Setting CVar [[r.LightShaftQuality:0]]
[2019.05.17-00.48.18:237][  0]LogConfig: Setting CVar [[r.Filter.SizeScale:0.6]]
[2019.05.17-00.48.18:237][  0]LogConfig: Setting CVar [[r.Tonemapper.Quality:0]]
[2019.05.17-00.48.18:237][  0]LogConfig: Applying CVar settings from Section [TextureQuality@0] File [C:/Users/juare/OneDrive/Documents/Unreal Projects/Crossy_road/Saved/Config/Windows/Scalability.ini]
[2019.05.17-00.48.18:237][  0]LogConfig: Setting CVar [[r.Streaming.MipBias:16]]
[2019.05.17-00.48.18:237][  0]LogConfig: Setting CVar [[r.Streaming.AmortizeCPUToGPUCopy:1]]
[2019.05.17-00.48.18:237][  0]LogConfig: Setting CVar [[r.Streaming.MaxNumTexturesToStreamPerFrame:1]]
[2019.05.17-00.48.18:237][  0]LogConfig: Setting CVar [[r.Streaming.Boost:0.3]]
[2019.05.17-00.48.18:237][  0]LogConfig: Setting CVar [[r.MaxAnisotropy:0]]
[2019.05.17-00.48.18:237][  0]LogConfig: Setting CVar [[r.Streaming.LimitPoolSizeToVRAM:1]]
[2019.05.17-00.48.18:237][  0]LogConfig: Setting CVar [[r.Streaming.PoolSize:400]]
[2019.05.17-00.48.18:237][  0]LogConfig: Setting CVar [[r.Streaming.MaxEffectiveScreenSize:0]]
[2019.05.17-00.48.18:237][  0]LogConfig: Applying CVar settings from Section [EffectsQuality@0] File [C:/Users/juare/OneDrive/Documents/Unreal Projects/Crossy_road/Saved/Config/Windows/Scalability.ini]
[2019.05.17-00.48.18:237][  0]LogConfig: Setting CVar [[r.TranslucencyLightingVolumeDim:24]]
[2019.05.17-00.48.18:237][  0]LogConfig: Setting CVar [[r.RefractionQuality:0]]
[2019.05.17-00.48.18:237][  0]LogConfig: Setting CVar [[r.SSR.Quality:0]]
[2019.05.17-00.48.18:237][  0]LogConfig: Setting CVar [[r.SceneColorFormat:3]]
[2019.05.17-00.48.18:237][  0]LogConfig: Setting CVar [[r.DetailMode:0]]
[2019.05.17-00.48.18:237][  0]LogConfig: Setting CVar [[r.TranslucencyVolumeBlur:0]]
[2019.05.17-00.48.18:237][  0]LogConfig: Setting CVar [[r.MaterialQualityLevel:0 ; Low quality]]
[2019.05.17-00.48.18:237][  0]LogConfig: Setting CVar [[r.SSS.Scale:0]]
[2019.05.17-00.48.18:237][  0]LogConfig: Setting CVar [[r.SSS.SampleSet:0]]
[2019.05.17-00.48.18:237][  0]LogConfig: Setting CVar [[r.SSS.Quality:0]]
[2019.05.17-00.48.18:237][  0]LogConfig: Setting CVar [[r.SSS.HalfRes:1]]
[2019.05.17-00.48.18:237][  0]LogConfig: Setting CVar [[r.EmitterSpawnRateScale:0.125]]
[2019.05.17-00.48.18:237][  0]LogConfig: Setting CVar [[r.ParticleLightQuality:0]]
[2019.05.17-00.48.18:237][  0]LogConfig: Applying CVar settings from Section [FoliageQuality@0] File [C:/Users/juare/OneDrive/Documents/Unreal Projects/Crossy_road/Saved/Config/Windows/Scalability.ini]
[2019.05.17-00.48.18:237][  0]LogConfig: Setting CVar [[foliage.DensityScale:0]]
[2019.05.17-00.48.18:237][  0]LogConfig: Setting CVar [[grass.DensityScale:0]]
[2019.05.17-00.48.18:237][  0]LogConfig: Applying CVar settings from Section [Startup] File [../../../Engine/Config/ConsoleVariables.ini]
[2019.05.17-00.48.18:238][  0]LogConfig: Setting CVar [[net.UseAdaptiveNetUpdateFrequency:0]]
[2019.05.17-00.48.18:238][  0]LogConfig: Applying CVar settings from Section [ConsoleVariables] File [C:/Users/juare/OneDrive/Documents/Unreal Projects/Crossy_road/Saved/Config/Windows/Engine.ini]
[2019.05.17-00.48.18:238][  0]LogInit: Computer: ERICKSXPS
[2019.05.17-00.48.18:238][  0]LogInit: User: juare
[2019.05.17-00.48.18:238][  0]LogInit: CPU Page size=4096, Cores=2
[2019.05.17-00.48.18:238][  0]LogInit: High frequency timer resolution =1.570315 MHz
[2019.05.17-00.48.18:238][  0]LogMemory: Memory total: Physical=15.9GB (16GB approx)
[2019.05.17-00.48.18:238][  0]LogMemory: Platform Memory Stats for Windows
[2019.05.17-00.48.18:238][  0]LogMemory: Process Physical Memory: 102.55 MB used, 102.55 MB peak
[2019.05.17-00.48.18:238][  0]LogMemory: Process Virtual Memory: 84.81 MB used, 84.81 MB peak
[2019.05.17-00.48.18:238][  0]LogMemory: Physical Memory: 7106.59 MB used,  9173.14 MB free, 16279.73 MB total
[2019.05.17-00.48.18:238][  0]LogMemory: Virtual Memory: 4629.13 MB used,  134213096.00 MB free, 134217728.00 MB total
[2019.05.17-00.48.18:265][  0]LogInit: Using OS detected language (en-US).
[2019.05.17-00.48.18:265][  0]LogInit: Using OS detected locale (en-US).
[2019.05.17-00.48.18:267][  0]LogTextLocalizationManager: No specific localization for 'en-US' exists, so the 'en' localization will be used.
[2019.05.17-00.48.18:872][  0]LogStreaming: Display: Took  0.607s to InitEngineTextLocalization.
[2019.05.17-00.48.18:873][  0]LogInit: Setting process to per monitor DPI aware
[2019.05.17-00.48.18:935][  0]LogSlate: New Slate User Created.  User Index 0, Is Virtual User: 0
[2019.05.17-00.48.18:935][  0]LogSlate: Slate User Registered.  User Index 0, Is Virtual User: 0
[2019.05.17-00.48.19:304][  0]LogHMD: Failed to initialize OpenVR with code 110
[2019.05.17-00.48.19:304][  0]LogD3D11RHI: D3D11 adapters:
[2019.05.17-00.48.19:320][  0]LogD3D11RHI:    0. 'Intel(R) HD Graphics 615' (Feature Level 11_0)
[2019.05.17-00.48.19:320][  0]LogD3D11RHI:       128/0/8139 MB DedicatedVideo/DedicatedSystem/SharedSystem, Outputs:1, VendorId:0x8086
[2019.05.17-00.48.19:323][  0]LogD3D11RHI:    1. 'Microsoft Basic Render Driver' (Feature Level 11_0)
[2019.05.17-00.48.19:323][  0]LogD3D11RHI:       0/0/8139 MB DedicatedVideo/DedicatedSystem/SharedSystem, Outputs:0, VendorId:0x1414
[2019.05.17-00.48.19:323][  0]LogD3D11RHI: Chosen D3D11 Adapter: 0
[2019.05.17-00.48.19:332][  0]LogD3D11RHI: Creating new Direct3DDevice
[2019.05.17-00.48.19:332][  0]LogD3D11RHI:     GPU DeviceId: 0x591e (for the marketing name, search the web for "GPU Device Id")
[2019.05.17-00.48.19:332][  0]LogWindows: EnumDisplayDevices:
[2019.05.17-00.48.19:333][  0]LogWindows:    0. 'Intel(R) HD Graphics 615' (P:1 D:1)
[2019.05.17-00.48.19:333][  0]LogWindows:    1. 'Intel(R) HD Graphics 615' (P:0 D:0)
[2019.05.17-00.48.19:334][  0]LogWindows:    2. 'Intel(R) HD Graphics 615' (P:0 D:0)
[2019.05.17-00.48.19:334][  0]LogWindows: DebugString: FoundDriverCount:3 
[2019.05.17-00.48.19:334][  0]LogD3D11RHI:     Adapter Name: Intel(R) HD Graphics 615
[2019.05.17-00.48.19:334][  0]LogD3D11RHI:   Driver Version: 22.20.16.4836 (internal:22.20.16.4836, unified:22.20.16.4836)
[2019.05.17-00.48.19:334][  0]LogD3D11RHI:      Driver Date: 10-17-2017
[2019.05.17-00.48.19:334][  0]LogRHI: Texture pool is 1523 MB (70% of 2176 MB)
[2019.05.17-00.48.19:368][  0]LogD3D11RHI: [IntelMetricsDiscovery] Started
[2019.05.17-00.48.19:368][  0]LogD3D11RHI: Async texture creation enabled
[2019.05.17-00.48.19:378][  0]LogD3D11RHI: GPU Timing Frequency: 12.000000 (Debug: 2 0)
[2019.05.17-00.48.19:858][  0]LogTemp: Display: Loaded TP AllDesktopTargetPlatform
[2019.05.17-00.48.19:874][  0]LogTemp: Display: Loaded TP MacClientTargetPlatform
[2019.05.17-00.48.19:889][  0]LogTemp: Display: Loaded TP MacNoEditorTargetPlatform
[2019.05.17-00.48.19:909][  0]LogTemp: Display: Loaded TP MacServerTargetPlatform
[2019.05.17-00.48.19:924][  0]LogTemp: Display: Loaded TP MacTargetPlatform
[2019.05.17-00.48.19:942][  0]LogTemp: Display: Loaded TP WindowsClientTargetPlatform
[2019.05.17-00.48.19:962][  0]LogTemp: Display: Loaded TP WindowsNoEditorTargetPlatform
[2019.05.17-00.48.19:985][  0]LogTemp: Display: Loaded TP WindowsServerTargetPlatform
[2019.05.17-00.48.19:996][  0]LogTemp: Display: Loaded TP WindowsTargetPlatform
[2019.05.17-00.48.20:114][  0]LogTemp: Display: Loaded TP AndroidTargetPlatform
[2019.05.17-00.48.20:114][  0]LogTemp: Display: Loaded TP AndroidTargetPlatform
[2019.05.17-00.48.20:114][  0]LogTemp: Display: Loaded TP AndroidTargetPlatform
[2019.05.17-00.48.20:114][  0]LogTemp: Display: Loaded TP AndroidTargetPlatform
[2019.05.17-00.48.20:114][  0]LogTemp: Display: Loaded TP AndroidTargetPlatform
[2019.05.17-00.48.20:114][  0]LogTemp: Display: Loaded TP AndroidTargetPlatform
[2019.05.17-00.48.20:114][  0]LogTemp: Display: Loaded TP AndroidTargetPlatform
[2019.05.17-00.48.20:114][  0]LogTemp: Display: Loaded TP AndroidTargetPlatform
[2019.05.17-00.48.20:114][  0]LogTemp: Display: Loaded TP AndroidTargetPlatform
[2019.05.17-00.48.20:114][  0]LogTemp: Display: Loaded TP AndroidTargetPlatform
[2019.05.17-00.48.20:114][  0]LogTemp: Display: Loaded TP AndroidTargetPlatform
[2019.05.17-00.48.20:114][  0]LogTemp: Display: Loaded TP AndroidTargetPlatform
[2019.05.17-00.48.20:114][  0]LogTemp: Display: Loaded TP AndroidTargetPlatform
[2019.05.17-00.48.20:114][  0]LogTemp: Display: Loaded TP AndroidTargetPlatform
[2019.05.17-00.48.20:114][  0]LogTemp: Display: Loaded TP AndroidTargetPlatform
[2019.05.17-00.48.20:114][  0]LogTemp: Display: Loaded TP AndroidTargetPlatform
[2019.05.17-00.48.20:114][  0]LogTemp: Display: Loaded TP AndroidTargetPlatform
[2019.05.17-00.48.20:114][  0]LogTemp: Display: Loaded TP AndroidTargetPlatform
[2019.05.17-00.48.20:116][  0]LogTemp: Display: Loaded TP HTML5TargetPlatform
[2019.05.17-00.48.20:188][  0]LogTemp: Display: Loaded TP IOSTargetPlatform
[2019.05.17-00.48.20:188][  0]LogTemp: Display: Loaded TP IOSTargetPlatform
[2019.05.17-00.48.20:217][  0]LogTemp: Display: Loaded TP TVOSTargetPlatform
[2019.05.17-00.48.20:217][  0]LogTemp: Display: Loaded TP TVOSTargetPlatform
[2019.05.17-00.48.20:232][  0]LogTemp: Display: Loaded TP LinuxClientTargetPlatform
[2019.05.17-00.48.20:248][  0]LogTemp: Display: Loaded TP LinuxNoEditorTargetPlatform
[2019.05.17-00.48.20:268][  0]LogTemp: Display: Loaded TP LinuxServerTargetPlatform
[2019.05.17-00.48.20:287][  0]LogTemp: Display: Loaded TP LinuxTargetPlatform
[2019.05.17-00.48.20:339][  0]LogTemp: Display: Loaded TP LuminTargetPlatform
[2019.05.17-00.48.20:339][  0]LogTemp: Display: Loaded TP LuminTargetPlatform
[2019.05.17-00.48.20:339][  0]LogTargetPlatformManager: Display: Building Assets For Windows
[2019.05.17-00.48.20:422][  0]LogShaderCompilers: Guid format shader working directory is -29 characters bigger than the processId version (../../../../../../Users/juare/OneDrive/Documents/Unreal Projects/Crossy_road/Intermediate/Shaders/WorkingDirectory/780/).
[2019.05.17-00.48.20:422][  0]LogShaderCompilers: Cleaned the shader compiler working directory 'C:/Users/juare/AppData/Local/Temp/UnrealShaderWorkingDir/C00355B048DAB593D9CB12B25BEE1F5E/'.
[2019.05.17-00.48.20:425][  0]LogXGEController: Cannot use XGE Controller as Incredibuild is not installed on this machine.
[2019.05.17-00.48.20:425][  0]LogShaderCompilers: Cannot use XGE Shader Compiler as Incredibuild is not installed on this machine.
[2019.05.17-00.48.20:425][  0]LogShaderCompilers: Display: Using Local Shader Compiler.
[2019.05.17-00.48.21:078][  0]LogDerivedDataCache: Display: Max Cache Size: 512 MB
[2019.05.17-00.48.21:140][  0]LogDerivedDataCache: Loaded boot cache 0.06s 71MB C:/Users/juare/AppData/Local/UnrealEngine/4.21/DerivedDataCache/Boot.ddc.
[2019.05.17-00.48.21:140][  0]LogDerivedDataCache: Display: Loaded Boot cache: C:/Users/juare/AppData/Local/UnrealEngine/4.21/DerivedDataCache/Boot.ddc
[2019.05.17-00.48.21:141][  0]LogDerivedDataCache: FDerivedDataBackendGraph:  Pak pak cache file ../../../../../../Users/juare/OneDrive/Documents/Unreal Projects/Crossy_road/DerivedDataCache/DDC.ddp not found, will not use a pak cache.
[2019.05.17-00.48.21:141][  0]LogDerivedDataCache: Unable to find inner node Pak for hierarchical cache Hierarchy.
[2019.05.17-00.48.21:141][  0]LogDerivedDataCache: FDerivedDataBackendGraph:  CompressedPak pak cache file ../../../../../../Users/juare/OneDrive/Documents/Unreal Projects/Crossy_road/DerivedDataCache/Compressed.ddp not found, will not use a pak cache.
[2019.05.17-00.48.21:141][  0]LogDerivedDataCache: Unable to find inner node CompressedPak for hierarchical cache Hierarchy.
[2019.05.17-00.48.21:160][  0]LogDerivedDataCache: Display: Pak cache opened for reading ../../../Engine/DerivedDataCache/Compressed.ddp.
[2019.05.17-00.48.21:165][  0]LogDerivedDataCache: Display: Pak cache opened for reading ../../../Enterprise/DerivedDataCache/Compressed.ddp.
[2019.05.17-00.48.21:177][  0]LogDerivedDataCache: Using Local data cache path C:/Users/juare/AppData/Local/UnrealEngine/Common/DerivedDataCache: Writable
[2019.05.17-00.48.21:177][  0]LogDerivedDataCache: Shared data cache path not found in *engine.ini, will not use an Shared cache.
[2019.05.17-00.48.21:177][  0]LogDerivedDataCache: Unable to find inner node Shared for hierarchical cache Hierarchy.
[2019.05.17-00.48.21:213][  0]LogMaterial: Verifying Global Shaders for PCD3D_SM5
[2019.05.17-00.48.21:215][  0]LogSlate: Using FreeType 2.6.0
[2019.05.17-00.48.21:216][  0]LogSlate: SlateFontServices - WITH_FREETYPE: 1, WITH_HARFBUZZ: 1
[2019.05.17-00.48.21:316][  0]LogAssetRegistry: FAssetRegistry took 0.0380 seconds to start up
[2019.05.17-00.48.21:845][  0]LogInit: Selected Device Profile: [Windows]
[2019.05.17-00.48.22:057][  0]LogSimplygon: Simplygon DLL not present - disabling.
[2019.05.17-00.48.22:063][  0]LogMeshReduction: Using SimplygonSwarm for distributed automatic mesh merging
[2019.05.17-00.48.22:063][  0]LogMeshReduction: Using ProxyLODMeshReduction for automatic mesh merging
[2019.05.17-00.48.22:063][  0]LogMeshReduction: Using QuadricMeshReduction for automatic static mesh reduction
[2019.05.17-00.48.22:063][  0]LogMeshReduction: No automatic skeletal mesh reduction module available
[2019.05.17-00.48.22:085][  0]LogNetVersion: Crossy_road 1.0.0, NetCL: 4541578, EngineNetVer: 5, GameNetVer: 0 (Checksum: 761332532)
[2019.05.17-00.48.22:973][  0]LogPackageLocalizationCache: Processed 14 localized package path(s) for 2 prioritized culture(s) in 0.243376 seconds
[2019.05.17-00.48.22:985][  0]LogUObjectArray: 39775 objects as part of root set at end of initial load.
[2019.05.17-00.48.22:985][  0]LogUObjectAllocator: 6914664 out of 0 bytes used by permanent object pool.
[2019.05.17-00.48.22:985][  0]LogUObjectArray: CloseDisregardForGC: 0/0 objects in disregard for GC pool
[2019.05.17-00.48.24:270][  0]LogTcpMessaging: Initializing TcpMessaging bridge
[2019.05.17-00.48.24:286][  0]LogUdpMessaging: Initializing bridge on interface 0.0.0.0:0 to multicast group 230.0.0.1:6666.
[2019.05.17-00.48.25:236][  0]SourceControl: Source control is disabled
[2019.05.17-00.48.25:237][  0]SourceControl: Source control is disabled
[2019.05.17-00.48.25:239][  0]SourceControl: Source control is disabled
[2019.05.17-00.48.25:241][  0]SourceControl: Source control is disabled
[2019.05.17-00.48.25:464][  0]LogAndroidPermission: UAndroidPermissionCallbackProxy::GetInstance
[2019.05.17-00.48.25:542][  0]LogOcInput: OculusInput pre-init called
[2019.05.17-00.48.27:956][  0]LogEngine: Initializing Engine...
[2019.05.17-00.48.27:958][  0]LogHMD: Failed to initialize OpenVR with code 110
[2019.05.17-00.48.27:960][  0]LogStats: UGameplayTagsManager::ConstructGameplayTagTree: ImportINI prefixes -  0.000 s
[2019.05.17-00.48.27:960][  0]LogStats: UGameplayTagsManager::ConstructGameplayTagTree: Construct from data asset -  0.000 s
[2019.05.17-00.48.27:960][  0]LogStats: UGameplayTagsManager::ConstructGameplayTagTree: ImportINI -  0.000 s
[2019.05.17-00.48.27:960][  0]LogStats: UGameplayTagsManager::ConstructGameplayTagTree: GameplayTagTreeChangedEvent.Broadcast -  0.000 s
[2019.05.17-00.48.28:322][  0]LogInit: Initializing FReadOnlyCVARCache
[2019.05.17-00.48.28:347][  0]LogAIModule: Creating AISystem for world Untitled
[2019.05.17-00.48.28:358][  0]LogInit: XAudio2 using 'Speakers / Headphones (Realtek(R) Audio)' : 2 channels at 48 kHz using 32 bits per sample (channel mask 0x3)
[2019.05.17-00.48.29:769][  0]LogInit: FAudioDevice initialized.
[2019.05.17-00.48.29:770][  0]LogNetVersion: Set ProjectVersion to 1.0.0.0. Version Checksum will be recalculated on next use.
[2019.05.17-00.48.29:846][  0]LogDerivedDataCache: Saved boot cache 0.08s 71MB C:/Users/juare/AppData/Local/UnrealEngine/4.21/DerivedDataCache/Boot.ddc.
[2019.05.17-00.48.29:868][  0]LogInit: Texture streaming: Enabled
[2019.05.17-00.48.29:902][  0]LogEngineSessionManager: EngineSessionManager initialized
[2019.05.17-00.48.29:932][  0]LogInit: Transaction tracking system initialized
[2019.05.17-00.48.29:977][  0]BlueprintLog: New page: Editor Load
[2019.05.17-00.48.30:114][  0]LocalizationService: Localization service is disabled
[2019.05.17-00.48.31:600][  0]LogFileCache: Scanning file cache for directory 'C:/Users/juare/OneDrive/Documents/Unreal Projects/Crossy_road/Content/' took 0.02s
[2019.05.17-00.48.31:600][  0]LogCook: Display: Max memory allowance for cook 16384mb min free memory 0mb
[2019.05.17-00.48.31:600][  0]LogCook: Display: Mobile HDR setting 1
[2019.05.17-00.48.31:600][  0]LogGameplayTags: Display: UGameplayTagsManager::DoneAddingNativeTags. DelegateIsBound: 0
[2019.05.17-00.48.31:600][  0]LogStats: UGameplayTagsManager::ConstructGameplayTagTree: ImportINI prefixes -  0.000 s
[2019.05.17-00.48.31:600][  0]LogStats: UGameplayTagsManager::ConstructGameplayTagTree: Construct from data asset -  0.000 s
[2019.05.17-00.48.31:600][  0]LogStats: UGameplayTagsManager::ConstructGameplayTagTree: ImportINI -  0.000 s
[2019.05.17-00.48.31:600][  0]LogStats: UGameplayTagsManager::ConstructGameplayTagTree: GameplayTagTreeChangedEvent.Broadcast -  0.000 s
[2019.05.17-00.48.33:587][  0]SourceControl: Source control is disabled
[2019.05.17-00.48.33:587][  0]Cmd: MAP LOAD FILE="../../../Engine/Content/Maps/Templates/Template_Default.umap" TEMPLATE=1 SHOWPROGRESS=1 FEATURELEVEL=3
[2019.05.17-00.48.33:588][  0]LightingResults: New page: Lighting Build
[2019.05.17-00.48.33:591][  0]MapCheck: New page: Map Check
[2019.05.17-00.48.33:591][  0]LightingResults: New page: Lighting Build
[2019.05.17-00.48.33:823][  0]LogAIModule: Creating AISystem for world Untitled_1
[2019.05.17-00.48.33:833][  0]LogEditorServer: Finished looking for orphan Actors (0.000 secs)
[2019.05.17-00.48.33:867][  0]Cmd: MAP CHECKDEP NOCLEARLOG
[2019.05.17-00.48.33:867][  0]MapCheck: Map check complete: 0 Error(s), 0 Warning(s), took 0.286ms to complete.
[2019.05.17-00.48.33:867][  0]LogFileHelpers: Loading map 'Template_Default' took 0.280
[2019.05.17-00.48.34:063][  0]LogSlate: Updating window title bar state: overlay mode, drag disabled, window buttons hidden, title bar hidden
[2019.05.17-00.48.34:076][  0]LogSlate: Updating window title bar state: overlay mode, drag disabled, window buttons hidden, title bar hidden
[2019.05.17-00.48.34:088][  0]LogSlate: Updating window title bar state: overlay mode, drag disabled, window buttons hidden, title bar hidden
[2019.05.17-00.48.34:119][  0]LogSlate: Updating window title bar state: overlay mode, drag disabled, window buttons hidden, title bar hidden
[2019.05.17-00.48.34:140][  0]LogCollectionManager: Loaded 0 collections in 0.003059 seconds
[2019.05.17-00.48.34:185][  0]LogFileCache: Scanning file cache for directory 'C:/Users/juare/OneDrive/Documents/Unreal Projects/Crossy_road/Saved/Collections/' took 0.01s
[2019.05.17-00.48.34:185][  0]LogFileCache: Scanning file cache for directory 'C:/Users/juare/OneDrive/Documents/Unreal Projects/Crossy_road/Content/Developers/juare/Collections/' took 0.01s
[2019.05.17-00.48.34:185][  0]LogFileCache: Scanning file cache for directory 'C:/Users/juare/OneDrive/Documents/Unreal Projects/Crossy_road/Content/Collections/' took 0.00s
[2019.05.17-00.48.34:185][  0]LogCollectionManager: Rebuilt the GUID cache for 0 collections in 0.000001 seconds
[2019.05.17-00.48.34:204][  0]LogContentBrowser: Native class hierarchy populated in 0.0174 seconds. Added 2709 classes and 653 folders.
[2019.05.17-00.48.34:222][  0]LogContentBrowser: Native class hierarchy updated for 'WidgetCarousel' in 0.0006 seconds. Added 0 classes and 0 folders.
[2019.05.17-00.48.34:239][  0]LogPakFile: Registered encryption key '00000000000000000000000000000000': 0 pak files mounted, 0 remain pending
[2019.05.17-00.48.34:250][  0]LogPakFile: Registered encryption key '00000000000000000000000000000000': 0 pak files mounted, 0 remain pending
[2019.05.17-00.48.34:274][  0]LogPakFile: Registered encryption key '00000000000000000000000000000000': 0 pak files mounted, 0 remain pending
[2019.05.17-00.48.34:282][  0]LogPakFile: Registered encryption key '00000000000000000000000000000000': 0 pak files mounted, 0 remain pending
[2019.05.17-00.48.34:290][  0]LogPakFile: Registered encryption key '00000000000000000000000000000000': 0 pak files mounted, 0 remain pending
[2019.05.17-00.48.34:297][  0]LogPakFile: Registered encryption key '00000000000000000000000000000000': 0 pak files mounted, 0 remain pending
[2019.05.17-00.48.34:304][  0]LogPakFile: Registered encryption key '00000000000000000000000000000000': 0 pak files mounted, 0 remain pending
[2019.05.17-00.48.34:312][  0]LogPakFile: Registered encryption key '00000000000000000000000000000000': 0 pak files mounted, 0 remain pending
[2019.05.17-00.48.34:320][  0]LogPakFile: Registered encryption key '00000000000000000000000000000000': 0 pak files mounted, 0 remain pending
[2019.05.17-00.48.34:333][  0]LogPakFile: Registered encryption key '00000000000000000000000000000000': 0 pak files mounted, 0 remain pending
[2019.05.17-00.48.34:340][  0]LogPakFile: Registered encryption key '00000000000000000000000000000000': 0 pak files mounted, 0 remain pending
[2019.05.17-00.48.34:347][  0]LogPakFile: Registered encryption key '00000000000000000000000000000000': 0 pak files mounted, 0 remain pending
[2019.05.17-00.48.34:353][  0]LogPakFile: Registered encryption key '00000000000000000000000000000000': 0 pak files mounted, 0 remain pending
[2019.05.17-00.48.34:362][  0]LogPakFile: Registered encryption key '00000000000000000000000000000000': 0 pak files mounted, 0 remain pending
[2019.05.17-00.48.34:369][  0]LogPakFile: Registered encryption key '00000000000000000000000000000000': 0 pak files mounted, 0 remain pending
[2019.05.17-00.48.34:375][  0]LogPakFile: Registered encryption key '00000000000000000000000000000000': 0 pak files mounted, 0 remain pending
[2019.05.17-00.48.34:406][  0]LogPakFile: Registered encryption key '00000000000000000000000000000000': 0 pak files mounted, 0 remain pending
[2019.05.17-00.48.34:412][  0]LogPakFile: Registered encryption key '00000000000000000000000000000000': 0 pak files mounted, 0 remain pending
[2019.05.17-00.48.34:420][  0]LogPakFile: Registered encryption key '00000000000000000000000000000000': 0 pak files mounted, 0 remain pending
[2019.05.17-00.48.34:427][  0]LogPakFile: Registered encryption key '00000000000000000000000000000000': 0 pak files mounted, 0 remain pending
[2019.05.17-00.48.34:467][  0]LogPakFile: Registered encryption key '00000000000000000000000000000000': 0 pak files mounted, 0 remain pending
[2019.05.17-00.48.34:473][  0]LogPakFile: Registered encryption key '00000000000000000000000000000000': 0 pak files mounted, 0 remain pending
[2019.05.17-00.48.34:480][  0]LogPakFile: Registered encryption key '00000000000000000000000000000000': 0 pak files mounted, 0 remain pending
[2019.05.17-00.48.34:489][  0]LogPakFile: Registered encryption key '00000000000000000000000000000000': 0 pak files mounted, 0 remain pending
[2019.05.17-00.48.34:496][  0]LogPakFile: Registered encryption key '00000000000000000000000000000000': 0 pak files mounted, 0 remain pending
[2019.05.17-00.48.34:503][  0]LogPakFile: Registered encryption key '00000000000000000000000000000000': 0 pak files mounted, 0 remain pending
[2019.05.17-00.48.34:510][  0]LogPakFile: Registered encryption key '00000000000000000000000000000000': 0 pak files mounted, 0 remain pending
[2019.05.17-00.48.34:519][  0]LogPakFile: Registered encryption key '00000000000000000000000000000000': 0 pak files mounted, 0 remain pending
[2019.05.17-00.48.34:754][  0]LogContentBrowser: Native class hierarchy updated for 'AddContentDialog' in 0.0006 seconds. Added 0 classes and 0 folders.
[2019.05.17-00.48.34:771][  0]LogContentBrowser: Native class hierarchy updated for 'SceneOutliner' in 0.0004 seconds. Added 1 classes and 2 folders.
[2019.05.17-00.48.34:962][  0]LogSlate: Took 0.000296 seconds to synchronously load lazily loaded font '../../../Engine/Content/Slate/Fonts/Roboto-Regular.ttf' (155K)
[2019.05.17-00.48.34:966][  0]LogSlate: Took 0.000387 seconds to synchronously load lazily loaded font '../../../Engine/Content/Slate/Fonts/Roboto-Bold.ttf' (160K)
[2019.05.17-00.48.34:986][  0]LogSlate: Took 0.007882 seconds to synchronously load lazily loaded font '../../../Engine/Content/Editor/Slate/Fonts/FontAwesome.ttf' (139K)
[2019.05.17-00.48.35:195][  0]LogRenderer: Reallocating scene render targets to support 852x336 Format 9 NumSamples 1 (Frame:1).
[2019.05.17-00.48.36:728][  0]LogContentBrowser: Native class hierarchy updated for 'HierarchicalLODOutliner' in 0.0004 seconds. Added 0 classes and 0 folders.
[2019.05.17-00.48.36:728][  0]LogLoad: (Engine Initialization) Total time: 21.15 seconds
[2019.05.17-00.48.36:728][  0]LogLoad: (Engine Initialization) Total Blueprint compile time: 0.00 seconds
[2019.05.17-00.48.36:739][  0]LogWindowsTextInputMethodSystem: Display: IME system now deactivated.
[2019.05.17-00.48.36:811][  0]LogContentStreaming: Texture pool size now 400 MB
[2019.05.17-00.48.36:951][  2]LogAssetRegistry: Asset discovery search completed in 15.6576 seconds
[2019.05.17-00.48.36:956][  2]LogCollectionManager: Rebuilt the object cache for 0 collections in 0.000001 seconds (found 0 objects)
[2019.05.17-00.48.36:956][  2]LogCollectionManager: Fixed up redirectors for 0 collections in 0.000115 seconds (updated 0 objects)
[2019.05.17-00.48.42:172][225]LogSlate: FSceneViewport::OnFocusLost() reason 0
[2019.05.17-00.48.42:417][243]LogSlate: Took 0.009409 seconds to synchronously load lazily loaded font '../../../Engine/Content/Slate/Fonts/Roboto-Light.ttf' (167K)
[2019.05.17-00.48.43:404][295]LogSlate: Took 0.000386 seconds to synchronously load lazily loaded font '../../../Engine/Content/Slate/Fonts/Roboto-Light.ttf' (167K)
[2019.05.17-00.48.43:936][295]LogAIModule: Creating AISystem for world Map
[2019.05.17-00.48.43:946][295]LogAssetEditorManager: Opening Asset editor for World /Game/Maps/Map.Map
[2019.05.17-00.48.43:986][295]Cmd: MAP LOAD FILE="../../../../../../Users/juare/OneDrive/Documents/Unreal Projects/Crossy_road/Content/Maps/Map.umap" TEMPLATE=0 SHOWPROGRESS=1 FEATURELEVEL=3
[2019.05.17-00.48.43:986][295]LightingResults: New page: Lighting Build
[2019.05.17-00.48.43:987][295]LoadErrors: New page: Loading map: Map.umap
[2019.05.17-00.48.43:988][295]MapCheck: New page: Map Check
[2019.05.17-00.48.43:988][295]LightingResults: New page: Lighting Build
[2019.05.17-00.48.44:117][295]LogEditorServer: Finished looking for orphan Actors (0.000 secs)
[2019.05.17-00.48.44:187][295]Cmd: MAP CHECKDEP NOCLEARLOG
[2019.05.17-00.48.44:187][295]MapCheck: Map check complete: 0 Error(s), 0 Warning(s), took 0.203ms to complete.
[2019.05.17-00.48.44:187][295]LogFileHelpers: Loading map 'Map' took 0.203
[2019.05.17-00.50.47:585][195]LogEditorViewport: Clicking on Actor (LMB): StaticMeshActor (Floor)
[2019.05.17-01.12.47:685][505]LogSlate: FSceneViewport::OnFocusLost() reason 0
[2019.05.17-01.13.03:210][614]LogFactory: FactoryCreateFile: StaticMesh with FbxFactory (0 0 ../../../../../../Users/juare/Dropbox (CSU Fullerton)/CPSC 386 - Videogame Design/Crossy Road/sprites/players/bunny/bunny.obj)
[2019.05.17-01.13.03:247][614]LogFbx: Loading FBX Scene from ../../../../../../Users/juare/Dropbox (CSU Fullerton)/CPSC 386 - Videogame Design/Crossy Road/sprites/players/bunny/bunny.obj
[2019.05.17-01.13.03:259][614]LogFbx: FBX Scene Loaded Succesfully
[2019.05.17-01.15.53:717][614]LogSlate: Window 'FBX Import Options' being destroyed
[2019.05.17-01.15.54:108][614]LogLinker: Can't find file '/Game/Characters/bunny'
[2019.05.17-01.15.54:115][614]LogTexture: Display: Building textures: bunny1 (BGRA8, 256X1)
[2019.05.17-01.15.54:126][614]LogMaterial: Display: Missing cached shader map for material palette, compiling. 
[2019.05.17-01.15.54:194][614]LogShaderCompilers: Display: Shaders left to compile 22
[2019.05.17-01.15.54:194][614]LogShaderCompilers: Display: Shaders left to compile 12
[2019.05.17-01.15.54:194][614]LogShaderCompilers: Display: Shaders left to compile 2
[2019.05.17-01.15.54:197][614]LogStaticMesh: Building static mesh bunny...
[2019.05.17-01.15.54:207][614]LogStaticMesh: Built static mesh [0.01s] /Game/Characters/bunny.bunny
[2019.05.17-01.15.54:210][614]LogStaticMesh: Warning: bunny has degenerate tangent bases which will result in incorrect shading.  MikkTSpace relies on tangent bases and may result in mesh corruption, consider disabling this option.
[2019.05.17-01.15.54:210][614]LogStaticMesh: Warning: bunny has some nearly zero bi-normals which can create some issues. (Tolerance of 1E-4)
[2019.05.17-01.15.54:230][614]FBXImport: Warning: No smoothing group information was found in this FBX scene.  Please make sure to enable the 'Export Smoothing Groups' option in the FBX Exporter plug-in before exporting the file.  Even for tools that don't support smoothing groups, the FBX Exporter will generate appropriate smoothing data at export-time so that correct vertex normals can be inferred while importing. 
[2019.05.17-01.15.54:230][614]FBXImport: Warning: bunny has degenerate tangent bases which will result in incorrect shading.  MikkTSpace relies on tangent bases and may result in mesh corruption, consider disabling this option. 
[2019.05.17-01.15.54:230][614]FBXImport: Warning: bunny has some nearly zero bi-normals which can create some issues. (Tolerance of 1E-4) 
[2019.05.17-01.15.54:250][614]LogFactory: FactoryCreateFile: Texture with ReimportTextureFactory (0 0 ../../../../../../Users/juare/Dropbox (CSU Fullerton)/CPSC 386 - Videogame Design/Crossy Road/sprites/players/bunny/bunny.png)
[2019.05.17-01.15.54:262][614]LogTexture: Display: Building textures: bunny_0 (BGRA8, 256X1)
[2019.05.17-01.15.54:370][615]LogUnrealEdMisc: Warning: Heartbeat event firing too frequently (0.000 sec). This should never happen. Something is wrong with the timer delegate!
[2019.05.17-01.15.54:373][615]LogUnrealEdMisc: Warning: Heartbeat event firing too frequently (0.003 sec). This should never happen. Something is wrong with the timer delegate!
[2019.05.17-01.15.58:047][720]LogSlate: Window 'Message Log' being destroyed
[2019.05.17-01.15.58:064][720]LogSlate: Window 'Message Log' being destroyed
[2019.05.17-01.16.55:522][ 29]LogSlate: Window 'Pick Parent Class' being destroyed
[2019.05.17-01.16.55:747][ 30]LogFileHelpers: Editor autosave (incl. sublevels) for '/Game/Maps/Map' took 0.027
[2019.05.17-01.16.55:774][ 30]OBJ SavePackage: Generating thumbnails for [1] asset(s) in package [/Game/Characters/palette] ([1] browsable assets)...
[2019.05.17-01.16.55:819][ 30]OBJ SavePackage:     Rendered thumbnail for [Material /Game/Characters/palette.palette]
[2019.05.17-01.16.55:819][ 30]OBJ SavePackage: Finished generating thumbnails for package [/Game/Characters/palette]
[2019.05.17-01.16.55:849][ 30]LogSavePackage: Moving '../../../../../../Users/juare/OneDrive/Documents/Unreal Projects/Crossy_road/Saved/palette_Auto1C7222F544BE0A8E16757AFB4DD30559C.tmp' to '../../../../../../Users/juare/OneDrive/Documents/Unreal Projects/Crossy_road/Saved/Autosaves/Game/Characters/palette_Auto1.uasset'
[2019.05.17-01.16.55:851][ 30]OBJ SavePackage: Generating thumbnails for [2] asset(s) in package [/Game/Characters/bunny] ([2] browsable assets)...
[2019.05.17-01.16.55:877][ 30]OBJ SavePackage:     Rendered thumbnail for [StaticMesh /Game/Characters/bunny.bunny]
[2019.05.17-01.16.55:879][ 30]OBJ SavePackage:     Rendered thumbnail for [Texture2D /Game/Characters/bunny.bunny_0]
[2019.05.17-01.16.55:879][ 30]OBJ SavePackage: Finished generating thumbnails for package [/Game/Characters/bunny]
[2019.05.17-01.16.55:900][ 30]LogSavePackage: Moving '../../../../../../Users/juare/OneDrive/Documents/Unreal Projects/Crossy_road/Saved/bunny_Auto175F0DF72419C879E71E715B1701E0A0E.tmp' to '../../../../../../Users/juare/OneDrive/Documents/Unreal Projects/Crossy_road/Saved/Autosaves/Game/Characters/bunny_Auto1.uasset'
[2019.05.17-01.16.55:902][ 30]OBJ SavePackage: Generating thumbnails for [1] asset(s) in package [/Game/Characters/bunny1] ([1] browsable assets)...
[2019.05.17-01.16.55:904][ 30]OBJ SavePackage:     Rendered thumbnail for [Texture2D /Game/Characters/bunny1.bunny1]
[2019.05.17-01.16.55:904][ 30]OBJ SavePackage: Finished generating thumbnails for package [/Game/Characters/bunny1]
[2019.05.17-01.16.55:913][ 30]LogSavePackage: Moving '../../../../../../Users/juare/OneDrive/Documents/Unreal Projects/Crossy_road/Saved/bunny1_Auto143DD53754733DC1CA79222A69962B8A2.tmp' to '../../../../../../Users/juare/OneDrive/Documents/Unreal Projects/Crossy_road/Saved/Autosaves/Game/Characters/bunny1_Auto1.uasset'
[2019.05.17-01.16.55:915][ 30]LogFileHelpers: Auto-saving content packages took 0.168
[2019.05.17-01.17.12:895][660]LogAssetEditorManager: Opening Asset editor for StaticMesh /Game/Characters/bunny.bunny
[2019.05.17-01.17.14:201][660]LogRenderer: Reallocating scene render targets to support 852x572 Format 9 NumSamples 1 (Frame:1).
[2019.05.17-01.17.23:028][858]LogSlate: FSceneViewport::OnFocusLost() reason 0
[2019.05.17-01.17.36:770][170]LogUnrealEdMisc: Warning: Heartbeat event firing too frequently (41.151 sec). This should never happen. Something is wrong with the timer delegate!
[2019.05.17-01.27.10:219][758]LogFileHelpers: Editor autosave (incl. sublevels) for '/Game/Maps/Map' took 0.051
[2019.05.17-01.27.10:224][758]OBJ SavePackage: Generating thumbnails for [0] asset(s) in package [/Game/Characters/BP_Bunny] ([1] browsable assets)...
[2019.05.17-01.27.10:224][758]OBJ SavePackage: Finished generating thumbnails for package [/Game/Characters/BP_Bunny]
[2019.05.17-01.27.10:287][758]LogSavePackage: Moving '../../../../../../Users/juare/OneDrive/Documents/Unreal Projects/Crossy_road/Saved/BP_Bunny_Auto25224CA9B425309BCBB2C0EB2517DC2C7.tmp' to '../../../../../../Users/juare/OneDrive/Documents/Unreal Projects/Crossy_road/Saved/Autosaves/Game/Characters/BP_Bunny_Auto2.uasset'
[2019.05.17-01.27.10:288][758]LogFileHelpers: Auto-saving content packages took 0.067
[2019.05.17-01.27.21:266][839]LogSlate: FSceneViewport::OnFocusLost() reason 0
[2019.05.17-01.27.21:317][841]LogSlate: Window 'bunny*' being destroyed
[2019.05.17-01.27.21:335][841]LogSlate: Window 'bunny*' being destroyed
[2019.05.17-01.27.31:824][120]LogSlate: Window 'Delete Assets' being destroyed
[2019.05.17-01.30.01:811][757]LogSlate: FSceneViewport::OnFocusLost() reason 0
[2019.05.17-01.30.20:712][770]LogFactory: FactoryCreateFile: StaticMesh with FbxFactory (0 0 ../../../../../../Users/juare/OneDrive/Desktop/MagicaVoxel-0.99.3-alpha-win64/MagicaVoxel-0.99.3-alpha-win64/export/bunny.obj)
[2019.05.17-01.30.20:723][770]LogFbx: Loading FBX Scene from ../../../../../../Users/juare/OneDrive/Desktop/MagicaVoxel-0.99.3-alpha-win64/MagicaVoxel-0.99.3-alpha-win64/export/bunny.obj
[2019.05.17-01.30.20:730][770]LogFbx: FBX Scene Loaded Succesfully
[2019.05.17-01.30.24:382][770]LogSlate: Window 'FBX Import Options' being destroyed
[2019.05.17-01.30.24:512][770]LogTexture: Display: Building textures: bunny1 (BGRA8, 256X1)
[2019.05.17-01.30.24:524][770]LogMaterial: Display: Missing cached shader map for material palette, compiling. 
[2019.05.17-01.30.24:553][770]LogShaderCompilers: Display: Shaders left to compile 22
[2019.05.17-01.30.24:554][770]LogShaderCompilers: Display: Shaders left to compile 12
[2019.05.17-01.30.24:554][770]LogShaderCompilers: Display: Shaders left to compile 2
[2019.05.17-01.30.24:555][770]LogStaticMesh: Building static mesh bunny...
[2019.05.17-01.30.24:560][770]LogStaticMesh: Built static mesh [0.00s] /Game/Characters/bunny.bunny
[2019.05.17-01.30.24:562][770]LogStaticMesh: Warning: bunny has degenerate tangent bases which will result in incorrect shading.  MikkTSpace relies on tangent bases and may result in mesh corruption, consider disabling this option.
[2019.05.17-01.30.24:562][770]LogStaticMesh: Warning: bunny has some nearly zero bi-normals which can create some issues. (Tolerance of 1E-4)
[2019.05.17-01.30.24:578][770]FBXImport: Warning: No smoothing group information was found in this FBX scene.  Please make sure to enable the 'Export Smoothing Groups' option in the FBX Exporter plug-in before exporting the file.  Even for tools that don't support smoothing groups, the FBX Exporter will generate appropriate smoothing data at export-time so that correct vertex normals can be inferred while importing. 
[2019.05.17-01.30.24:578][770]FBXImport: Warning: bunny has degenerate tangent bases which will result in incorrect shading.  MikkTSpace relies on tangent bases and may result in mesh corruption, consider disabling this option. 
[2019.05.17-01.30.24:578][770]FBXImport: Warning: bunny has some nearly zero bi-normals which can create some issues. (Tolerance of 1E-4) 
[2019.05.17-01.30.24:610][770]LogFactory: FactoryCreateFile: Texture with ReimportTextureFactory (0 0 ../../../../../../Users/juare/OneDrive/Desktop/MagicaVoxel-0.99.3-alpha-win64/MagicaVoxel-0.99.3-alpha-win64/export/bunny.png)
[2019.05.17-01.30.24:619][770]LogTexture: Display: Building textures: bunny_1 (BGRA8, 256X1)
[2019.05.17-01.30.37:270][166]LogSlate: Window 'Message Log' being destroyed
[2019.05.17-01.30.37:285][166]LogSlate: Window 'Message Log' being destroyed
[2019.05.17-01.30.43:578][392]LogAssetEditorManager: Opening Asset editor for StaticMesh /Game/Characters/bunny.bunny
[2019.05.17-01.37.10:789][385]LogFileHelpers: Editor autosave (incl. sublevels) for '/Game/Maps/Map' took 0.068
[2019.05.17-01.37.10:791][385]OBJ SavePackage: Generating thumbnails for [2] asset(s) in package [/Game/Characters/bunny] ([2] browsable assets)...
[2019.05.17-01.37.10:822][385]OBJ SavePackage:     Rendered thumbnail for [StaticMesh /Game/Characters/bunny.bunny]
[2019.05.17-01.37.10:824][385]OBJ SavePackage:     Rendered thumbnail for [Texture2D /Game/Characters/bunny.bunny_1]
[2019.05.17-01.37.10:824][385]OBJ SavePackage: Finished generating thumbnails for package [/Game/Characters/bunny]
[2019.05.17-01.37.10:864][385]LogSavePackage: Moving '../../../../../../Users/juare/OneDrive/Documents/Unreal Projects/Crossy_road/Saved/bunny_Auto323F4F06646E4C48A737315B64FF9D2CF.tmp' to '../../../../../../Users/juare/OneDrive/Documents/Unreal Projects/Crossy_road/Saved/Autosaves/Game/Characters/bunny_Auto3.uasset'
[2019.05.17-01.37.10:869][385]OBJ SavePackage: Generating thumbnails for [1] asset(s) in package [/Game/Characters/palette] ([1] browsable assets)...
[2019.05.17-01.37.10:903][385]OBJ SavePackage:     Rendered thumbnail for [Material /Game/Characters/palette.palette]
[2019.05.17-01.37.10:903][385]OBJ SavePackage: Finished generating thumbnails for package [/Game/Characters/palette]
[2019.05.17-01.37.10:940][385]LogSavePackage: Moving '../../../../../../Users/juare/OneDrive/Documents/Unreal Projects/Crossy_road/Saved/palette_Auto3A85A6EE3432A3D87523E5AB24722CDD6.tmp' to '../../../../../../Users/juare/OneDrive/Documents/Unreal Projects/Crossy_road/Saved/Autosaves/Game/Characters/palette_Auto3.uasset'
[2019.05.17-01.37.10:942][385]OBJ SavePackage: Generating thumbnails for [1] asset(s) in package [/Game/Characters/bunny1] ([1] browsable assets)...
[2019.05.17-01.37.10:952][385]OBJ SavePackage:     Rendered thumbnail for [Texture2D /Game/Characters/bunny1.bunny1]
[2019.05.17-01.37.10:952][385]OBJ SavePackage: Finished generating thumbnails for package [/Game/Characters/bunny1]
[2019.05.17-01.37.10:969][385]LogSavePackage: Moving '../../../../../../Users/juare/OneDrive/Documents/Unreal Projects/Crossy_road/Saved/bunny1_Auto3446F09C24D318ECCE20C8386DB582002.tmp' to '../../../../../../Users/juare/OneDrive/Documents/Unreal Projects/Crossy_road/Saved/Autosaves/Game/Characters/bunny1_Auto3.uasset'
[2019.05.17-01.37.10:971][385]LogFileHelpers: Auto-saving content packages took 0.180
[2019.05.17-01.40.12:826][163]LogSlate: FSceneViewport::OnFocusLost() reason 0
[2019.05.17-01.40.12:871][164]LogSlate: Window 'bunny*' being destroyed
[2019.05.17-01.40.12:893][164]LogSlate: Window 'bunny*' being destroyed
[2019.05.17-01.40.23:875][588]LogSlate: Window 'Delete Assets' being destroyed
[2019.05.17-01.40.29:050][644]LogFactory: FactoryCreateFile: StaticMesh with FbxFactory (0 0 ../../../../../../Users/juare/OneDrive/Desktop/MagicaVoxel-0.99.3-alpha-win64/MagicaVoxel-0.99.3-alpha-win64/export/bunny.obj)
[2019.05.17-01.40.29:062][644]LogFbx: Loading FBX Scene from ../../../../../../Users/juare/OneDrive/Desktop/MagicaVoxel-0.99.3-alpha-win64/MagicaVoxel-0.99.3-alpha-win64/export/bunny.obj
[2019.05.17-01.40.29:068][644]LogFbx: FBX Scene Loaded Succesfully
[2019.05.17-01.40.30:909][644]LogSlate: Window 'FBX Import Options' being destroyed
[2019.05.17-01.40.31:035][644]LogTexture: Display: Building textures: bunny1 (BGRA8, 256X1)
[2019.05.17-01.40.31:055][644]LogMaterial: Display: Missing cached shader map for material palette, compiling. 
[2019.05.17-01.40.31:089][644]LogStaticMesh: Building static mesh bunny...
[2019.05.17-01.40.31:094][644]LogShaderCompilers: Display: Shaders left to compile 22
[2019.05.17-01.40.31:094][644]LogShaderCompilers: Display: Shaders left to compile 12
[2019.05.17-01.40.31:094][644]LogShaderCompilers: Display: Shaders left to compile 2
[2019.05.17-01.40.31:094][644]LogStaticMesh: Built static mesh [0.01s] /Game/Characters/bunny.bunny
[2019.05.17-01.40.31:095][644]LogStaticMesh: Warning: bunny has degenerate tangent bases which will result in incorrect shading.  MikkTSpace relies on tangent bases and may result in mesh corruption, consider disabling this option.
[2019.05.17-01.40.31:095][644]LogStaticMesh: Warning: bunny has some nearly zero bi-normals which can create some issues. (Tolerance of 1E-4)
[2019.05.17-01.40.31:111][644]FBXImport: Warning: No smoothing group information was found in this FBX scene.  Please make sure to enable the 'Export Smoothing Groups' option in the FBX Exporter plug-in before exporting the file.  Even for tools that don't support smoothing groups, the FBX Exporter will generate appropriate smoothing data at export-time so that correct vertex normals can be inferred while importing. 
[2019.05.17-01.40.31:111][644]FBXImport: Warning: bunny has degenerate tangent bases which will result in incorrect shading.  MikkTSpace relies on tangent bases and may result in mesh corruption, consider disabling this option. 
[2019.05.17-01.40.31:113][644]FBXImport: Warning: bunny has some nearly zero bi-normals which can create some issues. (Tolerance of 1E-4) 
[2019.05.17-01.40.31:136][644]LogFactory: FactoryCreateFile: Texture with ReimportTextureFactory (0 0 ../../../../../../Users/juare/OneDrive/Desktop/MagicaVoxel-0.99.3-alpha-win64/MagicaVoxel-0.99.3-alpha-win64/export/bunny.png)
[2019.05.17-01.40.31:141][644]LogTexture: Display: Building textures: bunny_2 (BGRA8, 256X1)
[2019.05.17-01.40.34:056][733]LogSlate: Window 'Message Log' being destroyed
[2019.05.17-01.40.34:071][733]LogSlate: Window 'Message Log' being destroyed
[2019.05.17-01.40.36:111][792]LogAssetEditorManager: Opening Asset editor for StaticMesh /Game/Characters/bunny.bunny
[2019.05.17-01.43.52:784][261]LogSlate: FSceneViewport::OnFocusLost() reason 0
[2019.05.17-01.43.53:008][265]LogSlate: Window 'bunny*' being destroyed
[2019.05.17-01.43.53:021][265]LogSlate: Window 'bunny*' being destroyed
[2019.05.17-01.43.57:245][384]LogSlate: Window 'Pick Parent Class' being destroyed
[2019.05.17-01.44.03:601][538]LogAssetEditorManager: Opening Asset editor for Blueprint /Game/Characters/BP_bunny.BP_bunny
[2019.05.17-01.44.05:272][538]LogContentBrowser: Native class hierarchy updated for 'BlueprintGraph' in 0.0011 seconds. Added 117 classes and 0 folders.
[2019.05.17-01.44.08:632][571]LogSlate: Took 0.024991 seconds to synchronously load lazily loaded font '../../../Engine/Content/Slate/Fonts/Roboto-Italic.ttf' (157K)
[2019.05.17-01.47.11:530][352]LogFileHelpers: Editor autosave (incl. sublevels) for '/Game/Maps/Map' took 0.112
[2019.05.17-01.47.11:532][352]OBJ SavePackage: Generating thumbnails for [1] asset(s) in package [/Game/Characters/BP_bunny] ([1] browsable assets)...
[2019.05.17-01.47.11:555][352]OBJ SavePackage:     Rendered thumbnail for [Blueprint /Game/Characters/BP_bunny.BP_bunny]
[2019.05.17-01.47.11:555][352]OBJ SavePackage: Finished generating thumbnails for package [/Game/Characters/BP_bunny]
[2019.05.17-01.47.11:590][352]LogSavePackage: Moving '../../../../../../Users/juare/OneDrive/Documents/Unreal Projects/Crossy_road/Saved/BP_bunny_Auto4BDB25DCF4667D298F95D6BAEF0AE0993.tmp' to '../../../../../../Users/juare/OneDrive/Documents/Unreal Projects/Crossy_road/Saved/Autosaves/Game/Characters/BP_bunny_Auto4.uasset'
[2019.05.17-01.47.11:591][352]OBJ SavePackage: Generating thumbnails for [2] asset(s) in package [/Game/Characters/bunny] ([2] browsable assets)...
[2019.05.17-01.47.11:611][352]OBJ SavePackage:     Rendered thumbnail for [StaticMesh /Game/Characters/bunny.bunny]
[2019.05.17-01.47.11:613][352]OBJ SavePackage:     Rendered thumbnail for [Texture2D /Game/Characters/bunny.bunny_2]
[2019.05.17-01.47.11:613][352]OBJ SavePackage: Finished generating thumbnails for package [/Game/Characters/bunny]
[2019.05.17-01.47.11:635][352]LogSavePackage: Moving '../../../../../../Users/juare/OneDrive/Documents/Unreal Projects/Crossy_road/Saved/bunny_Auto40055E867475AE0D6F7DAA1A9BA548C3D.tmp' to '../../../../../../Users/juare/OneDrive/Documents/Unreal Projects/Crossy_road/Saved/Autosaves/Game/Characters/bunny_Auto4.uasset'
[2019.05.17-01.47.11:637][352]OBJ SavePackage: Generating thumbnails for [1] asset(s) in package [/Game/Characters/palette] ([1] browsable assets)...
[2019.05.17-01.47.11:658][352]OBJ SavePackage:     Rendered thumbnail for [Material /Game/Characters/palette.palette]
[2019.05.17-01.47.11:658][352]OBJ SavePackage: Finished generating thumbnails for package [/Game/Characters/palette]
[2019.05.17-01.47.11:683][352]LogSavePackage: Moving '../../../../../../Users/juare/OneDrive/Documents/Unreal Projects/Crossy_road/Saved/palette_Auto4ACAD8A824405A7FE013E299C6C13AD11.tmp' to '../../../../../../Users/juare/OneDrive/Documents/Unreal Projects/Crossy_road/Saved/Autosaves/Game/Characters/palette_Auto4.uasset'
[2019.05.17-01.47.11:685][352]OBJ SavePackage: Generating thumbnails for [1] asset(s) in package [/Game/Characters/bunny1] ([1] browsable assets)...
[2019.05.17-01.47.11:687][352]OBJ SavePackage:     Rendered thumbnail for [Texture2D /Game/Characters/bunny1.bunny1]
[2019.05.17-01.47.11:687][352]OBJ SavePackage: Finished generating thumbnails for package [/Game/Characters/bunny1]
[2019.05.17-01.47.11:696][352]LogSavePackage: Moving '../../../../../../Users/juare/OneDrive/Documents/Unreal Projects/Crossy_road/Saved/bunny1_Auto4CF6FA90D4C543848D0E97AB40DE4DE11.tmp' to '../../../../../../Users/juare/OneDrive/Documents/Unreal Projects/Crossy_road/Saved/Autosaves/Game/Characters/bunny1_Auto4.uasset'
[2019.05.17-01.47.11:697][352]LogFileHelpers: Auto-saving content packages took 0.166
[2019.05.17-01.49.44:963][843]LogSlate: FSceneViewport::OnFocusLost() reason 0
[2019.05.17-01.51.13:266][244]LogSlate: FSceneViewport::OnFocusLost() reason 0
[2019.05.17-01.51.38:030][662]LogSlate: FSceneViewport::OnFocusLost() reason 0
[2019.05.17-01.51.38:141][664]LogSlate: Window 'BP_bunny*' being destroyed
[2019.05.17-01.51.38:165][664]LogSlate: Window 'BP_bunny*' being destroyed
[2019.05.17-01.51.41:165][722]LogAssetEditorManager: Opening Asset editor for StaticMesh /Game/Characters/bunny.bunny
[2019.05.17-01.51.43:738][746]LogSlate: FSceneViewport::OnFocusLost() reason 0
[2019.05.17-01.51.43:816][749]LogSlate: Window 'bunny*' being destroyed
[2019.05.17-01.51.43:837][749]LogSlate: Window 'bunny*' being destroyed
[2019.05.17-01.51.47:624][838]LogEditorViewport: Clicking on Actor (LMB): PB_chicken_C (PB_chicken)
[2019.05.17-01.52.06:594][ 99]Cmd: SELECT NONE
[2019.05.17-01.52.06:787][101]Cmd: SELECT NONE
[2019.05.17-01.52.07:146][102]Cmd: SELECT NONE
[2019.05.17-01.52.14:827][134]LogSlate: FSceneViewport::OnFocusLost() reason 2
[2019.05.17-01.53.47:209][477]LogEditorViewport: Clicking on Actor (LMB): PB_chicken_C (PB_chicken)
[2019.05.17-01.53.49:490][535]LogEditorViewport: Clicking on Actor (LMB): BP_Sky_Sphere_C (Sky Sphere)
[2019.05.17-01.53.50:619][567]LogEditorViewport: Clicking on Actor (LMB): PB_chicken_C (PB_chicken)
[2019.05.17-01.53.55:501][690]LogEditorViewport: Clicking on Actor (LMB): BP_Train_C (BP_Train)
[2019.05.17-01.54.09:689][102]LogSlate: FSceneViewport::OnFocusLost() reason 0
[2019.05.17-01.54.11:772][165]LogSlate: FSceneViewport::OnFocusLost() reason 2
[2019.05.17-01.54.11:852][168]LogEditorViewport: Clicking Background
[2019.05.17-01.54.13:118][226]LogSlate: FSceneViewport::OnFocusLost() reason 2
[2019.05.17-01.54.13:211][229]LogEditorViewport: Clicking on Actor (LMB): StaticMeshActor (Floor)
[2019.05.17-01.54.14:519][272]LogSlate: FSceneViewport::OnFocusLost() reason 2
[2019.05.17-01.54.14:635][275]LogEditorViewport: Clicking Background
[2019.05.17-01.54.15:866][330]LogSlate: FSceneViewport::OnFocusLost() reason 2
[2019.05.17-01.54.15:978][335]LogEditorViewport: Clicking on Actor (LMB): StaticMeshActor (Floor)
[2019.05.17-01.54.18:367][430]LogSlate: FSceneViewport::OnFocusLost() reason 0
[2019.05.17-01.54.19:690][493]LogSlate: FSceneViewport::OnFocusLost() reason 0
[2019.05.17-01.54.20:728][528]LogSlate: FSceneViewport::OnFocusLost() reason 2
[2019.05.17-01.54.20:837][532]LogEditorViewport: Clicking on Actor (LMB): StaticMeshActor (Floor)
[2019.05.17-01.54.20:956][534]LogEditorViewport: Clicking on Actor (LMB): StaticMeshActor (Floor)
[2019.05.17-01.54.22:222][588]LogSlate: FSceneViewport::OnFocusLost() reason 0
[2019.05.17-01.54.24:229][646]LogEditorViewport: Clicking on Actor (LMB): BP_Train_C (BP_Train)
[2019.05.17-01.54.33:335][874]LogSlate: FSceneViewport::OnFocusLost() reason 2
[2019.05.17-01.54.33:367][874]Cmd: OBJ SAVEPACKAGE PACKAGE="/Game/Maps/Map" FILE="../../../../../../Users/juare/OneDrive/Documents/Unreal Projects/Crossy_road/Content/Maps/Map.umap" SILENT=true AUTOSAVING=false KEEPDIRTY=false
[2019.05.17-01.54.34:725][874]LogSavePackage: Moving '../../../../../../Users/juare/OneDrive/Documents/Unreal Projects/Crossy_road/Saved/Map8F1E0933422E577357F098A50CB465C2.tmp' to '../../../../../../Users/juare/OneDrive/Documents/Unreal Projects/Crossy_road/Content/Maps/Map.umap'
[2019.05.17-01.54.34:876][874]Cmd: OBJ SAVEPACKAGE PACKAGE="/Game/Maps/Map_BuiltData" FILE="../../../../../../Users/juare/OneDrive/Documents/Unreal Projects/Crossy_road/Content/Maps/Map_BuiltData.uasset" SILENT=true
[2019.05.17-01.54.35:041][874]LogSavePackage: Moving '../../../../../../Users/juare/OneDrive/Documents/Unreal Projects/Crossy_road/Saved/Map_BuiltData90FF60374996CF9BAF1B2C853674D176.tmp' to '../../../../../../Users/juare/OneDrive/Documents/Unreal Projects/Crossy_road/Content/Maps/Map_BuiltData.uasset'
[2019.05.17-01.54.37:728][930]LogEditorViewport: Clicking on Actor (LMB): PB_chicken_C (PB_chicken)
[2019.05.17-01.54.41:345][969]LogEditorViewport: Clicking on Actor (LMB): StaticMeshActor (Floor)
[2019.05.17-01.54.43:528][986]LogEditorViewport: Clicking on Actor (LMB): BP_Blue_car_C (BP_Blue_car)
[2019.05.17-01.54.49:478][ 24]Cmd: SELECT NONE
[2019.05.17-01.54.49:754][ 25]Cmd: SELECT NONE
[2019.05.17-01.54.49:827][ 26]Cmd: SELECT NONE
[2019.05.17-01.54.50:276][ 28]Cmd: SELECT NONE
[2019.05.17-01.54.50:283][ 28]Cmd: SELECT NONE
[2019.05.17-01.54.50:504][ 29]Cmd: SELECT NONE
[2019.05.17-01.54.50:633][ 31]Cmd: SELECT NONE
[2019.05.17-01.54.51:351][ 34]LogSlate: FSceneViewport::OnFocusLost() reason 0
[2019.05.17-01.54.53:558][ 36]LogSlate: Window 'Save Content' being destroyed
[2019.05.17-01.54.54:898][ 36]LogSlate: Window 'Crossy_road - Unreal Editor' being destroyed
[2019.05.17-01.54.57:334][ 37]Cmd: QUIT_EDITOR
[2019.05.17-01.54.57:845][ 37]LogWindowsTextInputMethodSystem: Display: IME system now deactivated.
[2019.05.17-01.54.58:055][ 37]LogExit: Preparing to exit.
[2019.05.17-01.54.59:593][ 37]LogExit: Editor shut down
[2019.05.17-01.54.59:602][ 37]LogExit: Transaction tracking system shut down
[2019.05.17-01.55.12:135][ 37]LogExit: Object subsystem successfully closed.
[2019.05.17-01.55.12:219][ 37]LogShaderCompilers: Display: Shaders left to compile 0
[2019.05.17-01.55.12:333][ 37]LogD3D11RHI: Shutdown
[2019.05.17-01.55.12:334][ 37]LogD3D11RHI: CleanupD3DDevice
